[BEGIN LOGGING AT 2019-06-24 11:25:11,868]
2019-06-24 11:25:14,770 [5] INFO  CalMotorsShit.FlashLogger : [行号:93   ] [2019-06-24 11:25:14,762]
当前图像时右侧-高位相机
2019-06-24 11:25:27,148 [5] INFO  CalMotorsShit.FlashLogger : [行号:93   ] [2019-06-24 11:25:27,148]
Up-Num =>0
2019-06-24 11:25:27,148 [5] INFO  CalMotorsShit.FlashLogger : [行号:93   ] [2019-06-24 11:25:27,148]
Bottom-Num =>2754
2019-06-24 11:25:27,148 [5] INFO  CalMotorsShit.FlashLogger : [行号:93   ] [2019-06-24 11:25:27,148]
Right-Num =>0
2019-06-24 11:25:27,149 [5] INFO  CalMotorsShit.FlashLogger : [行号:93   ] [2019-06-24 11:25:27,148]
Left-Num =>0
2019-06-24 11:25:27,718 [5] INFO  CalMotorsShit.FlashLogger : [行号:93   ] [2019-06-24 11:25:27,718]
X-Y均值计算质心：{X=2734.9, Y=1702.49}
外接矩形中心：{X=2738, Y=1700.561}
Hu矩计算质心：{X=2733.88, Y=1701.851}

2019-06-24 11:25:27,718 [5] INFO  CalMotorsShit.FlashLogger : [行号:93   ] [2019-06-24 11:25:27,718]
最小二乘法拟合直线斜率：0.336837354440398
外接矩形斜率：0.16339111328125

2019-06-24 11:25:27,719 [5] INFO  CalMotorsShit.FlashLogger : [行号:93   ] [2019-06-24 11:25:27,718]
24电机位移
#【0】1410.96299296491
#【1】1411.23100722618
#【2】1412.17322472539
#【3】0
#【4】0
#【5】651.622468489628
#【6】648.732556663033
#【7】654.812391504125
#【8】647.978144390249
#【9】653.420021362209
#【10】1418.13774815493
#【11】1421.58211717254
#【12】1415.21919000741
#【13】0
#【14】0
#【15】654.143466134389
#【16】650.80306464168
#【17】653.942956323623
#【18】648.819530307782
#【19】653.664858599822
#【20】653.664858599822
#【21】653.420021362209
#【22】647.978144390249
#【23】648.819530307782

2019-06-24 11:25:44,445 [5] INFO  CalMotorsShit.FlashLogger : [行号:93   ] [2019-06-24 11:25:44,445]
当前图像时右侧-高位相机
[BEGIN LOGGING AT 2019-06-24 11:27:56,223]
2019-06-24 11:27:57,872 [5] INFO  CalMotorsShit.FlashLogger : [行号:93   ] [2019-06-24 11:27:57,869]
当前图像时右侧-高位相机
2019-06-24 11:28:04,850 [5] INFO  CalMotorsShit.FlashLogger : [行号:93   ] [2019-06-24 11:28:04,850]
Up-Num =>0
2019-06-24 11:28:04,850 [5] INFO  CalMotorsShit.FlashLogger : [行号:93   ] [2019-06-24 11:28:04,850]
Bottom-Num =>2754
2019-06-24 11:28:04,850 [5] INFO  CalMotorsShit.FlashLogger : [行号:93   ] [2019-06-24 11:28:04,850]
Right-Num =>0
2019-06-24 11:28:04,850 [5] INFO  CalMotorsShit.FlashLogger : [行号:93   ] [2019-06-24 11:28:04,850]
Left-Num =>0
2019-06-24 11:28:05,300 [5] INFO  CalMotorsShit.FlashLogger : [行号:93   ] [2019-06-24 11:28:05,300]
X-Y均值计算质心：{X=2734.906, Y=1702.485}
外接矩形中心：{X=2738, Y=1700.561}
Hu矩计算质心：{X=2733.867, Y=1701.842}

2019-06-24 11:28:05,300 [5] INFO  CalMotorsShit.FlashLogger : [行号:93   ] [2019-06-24 11:28:05,300]
最小二乘法拟合直线斜率：0.337954509992353
外接矩形斜率：0.16339111328125

2019-06-24 11:28:05,300 [5] INFO  CalMotorsShit.FlashLogger : [行号:93   ] [2019-06-24 11:28:05,300]
24电机位移
#【0】1410.96299296491
#【1】1411.23710476236
#【2】1412.20066363821
#【3】0
#【4】0
#【5】651.636036955488
#【6】648.735506503546
#【7】654.838940068741
#【8】647.984186661753
#【9】653.483657467092
#【10】1418.14425219352
#【11】1421.58516594063
#【12】1415.21919000741
#【13】0
#【14】0
#【15】654.148893520733
#【16】650.804539561936
#【17】653.948856004649
#【18】648.822551443534
#【19】653.667888890531
#【20】653.667888890531
#【21】653.483657467092
#【22】647.984186661753
#【23】648.822551443534

[BEGIN LOGGING AT 2019-06-24 11:30:15,167]
2019-06-24 11:30:17,176 [5] INFO  CalMotorsShit.FlashLogger : [行号:93   ] [2019-06-24 11:30:17,160]
当前图像时右侧-高位相机
2019-06-24 11:37:01,869 [5] INFO  CalMotorsShit.FlashLogger : [行号:93   ] [2019-06-24 11:37:01,869]
Up-Num =>0
2019-06-24 11:37:01,869 [5] INFO  CalMotorsShit.FlashLogger : [行号:93   ] [2019-06-24 11:37:01,869]
Bottom-Num =>2686
2019-06-24 11:37:01,870 [5] INFO  CalMotorsShit.FlashLogger : [行号:93   ] [2019-06-24 11:37:01,869]
Right-Num =>0
2019-06-24 11:37:01,870 [5] INFO  CalMotorsShit.FlashLogger : [行号:93   ] [2019-06-24 11:37:01,869]
Left-Num =>0
2019-06-24 11:37:02,433 [5] INFO  CalMotorsShit.FlashLogger : [行号:93   ] [2019-06-24 11:37:02,433]
X-Y均值计算质心：{X=2734.906, Y=1702.485}
外接矩形中心：{X=2738, Y=1700.561}
Hu矩计算质心：{X=2733.867, Y=1701.842}

2019-06-24 11:37:02,433 [5] INFO  CalMotorsShit.FlashLogger : [行号:93   ] [2019-06-24 11:37:02,433]
最小二乘法拟合直线斜率：0.337954509992353
外接矩形斜率：0.16339111328125

2019-06-24 11:37:02,434 [5] INFO  CalMotorsShit.FlashLogger : [行号:93   ] [2019-06-24 11:37:02,433]
24电机位移
#【0】1410.96177685085
#【1】1411.23486473179
#【2】1412.16907686092
#【3】0
#【4】0
#【5】651.639009185492
#【6】648.783800938281
#【7】654.837811843356
#【8】648.097038894158
#【9】653.685263225634
#【10】1418.14803083364
#【11】1421.54428767963
#【12】1415.2410497627
#【13】0
#【14】0
#【15】654.152901785195
#【16】650.916723591412
#【17】653.950421574014
#【18】648.810023366158
#【19】653.668653850622
#【20】653.668653850622
#【21】653.685263225634
#【22】648.097038894158
#【23】648.810023366158

[BEGIN LOGGING AT 2019-06-24 11:37:09,089]
2019-06-24 11:37:10,880 [5] INFO  CalMotorsShit.FlashLogger : [行号:93   ] [2019-06-24 11:37:10,877]
当前图像时右侧-高位相机
