[BEGIN LOGGING AT 2019-06-01 16:22:17,149]
2019-06-01 16:22:27,528 [5] INFO  CalMotorsShit.FlashLogger : [行号:93   ] [2019-06-01 16:22:27,526]
Up-Num =>0
2019-06-01 16:22:27,592 [5] INFO  CalMotorsShit.FlashLogger : [行号:93   ] [2019-06-01 16:22:27,527]
Bottom-Num =>2777
2019-06-01 16:22:27,592 [5] INFO  CalMotorsShit.FlashLogger : [行号:93   ] [2019-06-01 16:22:27,527]
Right-Num =>0
2019-06-01 16:22:27,592 [5] INFO  CalMotorsShit.FlashLogger : [行号:93   ] [2019-06-01 16:22:27,527]
Left-Num =>0
2019-06-01 16:22:27,814 [5] INFO  CalMotorsShit.FlashLogger : [行号:93   ] [2019-06-01 16:22:27,814]
{X=2838.043, Y=1952.822}
2019-06-01 16:22:27,814 [5] INFO  CalMotorsShit.FlashLogger : [行号:93   ] [2019-06-01 16:22:27,814]
{X=2838.39, Y=1953.426}
2019-06-01 16:22:27,815 [5] INFO  CalMotorsShit.FlashLogger : [行号:93   ] [2019-06-01 16:22:27,814]
-0.151854831714747
2019-06-01 16:22:27,815 [5] INFO  CalMotorsShit.FlashLogger : [行号:93   ] [2019-06-01 16:22:27,814]
-0.194551974534988
2019-06-01 16:22:27,815 [5] INFO  CalMotorsShit.FlashLogger : [行号:93   ] [2019-06-01 16:22:27,814]
#【0】1485.85756011572
#【1】1483.14739338901
#【2】1487.28184873697
#【3】7138.65002620986
#【4】7139.64737233395
#【5】1100.78411193707
#【6】1101.06083525677
#【7】1101.19902868493
#【8】1101.75259717751
#【9】1101.40848684049
#【10】1487.37006635946
#【11】1487.68678432414
#【12】1485.5667680118
#【13】7138.65002620986
#【14】7139.64737233395
#【15】1103.90684465162
#【16】1103.92772159129
#【17】1104.91796456678
#【18】1104.22276267038
#【19】1106.12877228355
#【20】1106.12877228355
#【21】1101.40848684049
#【22】1101.75259717751
#【23】1104.22276267038

[BEGIN LOGGING AT 2019-06-01 16:23:13,246]
2019-06-01 16:23:17,292 [5] INFO  CalMotorsShit.FlashLogger : [行号:93   ] [2019-06-01 16:23:17,290]
Up-Num =>0
2019-06-01 16:23:17,315 [5] INFO  CalMotorsShit.FlashLogger : [行号:93   ] [2019-06-01 16:23:17,291]
Bottom-Num =>2777
2019-06-01 16:23:17,315 [5] INFO  CalMotorsShit.FlashLogger : [行号:93   ] [2019-06-01 16:23:17,291]
Right-Num =>0
2019-06-01 16:23:17,315 [5] INFO  CalMotorsShit.FlashLogger : [行号:93   ] [2019-06-01 16:23:17,291]
Left-Num =>0
2019-06-01 16:23:17,572 [5] INFO  CalMotorsShit.FlashLogger : [行号:93   ] [2019-06-01 16:23:17,572]
{X=2838.043, Y=1952.822}
2019-06-01 16:23:17,572 [5] INFO  CalMotorsShit.FlashLogger : [行号:93   ] [2019-06-01 16:23:17,572]
{X=2838.39, Y=1953.426}
2019-06-01 16:23:17,573 [5] INFO  CalMotorsShit.FlashLogger : [行号:93   ] [2019-06-01 16:23:17,572]
-0.151854831714747
2019-06-01 16:23:17,573 [5] INFO  CalMotorsShit.FlashLogger : [行号:93   ] [2019-06-01 16:23:17,572]
-0.194551974534988
2019-06-01 16:23:17,573 [5] INFO  CalMotorsShit.FlashLogger : [行号:93   ] [2019-06-01 16:23:17,572]
#【0】1485.85756011572
#【1】1483.14739338901
#【2】1487.28184873697
#【3】7138.65002620986
#【4】7139.64737233395
#【5】1100.78411193707
#【6】1101.06083525677
#【7】1101.19902868493
#【8】1101.75259717751
#【9】1101.40848684049
#【10】1487.37006635946
#【11】1487.68678432414
#【12】1485.5667680118
#【13】7138.65002620986
#【14】7139.64737233395
#【15】1103.90684465162
#【16】1103.92772159129
#【17】1104.91796456678
#【18】1104.22276267038
#【19】1106.12877228355
#【20】1106.12877228355
#【21】1101.40848684049
#【22】1101.75259717751
#【23】1104.22276267038

[BEGIN LOGGING AT 2019-06-01 16:24:11,631]
2019-06-01 16:24:15,975 [5] INFO  CalMotorsShit.FlashLogger : [行号:93   ] [2019-06-01 16:24:15,973]
Up-Num =>0
2019-06-01 16:24:15,999 [5] INFO  CalMotorsShit.FlashLogger : [行号:93   ] [2019-06-01 16:24:15,974]
Bottom-Num =>2777
2019-06-01 16:24:15,999 [5] INFO  CalMotorsShit.FlashLogger : [行号:93   ] [2019-06-01 16:24:15,974]
Right-Num =>0
2019-06-01 16:24:15,999 [5] INFO  CalMotorsShit.FlashLogger : [行号:93   ] [2019-06-01 16:24:15,974]
Left-Num =>0
2019-06-01 16:24:16,256 [5] INFO  CalMotorsShit.FlashLogger : [行号:93   ] [2019-06-01 16:24:16,256]
{X=2838.043, Y=1952.822}
2019-06-01 16:24:16,256 [5] INFO  CalMotorsShit.FlashLogger : [行号:93   ] [2019-06-01 16:24:16,256]
{X=2838.39, Y=1953.426}
2019-06-01 16:24:16,256 [5] INFO  CalMotorsShit.FlashLogger : [行号:93   ] [2019-06-01 16:24:16,256]
-0.151854831714747
2019-06-01 16:24:16,257 [5] INFO  CalMotorsShit.FlashLogger : [行号:93   ] [2019-06-01 16:24:16,256]
-0.194551974534988
2019-06-01 16:24:16,257 [5] INFO  CalMotorsShit.FlashLogger : [行号:93   ] [2019-06-01 16:24:16,256]
#【0】1485.93601831534
#【1】1483.21115691514
#【2】1487.36586484242
#【3】7138.65002620986
#【4】7139.64737233395
#【5】1100.78411193707
#【6】1101.06083525677
#【7】1101.19902868493
#【8】1101.75259717751
#【9】1101.40848684049
#【10】1487.37006635946
#【11】1487.61273896067
#【12】1485.50803583673
#【13】7138.65002620986
#【14】7139.64737233395
#【15】1103.90684465162
#【16】1103.92772159129
#【17】1104.91796456678
#【18】1104.22276267038
#【19】1106.12877228355
#【20】1106.12877228355
#【21】1101.40848684049
#【22】1101.75259717751
#【23】1104.22276267038

[BEGIN LOGGING AT 2019-06-01 16:24:36,527]
2019-06-01 16:24:40,805 [5] INFO  CalMotorsShit.FlashLogger : [行号:93   ] [2019-06-01 16:24:40,803]
Up-Num =>0
2019-06-01 16:24:40,829 [5] INFO  CalMotorsShit.FlashLogger : [行号:93   ] [2019-06-01 16:24:40,804]
Bottom-Num =>2777
2019-06-01 16:24:40,830 [5] INFO  CalMotorsShit.FlashLogger : [行号:93   ] [2019-06-01 16:24:40,804]
Right-Num =>0
2019-06-01 16:24:40,830 [5] INFO  CalMotorsShit.FlashLogger : [行号:93   ] [2019-06-01 16:24:40,804]
Left-Num =>0
2019-06-01 16:24:41,085 [5] INFO  CalMotorsShit.FlashLogger : [行号:93   ] [2019-06-01 16:24:41,085]
{X=2838.043, Y=1952.822}
2019-06-01 16:24:41,086 [5] INFO  CalMotorsShit.FlashLogger : [行号:93   ] [2019-06-01 16:24:41,085]
{X=2838.39, Y=1953.426}
2019-06-01 16:24:41,086 [5] INFO  CalMotorsShit.FlashLogger : [行号:93   ] [2019-06-01 16:24:41,085]
-0.151854831714747
2019-06-01 16:24:41,086 [5] INFO  CalMotorsShit.FlashLogger : [行号:93   ] [2019-06-01 16:24:41,085]
-0.194551974534988
2019-06-01 16:24:41,086 [5] INFO  CalMotorsShit.FlashLogger : [行号:93   ] [2019-06-01 16:24:41,085]
#【0】1485.99878487504
#【1】1483.25711976122
#【2】1487.42352263158
#【3】7138.65002620986
#【4】7139.64737233395
#【5】1100.78411193707
#【6】1101.06083525677
#【7】1101.19902868493
#【8】1101.75259717751
#【9】1101.40848684049
#【10】1487.37006635946
#【11】1487.59501344368
#【12】1485.49931280185
#【13】7138.65002620986
#【14】7139.64737233395
#【15】1103.90684465162
#【16】1103.92772159129
#【17】1104.91796456678
#【18】1104.22276267038
#【19】1106.12877228355
#【20】1106.12877228355
#【21】1101.40848684049
#【22】1101.75259717751
#【23】1104.22276267038

[BEGIN LOGGING AT 2019-06-01 16:31:05,162]
2019-06-01 16:31:09,789 [5] INFO  CalMotorsShit.FlashLogger : [行号:93   ] [2019-06-01 16:31:09,786]
Up-Num =>0
2019-06-01 16:31:09,812 [5] INFO  CalMotorsShit.FlashLogger : [行号:93   ] [2019-06-01 16:31:09,787]
Bottom-Num =>2777
2019-06-01 16:31:09,813 [5] INFO  CalMotorsShit.FlashLogger : [行号:93   ] [2019-06-01 16:31:09,788]
Right-Num =>0
2019-06-01 16:31:09,813 [5] INFO  CalMotorsShit.FlashLogger : [行号:93   ] [2019-06-01 16:31:09,788]
Left-Num =>0
2019-06-01 16:31:10,074 [5] INFO  CalMotorsShit.FlashLogger : [行号:93   ] [2019-06-01 16:31:10,074]
{X=2838.043, Y=1952.822}
2019-06-01 16:31:10,075 [5] INFO  CalMotorsShit.FlashLogger : [行号:93   ] [2019-06-01 16:31:10,074]
{X=2838.39, Y=1953.426}
2019-06-01 16:31:10,075 [5] INFO  CalMotorsShit.FlashLogger : [行号:93   ] [2019-06-01 16:31:10,074]
-0.151854831714747
2019-06-01 16:31:10,075 [5] INFO  CalMotorsShit.FlashLogger : [行号:93   ] [2019-06-01 16:31:10,074]
-0.194551974534988
2019-06-01 16:31:10,075 [5] INFO  CalMotorsShit.FlashLogger : [行号:93   ] [2019-06-01 16:31:10,075]
#【0】1485.993546815
#【1】1483.61930935295
#【2】1487.28270513069
#【3】1481.48349693674
#【4】1488.23043394544
#【5】1100.75571774308
#【6】1101.05489926564
#【7】1101.13408534316
#【8】1101.45611226096
#【9】1101.46354717053
#【10】1487.41513344201
#【11】1487.73833445001
#【12】1485.65016824941
#【13】1486.69126116745
#【14】1484.58796236937
#【15】1103.91717203959
#【16】1103.87448869758
#【17】1104.71712829095
#【18】1104.19782733761
#【19】1105.85868505461
#【20】1105.85868505461
#【21】1101.46354717053
#【22】1101.45611226096
#【23】1104.19782733761

[BEGIN LOGGING AT 2019-06-01 16:40:03,158]
2019-06-01 16:40:08,733 [5] INFO  CalMotorsShit.FlashLogger : [行号:93   ] [2019-06-01 16:40:08,731]
Up-Num =>0
2019-06-01 16:40:08,755 [5] INFO  CalMotorsShit.FlashLogger : [行号:93   ] [2019-06-01 16:40:08,732]
Bottom-Num =>2777
2019-06-01 16:40:08,755 [5] INFO  CalMotorsShit.FlashLogger : [行号:93   ] [2019-06-01 16:40:08,732]
Right-Num =>0
2019-06-01 16:40:08,756 [5] INFO  CalMotorsShit.FlashLogger : [行号:93   ] [2019-06-01 16:40:08,732]
Left-Num =>0
2019-06-01 16:40:09,014 [5] INFO  CalMotorsShit.FlashLogger : [行号:93   ] [2019-06-01 16:40:09,014]
{X=2838.043, Y=1952.822}
2019-06-01 16:40:09,014 [5] INFO  CalMotorsShit.FlashLogger : [行号:93   ] [2019-06-01 16:40:09,014]
{X=2838.39, Y=1953.426}
2019-06-01 16:40:09,014 [5] INFO  CalMotorsShit.FlashLogger : [行号:93   ] [2019-06-01 16:40:09,014]
-0.151854831714747
2019-06-01 16:40:09,015 [5] INFO  CalMotorsShit.FlashLogger : [行号:93   ] [2019-06-01 16:40:09,014]
-0.194551974534988
2019-06-01 16:40:09,015 [5] INFO  CalMotorsShit.FlashLogger : [行号:93   ] [2019-06-01 16:40:09,014]
#【0】1485.993546815
#【1】1483.61930935295
#【2】1487.28270513069
#【3】1481.48349693674
#【4】1488.23043394544
#【5】1100.75571774308
#【6】1101.05489926564
#【7】1101.13408534316
#【8】1101.45611226096
#【9】1101.46354717053
#【10】1487.41513344201
#【11】1487.73833445001
#【12】1485.65016824941
#【13】1486.69126116745
#【14】1484.58796236937
#【15】1103.91717203959
#【16】1103.87448869758
#【17】1104.71712829095
#【18】1104.19782733761
#【19】1105.85868505461
#【20】1105.85868505461
#【21】1101.46354717053
#【22】1101.45611226096
#【23】1104.19782733761

[BEGIN LOGGING AT 2019-06-01 16:43:40,397]
2019-06-01 16:43:45,239 [5] INFO  CalMotorsShit.FlashLogger : [行号:93   ] [2019-06-01 16:43:45,237]
Up-Num =>0
2019-06-01 16:43:45,263 [5] INFO  CalMotorsShit.FlashLogger : [行号:93   ] [2019-06-01 16:43:45,238]
Bottom-Num =>2698
2019-06-01 16:43:45,264 [5] INFO  CalMotorsShit.FlashLogger : [行号:93   ] [2019-06-01 16:43:45,238]
Right-Num =>0
2019-06-01 16:43:45,264 [5] INFO  CalMotorsShit.FlashLogger : [行号:93   ] [2019-06-01 16:43:45,238]
Left-Num =>0
2019-06-01 16:43:45,515 [5] INFO  CalMotorsShit.FlashLogger : [行号:93   ] [2019-06-01 16:43:45,515]
{X=2712.598, Y=1928.522}
2019-06-01 16:43:45,516 [5] INFO  CalMotorsShit.FlashLogger : [行号:93   ] [2019-06-01 16:43:45,515]
{X=2712.541, Y=1928.594}
2019-06-01 16:43:45,516 [5] INFO  CalMotorsShit.FlashLogger : [行号:93   ] [2019-06-01 16:43:45,515]
-0.489389355341782
2019-06-01 16:43:45,516 [5] INFO  CalMotorsShit.FlashLogger : [行号:93   ] [2019-06-01 16:43:45,515]
-0.600219547748566
2019-06-01 16:43:45,516 [5] INFO  CalMotorsShit.FlashLogger : [行号:93   ] [2019-06-01 16:43:45,515]
#【0】1083.82434207262
#【1】1082.58521701523
#【2】1085.64563479847
#【3】1082.09994107289
#【4】1086.55567963058
#【5】1446.68389253835
#【6】1444.9518019758
#【7】1448.59495746375
#【8】1442.9526016663
#【9】1448.72342640021
#【10】1080.51109368823
#【11】1080.60879111878
#【12】1081.48076361768
#【13】1081.85456814505
#【14】1080.85233801003
#【15】1448.21413802791
#【16】1449.78860155646
#【17】1446.95274145968
#【18】1449.22057421454
#【19】1446.4578210238
#【20】1446.4578210238
#【21】1448.72342640021
#【22】1442.9526016663
#【23】1449.22057421454

[BEGIN LOGGING AT 2019-06-01 16:51:40,733]
2019-06-01 16:51:45,958 [5] INFO  CalMotorsShit.FlashLogger : [行号:93   ] [2019-06-01 16:51:45,956]
Up-Num =>0
2019-06-01 16:51:45,981 [5] INFO  CalMotorsShit.FlashLogger : [行号:93   ] [2019-06-01 16:51:45,957]
Bottom-Num =>2877
2019-06-01 16:51:45,981 [5] INFO  CalMotorsShit.FlashLogger : [行号:93   ] [2019-06-01 16:51:45,957]
Right-Num =>0
2019-06-01 16:51:45,982 [5] INFO  CalMotorsShit.FlashLogger : [行号:93   ] [2019-06-01 16:51:45,957]
Left-Num =>0
2019-06-01 16:51:46,252 [5] INFO  CalMotorsShit.FlashLogger : [行号:93   ] [2019-06-01 16:51:46,252]
{X=2838.043, Y=1952.822}
2019-06-01 16:51:46,253 [5] INFO  CalMotorsShit.FlashLogger : [行号:93   ] [2019-06-01 16:51:46,252]
{X=2838.39, Y=1953.426}
2019-06-01 16:51:46,253 [5] INFO  CalMotorsShit.FlashLogger : [行号:93   ] [2019-06-01 16:51:46,252]
-0.154243464763856
2019-06-01 16:51:46,253 [5] INFO  CalMotorsShit.FlashLogger : [行号:93   ] [2019-06-01 16:51:46,252]
-0.194551974534988
2019-06-01 16:51:46,253 [5] INFO  CalMotorsShit.FlashLogger : [行号:93   ] [2019-06-01 16:51:46,252]
#【0】1485.98520663825
#【1】1483.71333766844
#【2】1487.22681403626
#【3】1481.50228814681
#【4】1488.20697629838
#【5】1100.75160715996
#【6】1101.02065910279
#【7】1101.15031891436
#【8】1101.33330237726
#【9】1101.58513606335
#【10】1487.42190736299
#【11】1487.73425561312
#【12】1485.6825573879
#【13】1486.67600900536
#【14】1484.70671163049
#【15】1103.91573362548
#【16】1103.90743036299
#【17】1104.66832204706
#【18】1104.26306402421
#【19】1105.53206127794
#【20】1105.53206127794
#【21】1101.58513606335
#【22】1101.33330237726
#【23】1104.26306402421

[BEGIN LOGGING AT 2019-06-01 16:57:24,917]
2019-06-01 16:57:29,370 [5] INFO  CalMotorsShit.FlashLogger : [行号:93   ] [2019-06-01 16:57:29,367]
Up-Num =>0
2019-06-01 16:57:29,393 [5] INFO  CalMotorsShit.FlashLogger : [行号:93   ] [2019-06-01 16:57:29,369]
Bottom-Num =>2974
2019-06-01 16:57:29,393 [5] INFO  CalMotorsShit.FlashLogger : [行号:93   ] [2019-06-01 16:57:29,369]
Right-Num =>0
2019-06-01 16:57:29,393 [5] INFO  CalMotorsShit.FlashLogger : [行号:93   ] [2019-06-01 16:57:29,369]
Left-Num =>0
2019-06-01 16:57:29,672 [5] INFO  CalMotorsShit.FlashLogger : [行号:93   ] [2019-06-01 16:57:29,672]
{X=2838.043, Y=1952.822}
2019-06-01 16:57:29,672 [5] INFO  CalMotorsShit.FlashLogger : [行号:93   ] [2019-06-01 16:57:29,672]
{X=2838.39, Y=1953.426}
2019-06-01 16:57:29,672 [5] INFO  CalMotorsShit.FlashLogger : [行号:93   ] [2019-06-01 16:57:29,672]
-0.154243464763856
2019-06-01 16:57:29,673 [5] INFO  CalMotorsShit.FlashLogger : [行号:93   ] [2019-06-01 16:57:29,672]
-0.194551974534988
2019-06-01 16:57:29,673 [5] INFO  CalMotorsShit.FlashLogger : [行号:93   ] [2019-06-01 16:57:29,672]
#【0】1485.98520663825
#【1】1483.71333766844
#【2】1487.22681403626
#【3】1481.50228814681
#【4】1488.20697629838
#【5】1100.75160715996
#【6】1101.02065910279
#【7】1101.15031891436
#【8】1101.33330237726
#【9】1101.58513606335
#【10】1487.42190736299
#【11】1487.73425561312
#【12】1485.6825573879
#【13】1486.67600900536
#【14】1484.70671163049
#【15】1103.91593329839
#【16】1103.90834967346
#【17】1104.67373909236
#【18】1104.26419028567
#【19】1105.16102410638
#【20】1105.16102410638
#【21】1101.58513606335
#【22】1101.33330237726
#【23】1104.26419028567

[BEGIN LOGGING AT 2019-06-01 16:57:56,082]
2019-06-01 16:58:00,234 [5] INFO  CalMotorsShit.FlashLogger : [行号:93   ] [2019-06-01 16:58:00,232]
Up-Num =>0
2019-06-01 16:58:00,258 [5] INFO  CalMotorsShit.FlashLogger : [行号:93   ] [2019-06-01 16:58:00,233]
Bottom-Num =>2962
2019-06-01 16:58:00,259 [5] INFO  CalMotorsShit.FlashLogger : [行号:93   ] [2019-06-01 16:58:00,233]
Right-Num =>0
2019-06-01 16:58:00,259 [5] INFO  CalMotorsShit.FlashLogger : [行号:93   ] [2019-06-01 16:58:00,233]
Left-Num =>0
2019-06-01 16:58:00,536 [5] INFO  CalMotorsShit.FlashLogger : [行号:93   ] [2019-06-01 16:58:00,536]
{X=2838.043, Y=1952.822}
2019-06-01 16:58:00,536 [5] INFO  CalMotorsShit.FlashLogger : [行号:93   ] [2019-06-01 16:58:00,536]
{X=2838.39, Y=1953.426}
2019-06-01 16:58:00,536 [5] INFO  CalMotorsShit.FlashLogger : [行号:93   ] [2019-06-01 16:58:00,536]
-0.154243464763856
2019-06-01 16:58:00,537 [5] INFO  CalMotorsShit.FlashLogger : [行号:93   ] [2019-06-01 16:58:00,536]
-0.194551974534988
2019-06-01 16:58:00,537 [5] INFO  CalMotorsShit.FlashLogger : [行号:93   ] [2019-06-01 16:58:00,536]
#【0】1485.98520663825
#【1】1483.71333766844
#【2】1487.22681403626
#【3】1481.50228814681
#【4】1488.20697629838
#【5】1100.75160715996
#【6】1101.02065910279
#【7】1101.15031891436
#【8】1101.33330237726
#【9】1101.58513606335
#【10】1487.42190736299
#【11】1487.73425561312
#【12】1485.6825573879
#【13】1486.67600900536
#【14】1484.70671163049
#【15】1103.91606641366
#【16】1103.90896254712
#【17】1104.6773504559
#【18】1104.26494112665
#【19】1105.29927560934
#【20】1105.29927560934
#【21】1101.58513606335
#【22】1101.33330237726
#【23】1104.26494112665

[BEGIN LOGGING AT 2019-06-01 16:58:54,656]
2019-06-01 16:58:58,812 [5] INFO  CalMotorsShit.FlashLogger : [行号:93   ] [2019-06-01 16:58:58,810]
Up-Num =>0
2019-06-01 16:58:58,835 [5] INFO  CalMotorsShit.FlashLogger : [行号:93   ] [2019-06-01 16:58:58,811]
Bottom-Num =>2937
2019-06-01 16:58:58,835 [5] INFO  CalMotorsShit.FlashLogger : [行号:93   ] [2019-06-01 16:58:58,811]
Right-Num =>0
2019-06-01 16:58:58,835 [5] INFO  CalMotorsShit.FlashLogger : [行号:93   ] [2019-06-01 16:58:58,811]
Left-Num =>0
2019-06-01 16:58:59,119 [5] INFO  CalMotorsShit.FlashLogger : [行号:93   ] [2019-06-01 16:58:59,119]
{X=2838.043, Y=1952.822}
2019-06-01 16:58:59,120 [5] INFO  CalMotorsShit.FlashLogger : [行号:93   ] [2019-06-01 16:58:59,119]
{X=2838.39, Y=1953.426}
2019-06-01 16:58:59,120 [5] INFO  CalMotorsShit.FlashLogger : [行号:93   ] [2019-06-01 16:58:59,119]
-0.154243464763856
2019-06-01 16:58:59,120 [5] INFO  CalMotorsShit.FlashLogger : [行号:93   ] [2019-06-01 16:58:59,119]
-0.194551974534988
2019-06-01 16:58:59,120 [5] INFO  CalMotorsShit.FlashLogger : [行号:93   ] [2019-06-01 16:58:59,119]
#【0】1485.98520663825
#【1】1483.71333766844
#【2】1487.22681403626
#【3】1481.50228814681
#【4】1488.20697629838
#【5】1100.75160715996
#【6】1101.02065910279
#【7】1101.15031891436
#【8】1101.33330237726
#【9】1101.58513606335
#【10】1487.42190736299
#【11】1487.73425561312
#【12】1485.6825573879
#【13】1486.67600900536
#【14】1484.70671163049
#【15】1103.91573362548
#【16】1103.90743036299
#【17】1104.66832204706
#【18】1104.26306402421
#【19】1105.44778994998
#【20】1105.44778994998
#【21】1101.58513606335
#【22】1101.33330237726
#【23】1104.26306402421

[BEGIN LOGGING AT 2019-06-01 16:59:19,962]
2019-06-01 16:59:23,835 [5] INFO  CalMotorsShit.FlashLogger : [行号:93   ] [2019-06-01 16:59:23,832]
Up-Num =>0
2019-06-01 16:59:23,859 [5] INFO  CalMotorsShit.FlashLogger : [行号:93   ] [2019-06-01 16:59:23,833]
Bottom-Num =>2937
2019-06-01 16:59:23,859 [5] INFO  CalMotorsShit.FlashLogger : [行号:93   ] [2019-06-01 16:59:23,833]
Right-Num =>0
2019-06-01 16:59:23,859 [5] INFO  CalMotorsShit.FlashLogger : [行号:93   ] [2019-06-01 16:59:23,833]
Left-Num =>0
2019-06-01 16:59:24,154 [5] INFO  CalMotorsShit.FlashLogger : [行号:93   ] [2019-06-01 16:59:24,154]
{X=2838.043, Y=1952.822}
2019-06-01 16:59:24,154 [5] INFO  CalMotorsShit.FlashLogger : [行号:93   ] [2019-06-01 16:59:24,154]
{X=2838.39, Y=1953.426}
2019-06-01 16:59:24,154 [5] INFO  CalMotorsShit.FlashLogger : [行号:93   ] [2019-06-01 16:59:24,154]
-0.155195889864921
2019-06-01 16:59:24,155 [5] INFO  CalMotorsShit.FlashLogger : [行号:93   ] [2019-06-01 16:59:24,154]
-0.194551974534988
2019-06-01 16:59:24,155 [5] INFO  CalMotorsShit.FlashLogger : [行号:93   ] [2019-06-01 16:59:24,154]
#【0】1485.98427553832
#【1】1483.7226547587
#【2】1487.21563479238
#【3】1481.5177059825
#【4】1488.18969636433
#【5】1100.75162424126
#【6】1101.00910655418
#【7】1101.16190559559
#【8】1101.31349648811
#【9】1101.56841536604
#【10】1487.42190708735
#【11】1487.72400723526
#【12】1485.69280527856
#【13】1486.6591779614
#【14】1484.72354227854
#【15】1103.91575056475
#【16】1103.91901692046
#【17】1104.65676933471
#【18】1104.28290389223
#【19】1105.43609979175
#【20】1105.43609979175
#【21】1101.56841536604
#【22】1101.31349648811
#【23】1104.28290389223

[BEGIN LOGGING AT 2019-06-01 17:06:29,321]
2019-06-01 17:06:35,613 [5] INFO  CalMotorsShit.FlashLogger : [行号:93   ] [2019-06-01 17:06:35,611]
Up-Num =>0
2019-06-01 17:06:35,637 [5] INFO  CalMotorsShit.FlashLogger : [行号:93   ] [2019-06-01 17:06:35,612]
Bottom-Num =>2865
2019-06-01 17:06:35,638 [5] INFO  CalMotorsShit.FlashLogger : [行号:93   ] [2019-06-01 17:06:35,612]
Right-Num =>0
2019-06-01 17:06:35,638 [5] INFO  CalMotorsShit.FlashLogger : [行号:93   ] [2019-06-01 17:06:35,612]
Left-Num =>0
2019-06-01 17:06:35,822 [5] INFO  CalMotorsShit.FlashLogger : [行号:93   ] [2019-06-01 17:06:35,822]
{X=2852.61, Y=1361.044}
2019-06-01 17:06:35,822 [5] INFO  CalMotorsShit.FlashLogger : [行号:93   ] [2019-06-01 17:06:35,822]
{X=2847.973, Y=1360.212}
2019-06-01 17:06:35,822 [5] INFO  CalMotorsShit.FlashLogger : [行号:93   ] [2019-06-01 17:06:35,822]
-3.34040518514192
2019-06-01 17:06:35,823 [5] INFO  CalMotorsShit.FlashLogger : [行号:93   ] [2019-06-01 17:06:35,822]
-3.33864164352417
2019-06-01 17:06:35,823 [5] INFO  CalMotorsShit.FlashLogger : [行号:93   ] [2019-06-01 17:06:35,822]
#【0】706.878130229565
#【1】705.606061913398
#【2】705.305647875625
#【3】706.421084746332
#【4】705.814287930759
#【5】1418.65931656117
#【6】1420.26804278732
#【7】1419.47871827828
#【8】0
#【9】0
#【10】707.091136186546
#【11】707.641071959654
#【12】707.44329331158
#【13】708.688742569892
#【14】708.972265615924
#【15】1407.75311264234
#【16】1406.48043120008
#【17】1411.5564735764
#【18】0
#【19】0
#【20】0
#【21】0
#【22】0
#【23】0

[BEGIN LOGGING AT 2019-06-01 17:10:55,281]
2019-06-01 17:10:59,676 [5] INFO  CalMotorsShit.FlashLogger : [行号:93   ] [2019-06-01 17:10:59,674]
Up-Num =>0
2019-06-01 17:10:59,699 [5] INFO  CalMotorsShit.FlashLogger : [行号:93   ] [2019-06-01 17:10:59,675]
Bottom-Num =>2865
2019-06-01 17:10:59,699 [5] INFO  CalMotorsShit.FlashLogger : [行号:93   ] [2019-06-01 17:10:59,675]
Right-Num =>0
2019-06-01 17:10:59,699 [5] INFO  CalMotorsShit.FlashLogger : [行号:93   ] [2019-06-01 17:10:59,675]
Left-Num =>0
2019-06-01 17:10:59,890 [5] INFO  CalMotorsShit.FlashLogger : [行号:93   ] [2019-06-01 17:10:59,890]
{X=2852.138, Y=1362.008}
2019-06-01 17:10:59,890 [5] INFO  CalMotorsShit.FlashLogger : [行号:93   ] [2019-06-01 17:10:59,890]
{X=2847.501, Y=1361.02}
2019-06-01 17:10:59,890 [5] INFO  CalMotorsShit.FlashLogger : [行号:93   ] [2019-06-01 17:10:59,890]
-3.33495926416202
2019-06-01 17:10:59,891 [5] INFO  CalMotorsShit.FlashLogger : [行号:93   ] [2019-06-01 17:10:59,890]
-3.33223676681519
2019-06-01 17:10:59,891 [5] INFO  CalMotorsShit.FlashLogger : [行号:93   ] [2019-06-01 17:10:59,890]
#【0】1417.94746378153
#【1】1419.56021733658
#【2】1418.54899964127
#【3】0
#【4】0
#【5】707.24627417539
#【6】707.639529734235
#【7】707.445416991067
#【8】708.376172139263
#【9】708.615735295018
#【10】1406.56607964801
#【11】1405.64645981949
#【12】1409.87109093514
#【13】0
#【14】0
#【15】705.916877547201
#【16】704.57306140855
#【17】704.416860190204
#【18】705.384730163392
#【19】704.956834010247
#【20】704.956834010247
#【21】708.615735295018
#【22】708.376172139263
#【23】705.384730163392

[BEGIN LOGGING AT 2019-06-01 17:31:21,815]
2019-06-01 17:31:28,280 [5] INFO  CalMotorsShit.FlashLogger : [行号:93   ] [2019-06-01 17:31:28,278]
Up-Num =>0
2019-06-01 17:31:28,304 [5] INFO  CalMotorsShit.FlashLogger : [行号:93   ] [2019-06-01 17:31:28,279]
Bottom-Num =>2937
2019-06-01 17:31:28,304 [5] INFO  CalMotorsShit.FlashLogger : [行号:93   ] [2019-06-01 17:31:28,279]
Right-Num =>0
2019-06-01 17:31:28,305 [5] INFO  CalMotorsShit.FlashLogger : [行号:93   ] [2019-06-01 17:31:28,279]
Left-Num =>0
2019-06-01 17:31:28,593 [5] INFO  CalMotorsShit.FlashLogger : [行号:93   ] [2019-06-01 17:31:28,593]
{X=2838.043, Y=1952.822}
2019-06-01 17:31:28,593 [5] INFO  CalMotorsShit.FlashLogger : [行号:93   ] [2019-06-01 17:31:28,593]
{X=2838.39, Y=1953.426}
2019-06-01 17:31:28,593 [5] INFO  CalMotorsShit.FlashLogger : [行号:93   ] [2019-06-01 17:31:28,593]
-0.155195889864921
2019-06-01 17:31:28,593 [5] INFO  CalMotorsShit.FlashLogger : [行号:93   ] [2019-06-01 17:31:28,593]
-0.194551974534988
2019-06-01 17:31:28,594 [5] INFO  CalMotorsShit.FlashLogger : [行号:93   ] [2019-06-01 17:31:28,593]
#【0】1485.98427553832
#【1】1483.7226547587
#【2】1487.21563479238
#【3】1481.5177059825
#【4】1488.18969636433
#【5】1100.75162424126
#【6】1101.00910655418
#【7】1101.16190559559
#【8】1101.31349648811
#【9】1101.56841536604
#【10】1487.42190708735
#【11】1487.72400723526
#【12】1485.69280527856
#【13】1486.6591779614
#【14】1484.72354227854
#【15】1103.91575056475
#【16】1103.91901692046
#【17】1104.65676933471
#【18】1104.28290389223
#【19】1105.43609979175
#【20】1105.43609979175
#【21】1101.56841536604
#【22】1101.31349648811
#【23】1104.28290389223

[BEGIN LOGGING AT 2019-06-01 17:31:39,347]
2019-06-01 17:31:44,745 [5] INFO  CalMotorsShit.FlashLogger : [行号:93   ] [2019-06-01 17:31:44,743]
Up-Num =>0
2019-06-01 17:31:44,769 [5] INFO  CalMotorsShit.FlashLogger : [行号:93   ] [2019-06-01 17:31:44,744]
Bottom-Num =>2858
2019-06-01 17:31:44,769 [5] INFO  CalMotorsShit.FlashLogger : [行号:93   ] [2019-06-01 17:31:44,744]
Right-Num =>0
2019-06-01 17:31:44,770 [5] INFO  CalMotorsShit.FlashLogger : [行号:93   ] [2019-06-01 17:31:44,744]
Left-Num =>0
2019-06-01 17:31:45,033 [5] INFO  CalMotorsShit.FlashLogger : [行号:93   ] [2019-06-01 17:31:45,033]
{X=2712.598, Y=1928.522}
2019-06-01 17:31:45,033 [5] INFO  CalMotorsShit.FlashLogger : [行号:93   ] [2019-06-01 17:31:45,033]
{X=2712.541, Y=1928.594}
2019-06-01 17:31:45,033 [5] INFO  CalMotorsShit.FlashLogger : [行号:93   ] [2019-06-01 17:31:45,033]
-0.497011057532121
2019-06-01 17:31:45,034 [5] INFO  CalMotorsShit.FlashLogger : [行号:93   ] [2019-06-01 17:31:45,033]
-0.600219547748566
2019-06-01 17:31:45,034 [5] INFO  CalMotorsShit.FlashLogger : [行号:93   ] [2019-06-01 17:31:45,033]
#【0】1083.82469733767
#【1】1082.67816163964
#【2】1085.55340003753
#【3】1082.24844424858
#【4】1085.72555526876
#【5】1446.68436441037
#【6】1445.03428799399
#【7】1448.51341498467
#【8】1443.08643903268
#【9】1448.59046820077
#【10】1080.51131971861
#【11】1080.51642909685
#【12】1081.57357647813
#【13】1081.71014677122
#【14】1081.18524571747
#【15】1448.21447511902
#【16】1449.7069246819
#【17】1447.03509215796
#【18】1449.0875489315
#【19】1446.59152134773
#【20】1446.59152134773
#【21】1448.59046820077
#【22】1443.08643903268
#【23】1449.0875489315

[BEGIN LOGGING AT 2019-06-01 17:35:38,280]
2019-06-01 17:35:42,691 [5] INFO  CalMotorsShit.FlashLogger : [行号:93   ] [2019-06-01 17:35:42,689]
Up-Num =>0
2019-06-01 17:35:42,715 [5] INFO  CalMotorsShit.FlashLogger : [行号:93   ] [2019-06-01 17:35:42,690]
Bottom-Num =>2937
2019-06-01 17:35:42,715 [5] INFO  CalMotorsShit.FlashLogger : [行号:93   ] [2019-06-01 17:35:42,690]
Right-Num =>0
2019-06-01 17:35:42,715 [5] INFO  CalMotorsShit.FlashLogger : [行号:93   ] [2019-06-01 17:35:42,690]
Left-Num =>0
2019-06-01 17:35:42,979 [5] INFO  CalMotorsShit.FlashLogger : [行号:93   ] [2019-06-01 17:35:42,979]
{X=2838.043, Y=1952.822}
2019-06-01 17:35:42,980 [5] INFO  CalMotorsShit.FlashLogger : [行号:93   ] [2019-06-01 17:35:42,979]
{X=2838.39, Y=1953.426}
2019-06-01 17:35:42,980 [5] INFO  CalMotorsShit.FlashLogger : [行号:93   ] [2019-06-01 17:35:42,979]
-0.155195889864921
2019-06-01 17:35:42,980 [5] INFO  CalMotorsShit.FlashLogger : [行号:93   ] [2019-06-01 17:35:42,979]
-0.194551974534988
2019-06-01 17:35:42,980 [5] INFO  CalMotorsShit.FlashLogger : [行号:93   ] [2019-06-01 17:35:42,979]
#【0】1485.98427553832
#【1】1483.7226547587
#【2】1487.21563479238
#【3】1481.5177059825
#【4】1488.18969636433
#【5】1100.75162424126
#【6】1101.00910655418
#【7】1101.16190559559
#【8】1101.31349648811
#【9】1101.56841536604
#【10】1487.42190708735
#【11】1487.72400723526
#【12】1485.69280527856
#【13】1486.6591779614
#【14】1484.72354227854
#【15】1103.91575056475
#【16】1103.91901692046
#【17】1104.65676933471
#【18】1104.28290389223
#【19】1105.43609979175
#【20】1105.43609979175
#【21】1101.56841536604
#【22】1101.31349648811
#【23】1104.28290389223

[BEGIN LOGGING AT 2019-06-01 17:35:50,177]
2019-06-01 17:35:58,015 [5] INFO  CalMotorsShit.FlashLogger : [行号:93   ] [2019-06-01 17:35:58,013]
Up-Num =>0
2019-06-01 17:35:58,039 [5] INFO  CalMotorsShit.FlashLogger : [行号:93   ] [2019-06-01 17:35:58,014]
Bottom-Num =>2858
2019-06-01 17:35:58,039 [5] INFO  CalMotorsShit.FlashLogger : [行号:93   ] [2019-06-01 17:35:58,014]
Right-Num =>0
2019-06-01 17:35:58,039 [5] INFO  CalMotorsShit.FlashLogger : [行号:93   ] [2019-06-01 17:35:58,014]
Left-Num =>0
2019-06-01 17:35:58,300 [5] INFO  CalMotorsShit.FlashLogger : [行号:93   ] [2019-06-01 17:35:58,300]
{X=2712.598, Y=1928.522}
2019-06-01 17:35:58,300 [5] INFO  CalMotorsShit.FlashLogger : [行号:93   ] [2019-06-01 17:35:58,300]
{X=2712.541, Y=1928.594}
2019-06-01 17:35:58,301 [5] INFO  CalMotorsShit.FlashLogger : [行号:93   ] [2019-06-01 17:35:58,300]
-0.497011057532121
2019-06-01 17:35:58,301 [5] INFO  CalMotorsShit.FlashLogger : [行号:93   ] [2019-06-01 17:35:58,300]
-0.600219547748566
2019-06-01 17:35:58,301 [5] INFO  CalMotorsShit.FlashLogger : [行号:93   ] [2019-06-01 17:35:58,300]
#【0】1446.68436441037
#【1】1445.03428799399
#【2】1448.51341498467
#【3】1443.08643903268
#【4】1448.59046820077
#【5】1080.51131971861
#【6】1080.51642909685
#【7】1081.57357647813
#【8】1081.71014677122
#【9】1081.18524571747
#【10】1448.21447511902
#【11】1449.7069246819
#【12】1447.03509215796
#【13】1449.0875489315
#【14】1446.59152134773
#【15】1083.82469733767
#【16】1082.67816163964
#【17】1085.55340003753
#【18】1082.24844424858
#【19】1085.72555526876
#【20】1085.72555526876
#【21】1081.18524571747
#【22】1081.71014677122
#【23】1082.24844424858

[BEGIN LOGGING AT 2019-06-01 17:36:10,117]
2019-06-01 17:36:26,013 [5] INFO  CalMotorsShit.FlashLogger : [行号:93   ] [2019-06-01 17:36:26,011]
Up-Num =>0
2019-06-01 17:36:26,037 [5] INFO  CalMotorsShit.FlashLogger : [行号:93   ] [2019-06-01 17:36:26,012]
Bottom-Num =>2942
2019-06-01 17:36:26,038 [5] INFO  CalMotorsShit.FlashLogger : [行号:93   ] [2019-06-01 17:36:26,012]
Right-Num =>0
2019-06-01 17:36:26,038 [5] INFO  CalMotorsShit.FlashLogger : [行号:93   ] [2019-06-01 17:36:26,012]
Left-Num =>0
2019-06-01 17:36:26,322 [5] INFO  CalMotorsShit.FlashLogger : [行号:93   ] [2019-06-01 17:36:26,322]
{X=2838.224, Y=1951.393}
2019-06-01 17:36:26,323 [5] INFO  CalMotorsShit.FlashLogger : [行号:93   ] [2019-06-01 17:36:26,322]
{X=2838.335, Y=1952.7}
2019-06-01 17:36:26,323 [5] INFO  CalMotorsShit.FlashLogger : [行号:93   ] [2019-06-01 17:36:26,322]
-0.156452727266988
2019-06-01 17:36:26,323 [5] INFO  CalMotorsShit.FlashLogger : [行号:93   ] [2019-06-01 17:36:26,322]
-0.197950094938278
2019-06-01 17:36:26,323 [5] INFO  CalMotorsShit.FlashLogger : [行号:93   ] [2019-06-01 17:36:26,322]
#【0】1487.83760719934
#【1】1485.50920300038
#【2】1489.36366928242
#【3】0
#【4】0
#【5】1101.65922913983
#【6】1102.01034910082
#【7】1102.25665136967
#【8】1102.58490098739
#【9】1102.68404705863
#【10】1489.75578169108
#【11】1488.98117856077
#【12】1488.48020296115
#【13】1487.55114430089
#【14】1487.64635570638
#【15】1105.03300966535
#【16】1105.47552992396
#【17】1105.87989989198
#【18】1106.00846464169
#【19】1107.18173245811
#【20】1107.18173245811
#【21】1102.68404705863
#【22】1102.58490098739
#【23】1106.00846464169

[BEGIN LOGGING AT 2019-06-01 17:37:25,802]
2019-06-01 17:37:42,889 [5] INFO  CalMotorsShit.FlashLogger : [行号:93   ] [2019-06-01 17:37:42,886]
Up-Num =>0
2019-06-01 17:37:42,913 [5] INFO  CalMotorsShit.FlashLogger : [行号:93   ] [2019-06-01 17:37:42,888]
Bottom-Num =>2937
2019-06-01 17:37:42,913 [5] INFO  CalMotorsShit.FlashLogger : [行号:93   ] [2019-06-01 17:37:42,888]
Right-Num =>0
2019-06-01 17:37:42,913 [5] INFO  CalMotorsShit.FlashLogger : [行号:93   ] [2019-06-01 17:37:42,888]
Left-Num =>0
2019-06-01 17:37:43,185 [5] INFO  CalMotorsShit.FlashLogger : [行号:93   ] [2019-06-01 17:37:43,185]
{X=2838.043, Y=1952.822}
2019-06-01 17:37:43,185 [5] INFO  CalMotorsShit.FlashLogger : [行号:93   ] [2019-06-01 17:37:43,185]
{X=2838.39, Y=1953.426}
2019-06-01 17:37:43,186 [5] INFO  CalMotorsShit.FlashLogger : [行号:93   ] [2019-06-01 17:37:43,185]
-0.155195889864921
2019-06-01 17:37:43,186 [5] INFO  CalMotorsShit.FlashLogger : [行号:93   ] [2019-06-01 17:37:43,185]
-0.194551974534988
2019-06-01 17:37:43,186 [5] INFO  CalMotorsShit.FlashLogger : [行号:93   ] [2019-06-01 17:37:43,185]
#【0】1485.98427553832
#【1】1483.7226547587
#【2】1487.21563479238
#【3】1481.5177059825
#【4】1488.18969636433
#【5】1100.75162424126
#【6】1101.00910655418
#【7】1101.16190559559
#【8】1101.31349648811
#【9】1101.56841536604
#【10】1487.42190708735
#【11】1487.72400723526
#【12】1485.69280527856
#【13】1486.6591779614
#【14】1484.72354227854
#【15】1103.91575056475
#【16】1103.91901692046
#【17】1104.65676933471
#【18】1104.28290389223
#【19】1105.43609979175
#【20】1105.43609979175
#【21】1101.56841536604
#【22】1101.31349648811
#【23】1104.28290389223

[BEGIN LOGGING AT 2019-06-01 17:38:34,903]
2019-06-01 17:38:42,726 [5] INFO  CalMotorsShit.FlashLogger : [行号:93   ] [2019-06-01 17:38:42,724]
Up-Num =>0
2019-06-01 17:38:42,751 [5] INFO  CalMotorsShit.FlashLogger : [行号:93   ] [2019-06-01 17:38:42,725]
Bottom-Num =>2942
2019-06-01 17:38:42,751 [5] INFO  CalMotorsShit.FlashLogger : [行号:93   ] [2019-06-01 17:38:42,725]
Right-Num =>0
2019-06-01 17:38:42,751 [5] INFO  CalMotorsShit.FlashLogger : [行号:93   ] [2019-06-01 17:38:42,725]
Left-Num =>0
2019-06-01 17:38:43,023 [5] INFO  CalMotorsShit.FlashLogger : [行号:93   ] [2019-06-01 17:38:43,023]
{X=2838.224, Y=1951.393}
2019-06-01 17:38:43,023 [5] INFO  CalMotorsShit.FlashLogger : [行号:93   ] [2019-06-01 17:38:43,023]
{X=2838.335, Y=1952.7}
2019-06-01 17:38:43,023 [5] INFO  CalMotorsShit.FlashLogger : [行号:93   ] [2019-06-01 17:38:43,023]
-0.156452727266988
2019-06-01 17:38:43,023 [5] INFO  CalMotorsShit.FlashLogger : [行号:93   ] [2019-06-01 17:38:43,023]
-0.197950094938278
2019-06-01 17:38:43,024 [5] INFO  CalMotorsShit.FlashLogger : [行号:93   ] [2019-06-01 17:38:43,023]
#【0】1487.83760719934
#【1】1485.50920300038
#【2】1489.36366928242
#【3】0
#【4】0
#【5】1101.65922913983
#【6】1102.01034910082
#【7】1102.25665136967
#【8】1102.58490098739
#【9】1102.68404705863
#【10】1489.75578169108
#【11】1488.98117856077
#【12】1488.48020296115
#【13】1487.55114430089
#【14】1487.64635570638
#【15】1105.03300966535
#【16】1105.47552992396
#【17】1105.87989989198
#【18】1106.00846464169
#【19】1107.18173245811
#【20】1107.18173245811
#【21】1102.68404705863
#【22】1102.58490098739
#【23】1106.00846464169

[BEGIN LOGGING AT 2019-06-01 17:41:13,814]
2019-06-01 17:41:17,886 [5] INFO  CalMotorsShit.FlashLogger : [行号:93   ] [2019-06-01 17:41:17,883]
Up-Num =>0
2019-06-01 17:41:17,910 [5] INFO  CalMotorsShit.FlashLogger : [行号:93   ] [2019-06-01 17:41:17,885]
Bottom-Num =>2942
2019-06-01 17:41:17,911 [5] INFO  CalMotorsShit.FlashLogger : [行号:93   ] [2019-06-01 17:41:17,885]
Right-Num =>0
2019-06-01 17:41:17,911 [5] INFO  CalMotorsShit.FlashLogger : [行号:93   ] [2019-06-01 17:41:17,885]
Left-Num =>0
2019-06-01 17:41:18,180 [5] INFO  CalMotorsShit.FlashLogger : [行号:93   ] [2019-06-01 17:41:18,180]
{X=2838.224, Y=1951.393}
2019-06-01 17:41:18,181 [5] INFO  CalMotorsShit.FlashLogger : [行号:93   ] [2019-06-01 17:41:18,180]
{X=2838.335, Y=1952.7}
2019-06-01 17:41:18,181 [5] INFO  CalMotorsShit.FlashLogger : [行号:93   ] [2019-06-01 17:41:18,180]
-0.156452727266988
2019-06-01 17:41:18,181 [5] INFO  CalMotorsShit.FlashLogger : [行号:93   ] [2019-06-01 17:41:18,180]
-0.197950094938278
2019-06-01 17:41:18,181 [5] INFO  CalMotorsShit.FlashLogger : [行号:93   ] [2019-06-01 17:41:18,180]
#【0】1487.83760719934
#【1】1485.50920300038
#【2】1489.36366928242
#【3】0
#【4】0
#【5】1101.65922913983
#【6】1102.01034910082
#【7】1102.25665136967
#【8】1102.58490098739
#【9】1102.68404705863
#【10】1489.75578169108
#【11】1488.98117856077
#【12】1488.48020296115
#【13】1487.55114430089
#【14】1487.64635570638
#【15】1105.03300966535
#【16】1105.47552992396
#【17】1105.87989989198
#【18】1106.00846464169
#【19】1107.18173245811
#【20】1107.18173245811
#【21】1102.68404705863
#【22】1102.58490098739
#【23】1106.00846464169

[BEGIN LOGGING AT 2019-06-01 17:41:41,557]
2019-06-01 17:41:46,090 [5] INFO  CalMotorsShit.FlashLogger : [行号:93   ] [2019-06-01 17:41:46,088]
Up-Num =>0
2019-06-01 17:41:46,114 [5] INFO  CalMotorsShit.FlashLogger : [行号:93   ] [2019-06-01 17:41:46,089]
Bottom-Num =>2942
2019-06-01 17:41:46,114 [5] INFO  CalMotorsShit.FlashLogger : [行号:93   ] [2019-06-01 17:41:46,089]
Right-Num =>0
2019-06-01 17:41:46,114 [5] INFO  CalMotorsShit.FlashLogger : [行号:93   ] [2019-06-01 17:41:46,089]
Left-Num =>0
2019-06-01 17:41:46,336 [5] INFO  CalMotorsShit.FlashLogger : [行号:93   ] [2019-06-01 17:41:46,336]
{X=2838.224, Y=1951.393}
2019-06-01 17:41:46,336 [5] INFO  CalMotorsShit.FlashLogger : [行号:93   ] [2019-06-01 17:41:46,336]
{X=2838.335, Y=1952.7}
2019-06-01 17:41:46,337 [5] INFO  CalMotorsShit.FlashLogger : [行号:93   ] [2019-06-01 17:41:46,336]
-0.156452727266988
2019-06-01 17:41:46,337 [5] INFO  CalMotorsShit.FlashLogger : [行号:93   ] [2019-06-01 17:41:46,336]
-0.197950094938278
2019-06-01 17:41:46,337 [5] INFO  CalMotorsShit.FlashLogger : [行号:93   ] [2019-06-01 17:41:46,336]
#【0】1487.83760719934
#【1】1485.50920300038
#【2】1489.36366928242
#【3】0
#【4】0
#【5】1101.65922913983
#【6】1102.01034910082
#【7】1102.25665136967
#【8】1102.58490098739
#【9】1102.68404705863
#【10】1489.75578169108
#【11】1488.98117856077
#【12】1488.48020296115
#【13】1487.55114430089
#【14】1487.64635570638
#【15】1105.03300966535
#【16】1105.47552992396
#【17】1105.87989989198
#【18】1106.00846464169
#【19】1107.18173245811
#【20】1107.18173245811
#【21】1102.68404705863
#【22】1102.58490098739
#【23】1106.00846464169

[BEGIN LOGGING AT 2019-06-01 17:46:58,768]
2019-06-01 17:47:03,708 [5] INFO  CalMotorsShit.FlashLogger : [行号:93   ] [2019-06-01 17:47:03,706]
Up-Num =>0
2019-06-01 17:47:03,732 [5] INFO  CalMotorsShit.FlashLogger : [行号:93   ] [2019-06-01 17:47:03,707]
Bottom-Num =>2942
2019-06-01 17:47:03,732 [5] INFO  CalMotorsShit.FlashLogger : [行号:93   ] [2019-06-01 17:47:03,707]
Right-Num =>0
2019-06-01 17:47:03,733 [5] INFO  CalMotorsShit.FlashLogger : [行号:93   ] [2019-06-01 17:47:03,707]
Left-Num =>0
2019-06-01 17:47:03,949 [5] INFO  CalMotorsShit.FlashLogger : [行号:93   ] [2019-06-01 17:47:03,949]
{X=2838.224, Y=1951.393}
2019-06-01 17:47:03,950 [5] INFO  CalMotorsShit.FlashLogger : [行号:93   ] [2019-06-01 17:47:03,949]
{X=2838.335, Y=1952.7}
2019-06-01 17:47:03,950 [5] INFO  CalMotorsShit.FlashLogger : [行号:93   ] [2019-06-01 17:47:03,949]
-0.156452727266988
2019-06-01 17:47:03,950 [5] INFO  CalMotorsShit.FlashLogger : [行号:93   ] [2019-06-01 17:47:03,949]
-0.197950094938278
2019-06-01 17:47:03,950 [5] INFO  CalMotorsShit.FlashLogger : [行号:93   ] [2019-06-01 17:47:03,949]
#【0】1487.83760719934
#【1】1485.50920300038
#【2】1489.36366928242
#【3】0
#【4】0
#【5】1101.65922913983
#【6】1102.01034910082
#【7】1102.25665136967
#【8】1102.58490098739
#【9】1102.68404705863
#【10】1489.75578169108
#【11】1488.98117856077
#【12】1488.48020296115
#【13】1487.55114430089
#【14】1487.64635570638
#【15】1105.03300966535
#【16】1105.47552992396
#【17】1105.87989989198
#【18】1106.00846464169
#【19】1107.18173245811
#【20】1107.18173245811
#【21】1102.68404705863
#【22】1102.58490098739
#【23】1106.00846464169

[BEGIN LOGGING AT 2019-06-01 17:47:51,324]
2019-06-01 17:47:55,326 [5] INFO  CalMotorsShit.FlashLogger : [行号:93   ] [2019-06-01 17:47:55,324]
Up-Num =>0
2019-06-01 17:47:55,349 [5] INFO  CalMotorsShit.FlashLogger : [行号:93   ] [2019-06-01 17:47:55,325]
Bottom-Num =>2942
2019-06-01 17:47:55,349 [5] INFO  CalMotorsShit.FlashLogger : [行号:93   ] [2019-06-01 17:47:55,325]
Right-Num =>0
2019-06-01 17:47:55,350 [5] INFO  CalMotorsShit.FlashLogger : [行号:93   ] [2019-06-01 17:47:55,325]
Left-Num =>0
2019-06-01 17:47:55,619 [5] INFO  CalMotorsShit.FlashLogger : [行号:93   ] [2019-06-01 17:47:55,619]
{X=2838.224, Y=1951.393}
2019-06-01 17:47:55,619 [5] INFO  CalMotorsShit.FlashLogger : [行号:93   ] [2019-06-01 17:47:55,619]
{X=2838.335, Y=1952.7}
2019-06-01 17:47:55,619 [5] INFO  CalMotorsShit.FlashLogger : [行号:93   ] [2019-06-01 17:47:55,619]
-0.156452727266988
2019-06-01 17:47:55,620 [5] INFO  CalMotorsShit.FlashLogger : [行号:93   ] [2019-06-01 17:47:55,619]
-0.197950094938278
2019-06-01 17:47:55,620 [5] INFO  CalMotorsShit.FlashLogger : [行号:93   ] [2019-06-01 17:47:55,619]
#【0】1487.83760719934
#【1】1485.50920300038
#【2】1489.36366928242
#【3】0
#【4】0
#【5】1101.65922913983
#【6】1102.01034910082
#【7】1102.25665136967
#【8】1102.58490098739
#【9】1102.68404705863
#【10】1489.75578169108
#【11】1488.98117856077
#【12】1488.48020296115
#【13】1487.55114430089
#【14】1487.64635570638
#【15】1105.03300966535
#【16】1105.47552992396
#【17】1105.87989989198
#【18】1106.00846464169
#【19】1107.18173245811
#【20】1107.18173245811
#【21】1102.68404705863
#【22】1102.58490098739
#【23】1106.00846464169

[BEGIN LOGGING AT 2019-06-01 17:50:34,648]
2019-06-01 17:50:38,717 [5] INFO  CalMotorsShit.FlashLogger : [行号:93   ] [2019-06-01 17:50:38,714]
Up-Num =>0
2019-06-01 17:50:38,740 [5] INFO  CalMotorsShit.FlashLogger : [行号:93   ] [2019-06-01 17:50:38,715]
Bottom-Num =>2710
2019-06-01 17:50:38,740 [5] INFO  CalMotorsShit.FlashLogger : [行号:93   ] [2019-06-01 17:50:38,715]
Right-Num =>0
2019-06-01 17:50:38,740 [5] INFO  CalMotorsShit.FlashLogger : [行号:93   ] [2019-06-01 17:50:38,715]
Left-Num =>0
2019-06-01 17:50:39,001 [5] INFO  CalMotorsShit.FlashLogger : [行号:93   ] [2019-06-01 17:50:39,001]
{X=2838.224, Y=1951.393}
2019-06-01 17:50:39,002 [5] INFO  CalMotorsShit.FlashLogger : [行号:93   ] [2019-06-01 17:50:39,001]
{X=2838.335, Y=1952.7}
2019-06-01 17:50:39,002 [5] INFO  CalMotorsShit.FlashLogger : [行号:93   ] [2019-06-01 17:50:39,001]
-0.156452727266988
2019-06-01 17:50:39,002 [5] INFO  CalMotorsShit.FlashLogger : [行号:93   ] [2019-06-01 17:50:39,001]
-0.197950094938278
2019-06-01 17:50:39,002 [5] INFO  CalMotorsShit.FlashLogger : [行号:93   ] [2019-06-01 17:50:39,001]
#【0】1487.83760719934
#【1】1485.50920300038
#【2】1489.36366928242
#【3】0
#【4】0
#【5】1101.65922913983
#【6】1102.01034910082
#【7】1102.25665136967
#【8】1102.58490098739
#【9】1102.68404705863
#【10】1489.75578169108
#【11】1488.98117856077
#【12】1488.48020296115
#【13】1487.55114430089
#【14】1487.64635570638
#【15】1105.03300966535
#【16】1105.47552992396
#【17】1105.87989989198
#【18】1106.00846464169
#【19】1107.36420034457
#【20】1107.36420034457
#【21】1102.68404705863
#【22】1102.58490098739
#【23】1106.00846464169

[BEGIN LOGGING AT 2019-06-01 17:51:21,947]
2019-06-01 17:51:26,001 [5] INFO  CalMotorsShit.FlashLogger : [行号:93   ] [2019-06-01 17:51:25,998]
Up-Num =>0
2019-06-01 17:51:26,024 [5] INFO  CalMotorsShit.FlashLogger : [行号:93   ] [2019-06-01 17:51:25,999]
Bottom-Num =>2710
2019-06-01 17:51:26,024 [5] INFO  CalMotorsShit.FlashLogger : [行号:93   ] [2019-06-01 17:51:25,999]
Right-Num =>0
2019-06-01 17:51:26,025 [5] INFO  CalMotorsShit.FlashLogger : [行号:93   ] [2019-06-01 17:51:25,999]
Left-Num =>0
2019-06-01 17:51:26,268 [5] INFO  CalMotorsShit.FlashLogger : [行号:93   ] [2019-06-01 17:51:26,268]
{X=2838.224, Y=1951.393}
2019-06-01 17:51:26,268 [5] INFO  CalMotorsShit.FlashLogger : [行号:93   ] [2019-06-01 17:51:26,268]
{X=2838.335, Y=1952.7}
2019-06-01 17:51:26,269 [5] INFO  CalMotorsShit.FlashLogger : [行号:93   ] [2019-06-01 17:51:26,268]
-0.156452727266988
2019-06-01 17:51:26,269 [5] INFO  CalMotorsShit.FlashLogger : [行号:93   ] [2019-06-01 17:51:26,268]
-0.197950094938278
2019-06-01 17:51:26,269 [5] INFO  CalMotorsShit.FlashLogger : [行号:93   ] [2019-06-01 17:51:26,268]
#【0】1487.83760719934
#【1】1485.50920300038
#【2】1489.36366928242
#【3】0
#【4】0
#【5】1101.65922913983
#【6】1102.01034910082
#【7】1102.25665136967
#【8】1102.58490098739
#【9】1102.68404705863
#【10】1489.75578169108
#【11】1488.98117856077
#【12】1488.48020296115
#【13】1487.55114430089
#【14】1487.64635570638
#【15】1105.03300966535
#【16】1105.47552992396
#【17】1105.87989989198
#【18】1106.00846464169
#【19】1107.36420034457
#【20】1107.36420034457
#【21】1102.68404705863
#【22】1102.58490098739
#【23】1106.00846464169

[BEGIN LOGGING AT 2019-06-01 17:51:43,947]
2019-06-01 17:51:47,962 [5] INFO  CalMotorsShit.FlashLogger : [行号:93   ] [2019-06-01 17:51:47,959]
Up-Num =>0
2019-06-01 17:51:47,985 [5] INFO  CalMotorsShit.FlashLogger : [行号:93   ] [2019-06-01 17:51:47,961]
Bottom-Num =>2710
2019-06-01 17:51:47,986 [5] INFO  CalMotorsShit.FlashLogger : [行号:93   ] [2019-06-01 17:51:47,961]
Right-Num =>0
2019-06-01 17:51:47,986 [5] INFO  CalMotorsShit.FlashLogger : [行号:93   ] [2019-06-01 17:51:47,961]
Left-Num =>0
2019-06-01 17:51:48,241 [5] INFO  CalMotorsShit.FlashLogger : [行号:93   ] [2019-06-01 17:51:48,241]
{X=2838.224, Y=1951.393}
2019-06-01 17:51:48,241 [5] INFO  CalMotorsShit.FlashLogger : [行号:93   ] [2019-06-01 17:51:48,241]
{X=2838.335, Y=1952.7}
2019-06-01 17:51:48,241 [5] INFO  CalMotorsShit.FlashLogger : [行号:93   ] [2019-06-01 17:51:48,241]
-0.156452727266988
2019-06-01 17:51:48,242 [5] INFO  CalMotorsShit.FlashLogger : [行号:93   ] [2019-06-01 17:51:48,241]
-0.197950094938278
2019-06-01 17:51:48,242 [5] INFO  CalMotorsShit.FlashLogger : [行号:93   ] [2019-06-01 17:51:48,241]
#【0】1487.83760719934
#【1】1485.50920300038
#【2】1489.36366928242
#【3】0
#【4】0
#【5】1101.65922913983
#【6】1102.01034910082
#【7】1102.25665136967
#【8】1102.58490098739
#【9】1102.68404705863
#【10】1489.75578169108
#【11】1488.98117856077
#【12】1488.48020296115
#【13】1487.55114430089
#【14】1487.64635570638
#【15】1105.03314965827
#【16】1105.46937308878
#【17】1105.89623172859
#【18】1106.01014894872
#【19】1107.38131640152
#【20】1107.38131640152
#【21】1102.68404705863
#【22】1102.58490098739
#【23】1106.01014894872

[BEGIN LOGGING AT 2019-06-01 17:52:15,320]
2019-06-01 17:52:19,566 [5] INFO  CalMotorsShit.FlashLogger : [行号:93   ] [2019-06-01 17:52:19,563]
Up-Num =>0
2019-06-01 17:52:19,590 [5] INFO  CalMotorsShit.FlashLogger : [行号:93   ] [2019-06-01 17:52:19,565]
Bottom-Num =>2710
2019-06-01 17:52:19,590 [5] INFO  CalMotorsShit.FlashLogger : [行号:93   ] [2019-06-01 17:52:19,565]
Right-Num =>0
2019-06-01 17:52:19,590 [5] INFO  CalMotorsShit.FlashLogger : [行号:93   ] [2019-06-01 17:52:19,565]
Left-Num =>0
2019-06-01 17:52:19,844 [5] INFO  CalMotorsShit.FlashLogger : [行号:93   ] [2019-06-01 17:52:19,844]
{X=2838.224, Y=1951.393}
2019-06-01 17:52:19,844 [5] INFO  CalMotorsShit.FlashLogger : [行号:93   ] [2019-06-01 17:52:19,844]
{X=2838.335, Y=1952.7}
2019-06-01 17:52:19,844 [5] INFO  CalMotorsShit.FlashLogger : [行号:93   ] [2019-06-01 17:52:19,844]
-0.156452727266988
2019-06-01 17:52:19,845 [5] INFO  CalMotorsShit.FlashLogger : [行号:93   ] [2019-06-01 17:52:19,844]
-0.197950094938278
2019-06-01 17:52:19,845 [5] INFO  CalMotorsShit.FlashLogger : [行号:93   ] [2019-06-01 17:52:19,844]
#【0】1487.83760719934
#【1】1485.50920300038
#【2】1489.36366928242
#【3】1484.16121539528
#【4】1490.03991191527
#【5】1101.65922913983
#【6】1102.01034910082
#【7】1102.25665136967
#【8】1102.58490098739
#【9】1102.68404705863
#【10】1489.75578169108
#【11】1488.98117856077
#【12】1488.48020296115
#【13】1487.55114430089
#【14】1487.64635570638
#【15】1105.03314965827
#【16】1105.46937308878
#【17】1105.89623172859
#【18】1106.01014894872
#【19】1107.38131640152
#【20】1107.38131640152
#【21】1102.68404705863
#【22】1102.58490098739
#【23】1106.01014894872

[BEGIN LOGGING AT 2019-06-01 17:54:41,544]
2019-06-01 17:54:46,246 [5] INFO  CalMotorsShit.FlashLogger : [行号:93   ] [2019-06-01 17:54:46,244]
Up-Num =>0
2019-06-01 17:54:46,269 [5] INFO  CalMotorsShit.FlashLogger : [行号:93   ] [2019-06-01 17:54:46,245]
Bottom-Num =>2710
2019-06-01 17:54:46,269 [5] INFO  CalMotorsShit.FlashLogger : [行号:93   ] [2019-06-01 17:54:46,245]
Right-Num =>0
2019-06-01 17:54:46,269 [5] INFO  CalMotorsShit.FlashLogger : [行号:93   ] [2019-06-01 17:54:46,245]
Left-Num =>0
2019-06-01 17:54:46,519 [5] INFO  CalMotorsShit.FlashLogger : [行号:93   ] [2019-06-01 17:54:46,519]
{X=2838.224, Y=1951.393}
2019-06-01 17:54:46,519 [5] INFO  CalMotorsShit.FlashLogger : [行号:93   ] [2019-06-01 17:54:46,519]
{X=2838.335, Y=1952.7}
2019-06-01 17:54:46,520 [5] INFO  CalMotorsShit.FlashLogger : [行号:93   ] [2019-06-01 17:54:46,519]
-0.156452727266988
2019-06-01 17:54:46,520 [5] INFO  CalMotorsShit.FlashLogger : [行号:93   ] [2019-06-01 17:54:46,519]
-0.197950094938278
2019-06-01 17:54:46,520 [5] INFO  CalMotorsShit.FlashLogger : [行号:93   ] [2019-06-01 17:54:46,519]
#【0】1487.83760719934
#【1】1485.50920300038
#【2】1489.36366928242
#【3】1484.16121539528
#【4】1490.03991191527
#【5】1101.65922913983
#【6】1102.01034910082
#【7】1102.25665136967
#【8】1102.58490098739
#【9】1102.53248274741
#【10】1489.75578169108
#【11】1488.98117856077
#【12】1488.48020296115
#【13】1487.55114430089
#【14】1487.64635570638
#【15】1105.03314965827
#【16】1105.46937308878
#【17】1105.89623172859
#【18】1106.01014894872
#【19】1107.38131640152
#【20】1107.38131640152
#【21】1102.53248274741
#【22】1102.58490098739
#【23】1106.01014894872

[BEGIN LOGGING AT 2019-06-01 17:56:12,048]
2019-06-01 17:56:19,317 [5] INFO  CalMotorsShit.FlashLogger : [行号:93   ] [2019-06-01 17:56:19,315]
Up-Num =>0
2019-06-01 17:56:19,339 [5] INFO  CalMotorsShit.FlashLogger : [行号:93   ] [2019-06-01 17:56:19,316]
Bottom-Num =>2710
2019-06-01 17:56:19,339 [5] INFO  CalMotorsShit.FlashLogger : [行号:93   ] [2019-06-01 17:56:19,316]
Right-Num =>0
2019-06-01 17:56:19,339 [5] INFO  CalMotorsShit.FlashLogger : [行号:93   ] [2019-06-01 17:56:19,316]
Left-Num =>0
2019-06-01 17:56:19,595 [5] INFO  CalMotorsShit.FlashLogger : [行号:93   ] [2019-06-01 17:56:19,595]
{X=2838.224, Y=1951.393}
2019-06-01 17:56:19,595 [5] INFO  CalMotorsShit.FlashLogger : [行号:93   ] [2019-06-01 17:56:19,595]
{X=2838.335, Y=1952.7}
2019-06-01 17:56:19,596 [5] INFO  CalMotorsShit.FlashLogger : [行号:93   ] [2019-06-01 17:56:19,595]
-0.156452727266988
2019-06-01 17:56:19,596 [5] INFO  CalMotorsShit.FlashLogger : [行号:93   ] [2019-06-01 17:56:19,595]
-0.197950094938278
2019-06-01 17:56:19,596 [5] INFO  CalMotorsShit.FlashLogger : [行号:93   ] [2019-06-01 17:56:19,595]
#【0】1487.83760719934
#【1】1485.50920300038
#【2】1489.36366928242
#【3】0
#【4】0
#【5】1101.65922913983
#【6】1102.01034910082
#【7】1102.25665136967
#【8】1102.58490098739
#【9】1102.53248274741
#【10】1489.75578169108
#【11】1488.98117856077
#【12】1488.48020296115
#【13】1487.55114430089
#【14】1487.64635570638
#【15】1105.03314965827
#【16】1105.46937308878
#【17】1105.89623172859
#【18】1106.01014894872
#【19】1107.38131640152
#【20】1107.38131640152
#【21】1102.53248274741
#【22】1102.58490098739
#【23】1106.01014894872

[BEGIN LOGGING AT 2019-06-01 17:56:35,459]
2019-06-01 17:56:39,388 [5] INFO  CalMotorsShit.FlashLogger : [行号:93   ] [2019-06-01 17:56:39,386]
Up-Num =>0
2019-06-01 17:56:39,412 [5] INFO  CalMotorsShit.FlashLogger : [行号:93   ] [2019-06-01 17:56:39,387]
Bottom-Num =>2710
2019-06-01 17:56:39,412 [5] INFO  CalMotorsShit.FlashLogger : [行号:93   ] [2019-06-01 17:56:39,387]
Right-Num =>0
2019-06-01 17:56:39,412 [5] INFO  CalMotorsShit.FlashLogger : [行号:93   ] [2019-06-01 17:56:39,387]
Left-Num =>0
2019-06-01 17:56:39,663 [5] INFO  CalMotorsShit.FlashLogger : [行号:93   ] [2019-06-01 17:56:39,663]
{X=2838.224, Y=1951.393}
2019-06-01 17:56:39,664 [5] INFO  CalMotorsShit.FlashLogger : [行号:93   ] [2019-06-01 17:56:39,663]
{X=2838.335, Y=1952.7}
2019-06-01 17:56:39,664 [5] INFO  CalMotorsShit.FlashLogger : [行号:93   ] [2019-06-01 17:56:39,663]
-0.156452727266988
2019-06-01 17:56:39,664 [5] INFO  CalMotorsShit.FlashLogger : [行号:93   ] [2019-06-01 17:56:39,663]
-0.197950094938278
2019-06-01 17:56:39,664 [5] INFO  CalMotorsShit.FlashLogger : [行号:93   ] [2019-06-01 17:56:39,664]
#【0】1487.83760719934
#【1】1485.50920300038
#【2】1489.36366928242
#【3】1484.16121539528
#【4】1490.03991191527
#【5】1101.65922913983
#【6】1102.01034910082
#【7】1102.25665136967
#【8】1102.58490098739
#【9】1102.53248274741
#【10】1489.75578169108
#【11】1488.98117856077
#【12】1488.48020296115
#【13】1487.55114430089
#【14】1487.64635570638
#【15】1105.03314965827
#【16】1105.46937308878
#【17】1105.89623172859
#【18】1106.01014894872
#【19】1107.38131640152
#【20】1107.38131640152
#【21】1102.53248274741
#【22】1102.58490098739
#【23】1106.01014894872

[BEGIN LOGGING AT 2019-06-01 18:04:10,847]
2019-06-01 18:04:16,168 [5] INFO  CalMotorsShit.FlashLogger : [行号:93   ] [2019-06-01 18:04:16,165]
Up-Num =>0
2019-06-01 18:04:16,192 [5] INFO  CalMotorsShit.FlashLogger : [行号:93   ] [2019-06-01 18:04:16,166]
Bottom-Num =>2710
2019-06-01 18:04:16,192 [5] INFO  CalMotorsShit.FlashLogger : [行号:93   ] [2019-06-01 18:04:16,166]
Right-Num =>0
2019-06-01 18:04:16,192 [5] INFO  CalMotorsShit.FlashLogger : [行号:93   ] [2019-06-01 18:04:16,166]
Left-Num =>0
2019-06-01 18:04:16,445 [5] INFO  CalMotorsShit.FlashLogger : [行号:93   ] [2019-06-01 18:04:16,445]
{X=2838.224, Y=1951.393}
2019-06-01 18:04:16,445 [5] INFO  CalMotorsShit.FlashLogger : [行号:93   ] [2019-06-01 18:04:16,445]
{X=2838.335, Y=1952.7}
2019-06-01 18:04:16,445 [5] INFO  CalMotorsShit.FlashLogger : [行号:93   ] [2019-06-01 18:04:16,445]
-0.156452727266988
2019-06-01 18:04:16,445 [5] INFO  CalMotorsShit.FlashLogger : [行号:93   ] [2019-06-01 18:04:16,445]
-0.197950094938278
2019-06-01 18:04:16,446 [5] INFO  CalMotorsShit.FlashLogger : [行号:93   ] [2019-06-01 18:04:16,445]
#【0】1487.83760719934
#【1】1485.50920300038
#【2】1489.36366928242
#【3】1484.16121539528
#【4】1490.03991191527
#【5】1101.65922913983
#【6】1102.01034910082
#【7】1102.25665136967
#【8】1102.58490098739
#【9】1102.53248274741
#【10】1489.75578169108
#【11】1488.98117856077
#【12】1488.48020296115
#【13】1487.55114430089
#【14】1487.64635570638
#【15】1105.03314965827
#【16】1105.46937308878
#【17】1105.89623172859
#【18】1106.01014894872
#【19】1107.38131640152
#【20】1107.38131640152
#【21】1102.53248274741
#【22】1102.58490098739
#【23】1106.01014894872

[BEGIN LOGGING AT 2019-06-01 18:04:19,301]
2019-06-01 18:04:34,704 [5] INFO  CalMotorsShit.FlashLogger : [行号:93   ] [2019-06-01 18:04:34,702]
Up-Num =>0
2019-06-01 18:04:34,729 [5] INFO  CalMotorsShit.FlashLogger : [行号:93   ] [2019-06-01 18:04:34,703]
Bottom-Num =>2710
2019-06-01 18:04:34,729 [5] INFO  CalMotorsShit.FlashLogger : [行号:93   ] [2019-06-01 18:04:34,703]
Right-Num =>0
2019-06-01 18:04:34,729 [5] INFO  CalMotorsShit.FlashLogger : [行号:93   ] [2019-06-01 18:04:34,703]
Left-Num =>0
2019-06-01 18:04:34,990 [5] INFO  CalMotorsShit.FlashLogger : [行号:93   ] [2019-06-01 18:04:34,990]
{X=2838.043, Y=1952.822}
2019-06-01 18:04:34,990 [5] INFO  CalMotorsShit.FlashLogger : [行号:93   ] [2019-06-01 18:04:34,990]
{X=2838.39, Y=1953.426}
2019-06-01 18:04:34,990 [5] INFO  CalMotorsShit.FlashLogger : [行号:93   ] [2019-06-01 18:04:34,990]
-0.155195889864921
2019-06-01 18:04:34,991 [5] INFO  CalMotorsShit.FlashLogger : [行号:93   ] [2019-06-01 18:04:34,990]
-0.194551974534988
2019-06-01 18:04:34,991 [5] INFO  CalMotorsShit.FlashLogger : [行号:93   ] [2019-06-01 18:04:34,990]
#【0】1485.98427553832
#【1】1483.7226547587
#【2】1487.21563479238
#【3】1481.5177059825
#【4】1488.18969636433
#【5】1100.75162424126
#【6】1101.00910655418
#【7】1101.16190559559
#【8】1101.31349648811
#【9】1101.49093213703
#【10】1487.42190708735
#【11】1487.72400723526
#【12】1485.69280527856
#【13】1486.6591779614
#【14】1484.72354227854
#【15】1103.91580049937
#【16】1103.91930673426
#【17】1104.65855839339
#【18】1104.28326268969
#【19】1105.78146978468
#【20】1105.78146978468
#【21】1101.49093213703
#【22】1101.31349648811
#【23】1104.28326268969

[BEGIN LOGGING AT 2019-06-01 19:39:27,751]
2019-06-01 19:39:33,961 [5] INFO  CalMotorsShit.FlashLogger : [行号:93   ] [2019-06-01 19:39:33,961]
Up-Num =>0
2019-06-01 19:39:34,055 [5] INFO  CalMotorsShit.FlashLogger : [行号:93   ] [2019-06-01 19:39:33,961]
Bottom-Num =>2710
2019-06-01 19:39:34,055 [5] INFO  CalMotorsShit.FlashLogger : [行号:93   ] [2019-06-01 19:39:33,961]
Right-Num =>0
2019-06-01 19:39:34,055 [5] INFO  CalMotorsShit.FlashLogger : [行号:93   ] [2019-06-01 19:39:33,961]
Left-Num =>0
2019-06-01 19:39:34,227 [5] INFO  CalMotorsShit.FlashLogger : [行号:93   ] [2019-06-01 19:39:34,227]
{X=2838.043, Y=1952.822}
2019-06-01 19:39:34,227 [5] INFO  CalMotorsShit.FlashLogger : [行号:93   ] [2019-06-01 19:39:34,227]
{X=2838.39, Y=1953.426}
2019-06-01 19:39:34,227 [5] INFO  CalMotorsShit.FlashLogger : [行号:93   ] [2019-06-01 19:39:34,227]
-0.155195889864921
2019-06-01 19:39:34,227 [5] INFO  CalMotorsShit.FlashLogger : [行号:93   ] [2019-06-01 19:39:34,227]
-0.194551974534988
2019-06-01 19:39:34,227 [5] INFO  CalMotorsShit.FlashLogger : [行号:93   ] [2019-06-01 19:39:34,227]
#【0】1485.98427553832
#【1】1483.7226547587
#【2】1487.21563479238
#【3】1481.5177059825
#【4】1488.18969636433
#【5】1100.75162424126
#【6】1101.00910655418
#【7】1101.16190559559
#【8】1101.31349648811
#【9】1101.49093213703
#【10】1487.42190708735
#【11】1487.72400723526
#【12】1485.69280527856
#【13】1486.6591779614
#【14】1484.72354227854
#【15】1103.91580049937
#【16】1103.91930673426
#【17】1104.65855839339
#【18】1104.28326268969
#【19】1105.78146978468
#【20】1105.78146978468
#【21】1101.49093213703
#【22】1101.31349648811
#【23】1104.28326268969

[BEGIN LOGGING AT 2019-06-01 19:41:43,387]
2019-06-01 19:41:47,963 [5] INFO  CalMotorsShit.FlashLogger : [行号:93   ] [2019-06-01 19:41:47,960]
Up-Num =>0
2019-06-01 19:41:47,989 [5] INFO  CalMotorsShit.FlashLogger : [行号:93   ] [2019-06-01 19:41:47,961]
Bottom-Num =>2710
2019-06-01 19:41:47,989 [5] INFO  CalMotorsShit.FlashLogger : [行号:93   ] [2019-06-01 19:41:47,962]
Right-Num =>0
2019-06-01 19:41:47,989 [5] INFO  CalMotorsShit.FlashLogger : [行号:93   ] [2019-06-01 19:41:47,962]
Left-Num =>0
2019-06-01 19:41:48,241 [5] INFO  CalMotorsShit.FlashLogger : [行号:93   ] [2019-06-01 19:41:48,241]
{X=2838.043, Y=1952.822}
2019-06-01 19:41:48,241 [5] INFO  CalMotorsShit.FlashLogger : [行号:93   ] [2019-06-01 19:41:48,241]
{X=2838.39, Y=1953.426}
2019-06-01 19:41:48,241 [5] INFO  CalMotorsShit.FlashLogger : [行号:93   ] [2019-06-01 19:41:48,241]
-0.155195889864921
2019-06-01 19:41:48,241 [5] INFO  CalMotorsShit.FlashLogger : [行号:93   ] [2019-06-01 19:41:48,241]
-0.194551974534988
2019-06-01 19:41:48,242 [5] INFO  CalMotorsShit.FlashLogger : [行号:93   ] [2019-06-01 19:41:48,241]
#【0】1485.98427553832
#【1】1483.7226547587
#【2】1487.21563479238
#【3】1481.5177059825
#【4】1488.18969636433
#【5】1100.75162424126
#【6】1101.00910655418
#【7】1101.16190559559
#【8】1101.31349648811
#【9】1101.49093213703
#【10】1487.42190708735
#【11】1487.72400723526
#【12】1485.69280527856
#【13】1486.6591779614
#【14】1484.72354227854
#【15】1103.91580049937
#【16】1103.91930673426
#【17】1104.65855839339
#【18】1104.28326268969
#【19】1105.78146978468
#【20】1105.78146978468
#【21】1101.49093213703
#【22】1101.31349648811
#【23】1104.28326268969

[BEGIN LOGGING AT 2019-06-01 20:16:11,411]
2019-06-01 20:16:21,809 [5] INFO  CalMotorsShit.FlashLogger : [行号:93   ] [2019-06-01 20:16:21,807]
Up-Num =>0
2019-06-01 20:16:21,835 [5] INFO  CalMotorsShit.FlashLogger : [行号:93   ] [2019-06-01 20:16:21,808]
Bottom-Num =>2710
2019-06-01 20:16:21,835 [5] INFO  CalMotorsShit.FlashLogger : [行号:93   ] [2019-06-01 20:16:21,808]
Right-Num =>0
2019-06-01 20:16:21,835 [5] INFO  CalMotorsShit.FlashLogger : [行号:93   ] [2019-06-01 20:16:21,808]
Left-Num =>0
2019-06-01 20:16:22,099 [5] INFO  CalMotorsShit.FlashLogger : [行号:93   ] [2019-06-01 20:16:22,099]
{X=2838.043, Y=1952.822}
2019-06-01 20:16:22,100 [5] INFO  CalMotorsShit.FlashLogger : [行号:93   ] [2019-06-01 20:16:22,099]
{X=2838.39, Y=1953.426}
2019-06-01 20:16:22,100 [5] INFO  CalMotorsShit.FlashLogger : [行号:93   ] [2019-06-01 20:16:22,099]
-0.155195889864921
2019-06-01 20:16:22,100 [5] INFO  CalMotorsShit.FlashLogger : [行号:93   ] [2019-06-01 20:16:22,099]
-0.194551974534988
2019-06-01 20:16:22,100 [5] INFO  CalMotorsShit.FlashLogger : [行号:93   ] [2019-06-01 20:16:22,099]
#【0】1485.98427553832
#【1】1483.7226547587
#【2】1487.21563479238
#【3】1481.5177059825
#【4】1488.18969636433
#【5】1100.75162424126
#【6】1101.00910655418
#【7】1101.16190559559
#【8】1101.31349648811
#【9】1101.49093213703
#【10】1487.42190708735
#【11】1487.72400723526
#【12】1485.69280527856
#【13】1486.6591779614
#【14】1484.72354227854
#【15】1103.91580049937
#【16】1103.91930673426
#【17】1104.65855839339
#【18】1104.28326268969
#【19】1105.78146978468
#【20】1105.78146978468
#【21】1101.49093213703
#【22】1101.31349648811
#【23】1104.28326268969

[BEGIN LOGGING AT 2019-06-01 20:17:39,768]
2019-06-01 20:17:43,934 [5] INFO  CalMotorsShit.FlashLogger : [行号:93   ] [2019-06-01 20:17:43,932]
Up-Num =>0
2019-06-01 20:17:43,957 [5] INFO  CalMotorsShit.FlashLogger : [行号:93   ] [2019-06-01 20:17:43,933]
Bottom-Num =>2754
2019-06-01 20:17:43,958 [5] INFO  CalMotorsShit.FlashLogger : [行号:93   ] [2019-06-01 20:17:43,933]
Right-Num =>0
2019-06-01 20:17:43,958 [5] INFO  CalMotorsShit.FlashLogger : [行号:93   ] [2019-06-01 20:17:43,933]
Left-Num =>0
2019-06-01 20:17:44,214 [5] INFO  CalMotorsShit.FlashLogger : [行号:93   ] [2019-06-01 20:17:44,214]
{X=2838.043, Y=1952.822}
2019-06-01 20:17:44,215 [5] INFO  CalMotorsShit.FlashLogger : [行号:93   ] [2019-06-01 20:17:44,214]
{X=2838.39, Y=1953.426}
2019-06-01 20:17:44,215 [5] INFO  CalMotorsShit.FlashLogger : [行号:93   ] [2019-06-01 20:17:44,215]
-0.155195889864921
2019-06-01 20:17:44,215 [5] INFO  CalMotorsShit.FlashLogger : [行号:93   ] [2019-06-01 20:17:44,215]
-0.194551974534988
2019-06-01 20:17:44,216 [5] INFO  CalMotorsShit.FlashLogger : [行号:93   ] [2019-06-01 20:17:44,215]
#【0】1485.99028236974
#【1】1483.65257816641
#【2】1487.24290759625
#【3】1481.53802105214
#【4】1488.16938129469
#【5】1100.75577900073
#【6】1101.01370426252
#【7】1101.17540275571
#【8】1101.38549845314
#【9】1101.49745778162
#【10】1487.41513428414
#【11】1487.70180235389
#【12】1485.68670225507
#【13】1486.63178319929
#【14】1484.64744257665
#【15】1103.91723782156
#【16】1103.91604684767
#【17】1104.67764880218
#【18】1104.26887547447
#【19】1105.84673874851
#【20】1105.84673874851
#【21】1101.49745778162
#【22】1101.38549845314
#【23】1104.26887547447

[BEGIN LOGGING AT 2019-06-01 20:18:09,692]
2019-06-01 20:18:18,365 [5] INFO  CalMotorsShit.FlashLogger : [行号:93   ] [2019-06-01 20:18:18,363]
Up-Num =>0
2019-06-01 20:18:18,390 [5] INFO  CalMotorsShit.FlashLogger : [行号:93   ] [2019-06-01 20:18:18,364]
Bottom-Num =>2754
2019-06-01 20:18:18,390 [5] INFO  CalMotorsShit.FlashLogger : [行号:93   ] [2019-06-01 20:18:18,364]
Right-Num =>0
2019-06-01 20:18:18,390 [5] INFO  CalMotorsShit.FlashLogger : [行号:93   ] [2019-06-01 20:18:18,364]
Left-Num =>0
2019-06-01 20:18:18,646 [5] INFO  CalMotorsShit.FlashLogger : [行号:93   ] [2019-06-01 20:18:18,646]
{X=2837.78, Y=1942.182}
2019-06-01 20:18:18,647 [5] INFO  CalMotorsShit.FlashLogger : [行号:93   ] [2019-06-01 20:18:18,646]
{X=2837.626, Y=1951.024}
2019-06-01 20:18:18,647 [5] INFO  CalMotorsShit.FlashLogger : [行号:93   ] [2019-06-01 20:18:18,646]
-0.160204936738062
2019-06-01 20:18:18,647 [5] INFO  CalMotorsShit.FlashLogger : [行号:93   ] [2019-06-01 20:18:18,646]
-0.166764795780182
2019-06-01 20:18:18,647 [5] INFO  CalMotorsShit.FlashLogger : [行号:93   ] [2019-06-01 20:18:18,646]
#【0】1485.92932587827
#【1】1483.81479903711
#【2】1487.59415791064
#【3】0
#【4】0
#【5】1091.59706552828
#【6】1091.91082721545
#【7】1091.97941828149
#【8】1092.63033643624
#【9】1092.6067570959
#【10】1488.75962266593
#【11】1486.90993078893
#【12】1488.11721479634
#【13】1480.72156510555
#【14】1487.62032899055
#【15】1110.58173631515
#【16】1109.67465434073
#【17】1109.83615087083
#【18】1106.54490670075
#【19】1107.62962809822
#【20】1107.62962809822
#【21】1092.6067570959
#【22】1092.63033643624
#【23】1106.54490670075

[BEGIN LOGGING AT 2019-06-01 20:20:04,503]
2019-06-01 20:20:09,386 [5] INFO  CalMotorsShit.FlashLogger : [行号:93   ] [2019-06-01 20:20:09,384]
Up-Num =>0
2019-06-01 20:20:09,409 [5] INFO  CalMotorsShit.FlashLogger : [行号:93   ] [2019-06-01 20:20:09,385]
Bottom-Num =>2754
2019-06-01 20:20:09,410 [5] INFO  CalMotorsShit.FlashLogger : [行号:93   ] [2019-06-01 20:20:09,385]
Right-Num =>0
2019-06-01 20:20:09,410 [5] INFO  CalMotorsShit.FlashLogger : [行号:93   ] [2019-06-01 20:20:09,385]
Left-Num =>0
2019-06-01 20:20:09,666 [5] INFO  CalMotorsShit.FlashLogger : [行号:93   ] [2019-06-01 20:20:09,666]
{X=2837.78, Y=1942.182}
2019-06-01 20:20:09,667 [5] INFO  CalMotorsShit.FlashLogger : [行号:93   ] [2019-06-01 20:20:09,666]
{X=2837.626, Y=1951.024}
2019-06-01 20:20:09,667 [5] INFO  CalMotorsShit.FlashLogger : [行号:93   ] [2019-06-01 20:20:09,666]
-0.160204936738062
2019-06-01 20:20:09,667 [5] INFO  CalMotorsShit.FlashLogger : [行号:93   ] [2019-06-01 20:20:09,666]
-0.166764795780182
2019-06-01 20:20:09,667 [5] INFO  CalMotorsShit.FlashLogger : [行号:93   ] [2019-06-01 20:20:09,666]
#【0】1484.97442462437
#【1】1480.36454749203
#【2】1487.04281259644
#【3】1472.31901859271
#【4】1488.15892615873
#【5】1091.59706552828
#【6】1091.91082721545
#【7】1091.97941828149
#【8】1092.63033643624
#【9】1092.6067570959
#【10】1488.75962266593
#【11】1486.90993078893
#【12】1488.11721479634
#【13】1480.72156510555
#【14】1487.62032899055
#【15】1110.58173631515
#【16】1109.67465434073
#【17】1109.83615087083
#【18】1106.54490670075
#【19】1107.62962809822
#【20】1107.62962809822
#【21】1092.6067570959
#【22】1092.63033643624
#【23】1106.54490670075

[BEGIN LOGGING AT 2019-06-01 20:21:23,165]
2019-06-01 20:21:27,371 [5] INFO  CalMotorsShit.FlashLogger : [行号:93   ] [2019-06-01 20:21:27,369]
Up-Num =>0
2019-06-01 20:21:27,395 [5] INFO  CalMotorsShit.FlashLogger : [行号:93   ] [2019-06-01 20:21:27,370]
Bottom-Num =>2754
2019-06-01 20:21:27,396 [5] INFO  CalMotorsShit.FlashLogger : [行号:93   ] [2019-06-01 20:21:27,370]
Right-Num =>0
2019-06-01 20:21:27,396 [5] INFO  CalMotorsShit.FlashLogger : [行号:93   ] [2019-06-01 20:21:27,370]
Left-Num =>0
2019-06-01 20:21:27,645 [5] INFO  CalMotorsShit.FlashLogger : [行号:93   ] [2019-06-01 20:21:27,645]
{X=2837.78, Y=1942.182}
2019-06-01 20:21:27,645 [5] INFO  CalMotorsShit.FlashLogger : [行号:93   ] [2019-06-01 20:21:27,645]
{X=2837.626, Y=1951.024}
2019-06-01 20:21:27,645 [5] INFO  CalMotorsShit.FlashLogger : [行号:93   ] [2019-06-01 20:21:27,645]
-0.160204936738062
2019-06-01 20:21:27,645 [5] INFO  CalMotorsShit.FlashLogger : [行号:93   ] [2019-06-01 20:21:27,645]
-0.166764795780182
2019-06-01 20:21:27,646 [5] INFO  CalMotorsShit.FlashLogger : [行号:93   ] [2019-06-01 20:21:27,645]
#【0】1484.97442462437
#【1】1480.36454749203
#【2】1487.04281259644
#【3】1472.31901859271
#【4】1488.15892615873
#【5】1091.59706552828
#【6】1091.91082721545
#【7】1091.97941828149
#【8】1092.63033643624
#【9】1092.6067570959
#【10】1488.79951408862
#【11】1486.55624371091
#【12】1488.12873005246
#【13】1477.042890064
#【14】1487.6350425223
#【15】1110.58107706409
#【16】1109.6876836326
#【17】1109.82558143489
#【18】1106.66755243977
#【19】1107.53453230995
#【20】1107.53453230995
#【21】1092.6067570959
#【22】1092.63033643624
#【23】1106.66755243977

[BEGIN LOGGING AT 2019-06-01 20:38:42,114]
2019-06-01 20:38:46,524 [5] INFO  CalMotorsShit.FlashLogger : [行号:93   ] [2019-06-01 20:38:46,522]
Up-Num =>0
2019-06-01 20:38:46,547 [5] INFO  CalMotorsShit.FlashLogger : [行号:93   ] [2019-06-01 20:38:46,523]
Bottom-Num =>2754
2019-06-01 20:38:46,547 [5] INFO  CalMotorsShit.FlashLogger : [行号:93   ] [2019-06-01 20:38:46,523]
Right-Num =>0
2019-06-01 20:38:46,547 [5] INFO  CalMotorsShit.FlashLogger : [行号:93   ] [2019-06-01 20:38:46,523]
Left-Num =>0
2019-06-01 20:38:46,807 [5] INFO  CalMotorsShit.FlashLogger : [行号:93   ] [2019-06-01 20:38:46,806]
{X=2837.78, Y=1942.182}
2019-06-01 20:38:46,807 [5] INFO  CalMotorsShit.FlashLogger : [行号:93   ] [2019-06-01 20:38:46,806]
{X=2837.626, Y=1951.024}
2019-06-01 20:38:46,807 [5] INFO  CalMotorsShit.FlashLogger : [行号:93   ] [2019-06-01 20:38:46,807]
-0.160204936738062
2019-06-01 20:38:46,807 [5] INFO  CalMotorsShit.FlashLogger : [行号:93   ] [2019-06-01 20:38:46,807]
-0.166764795780182
2019-06-01 20:38:46,808 [5] INFO  CalMotorsShit.FlashLogger : [行号:93   ] [2019-06-01 20:38:46,807]
#【0】1484.97442462437
#【1】1480.36454749203
#【2】1487.04281259644
#【3】1472.31901859271
#【4】1488.15892615873
#【5】1091.59706552828
#【6】1091.91082721545
#【7】1091.97941828149
#【8】1092.63033643624
#【9】1092.6067570959
#【10】1488.79951408862
#【11】1486.55624371091
#【12】1488.12873005246
#【13】1477.042890064
#【14】1487.6350425223
#【15】1110.58107706409
#【16】1109.6876836326
#【17】1109.82558143489
#【18】1106.66755243977
#【19】1107.53453230995
#【20】1107.53453230995
#【21】1092.6067570959
#【22】1092.63033643624
#【23】1106.66755243977

