[BEGIN LOGGING AT 2019-06-03 11:39:02,775]
2019-06-03 11:39:09,503 [5] INFO  CalMotorsShit.FlashLogger : [行号:93   ] [2019-06-03 11:39:09,501]
Up-Num =>0
2019-06-03 11:39:09,535 [5] INFO  CalMotorsShit.FlashLogger : [行号:93   ] [2019-06-03 11:39:09,502]
Bottom-Num =>2754
2019-06-03 11:39:09,535 [5] INFO  CalMotorsShit.FlashLogger : [行号:93   ] [2019-06-03 11:39:09,502]
Right-Num =>0
2019-06-03 11:39:09,536 [5] INFO  CalMotorsShit.FlashLogger : [行号:93   ] [2019-06-03 11:39:09,502]
Left-Num =>0
2019-06-03 11:39:09,795 [5] INFO  CalMotorsShit.FlashLogger : [行号:93   ] [2019-06-03 11:39:09,795]
{X=2836.251, Y=1934.052}
2019-06-03 11:39:09,795 [5] INFO  CalMotorsShit.FlashLogger : [行号:93   ] [2019-06-03 11:39:09,795]
{X=2835.783, Y=1940.446}
2019-06-03 11:39:09,796 [5] INFO  CalMotorsShit.FlashLogger : [行号:93   ] [2019-06-03 11:39:09,795]
-0.14168113433412
2019-06-03 11:39:09,796 [5] INFO  CalMotorsShit.FlashLogger : [行号:93   ] [2019-06-03 11:39:09,795]
-0.149541229009628
2019-06-03 11:39:09,796 [5] INFO  CalMotorsShit.FlashLogger : [行号:93   ] [2019-06-03 11:39:09,795]
#【0】1486.50941144081
#【1】1482.73482251164
#【2】1489.23198635775
#【3】1476.68095692361
#【4】1491.02894907389
#【5】1096.13703861694
#【6】1096.39909790196
#【7】1096.4217190139
#【8】1096.54478774002
#【9】1096.86047703057
#【10】1490.37586358866
#【11】1488.42404853572
#【12】1489.59614023862
#【13】1481.78030776064
#【14】1489.07652356558
#【15】1108.98168404473
#【16】1109.52782984306
#【17】1108.84149394619
#【18】1108.06918338325
#【19】1108.33110836626
#【20】1108.33110836626
#【21】1096.86047703057
#【22】1096.54478774002
#【23】1108.06918338325

[BEGIN LOGGING AT 2019-06-03 11:41:04,820]
2019-06-03 11:41:13,839 [5] INFO  CalMotorsShit.FlashLogger : [行号:93   ] [2019-06-03 11:41:13,837]
Up-Num =>0
2019-06-03 11:41:13,863 [5] INFO  CalMotorsShit.FlashLogger : [行号:93   ] [2019-06-03 11:41:13,838]
Bottom-Num =>0
2019-06-03 11:41:13,864 [5] INFO  CalMotorsShit.FlashLogger : [行号:93   ] [2019-06-03 11:41:13,838]
Right-Num =>0
2019-06-03 11:41:13,864 [5] INFO  CalMotorsShit.FlashLogger : [行号:93   ] [2019-06-03 11:41:13,838]
Left-Num =>2176
2019-06-03 11:41:13,864 [5] INFO  CalMotorsShit.FlashLogger : [行号:93   ] [2019-06-03 11:41:13,861]
{X=2836.251, Y=1934.052}
2019-06-03 11:41:13,864 [5] INFO  CalMotorsShit.FlashLogger : [行号:93   ] [2019-06-03 11:41:13,861]
{X=2835.783, Y=1940.446}
2019-06-03 11:41:13,864 [5] INFO  CalMotorsShit.FlashLogger : [行号:93   ] [2019-06-03 11:41:13,861]
-0.14168113433412
2019-06-03 11:41:13,865 [5] INFO  CalMotorsShit.FlashLogger : [行号:93   ] [2019-06-03 11:41:13,861]
-0.149541229009628
2019-06-03 11:41:13,865 [5] INFO  CalMotorsShit.FlashLogger : [行号:93   ] [2019-06-03 11:41:13,861]
#【0】1486.50941144081
#【1】1482.73482251164
#【2】1489.23198635775
#【3】1476.68095692361
#【4】1491.02894907389
#【5】1096.13703861694
#【6】1096.39909790196
#【7】1096.4217190139
#【8】1096.54478774002
#【9】1096.86047703057
#【10】1490.37586358866
#【11】1488.42404853572
#【12】1489.59614023862
#【13】1481.78030776064
#【14】1489.07652356558
#【15】1108.98168404473
#【16】1109.52782984306
#【17】1108.84149394619
#【18】1108.06918338325
#【19】1108.33110836626
#【20】1108.33110836626
#【21】1096.86047703057
#【22】1096.54478774002
#【23】1108.06918338325

[BEGIN LOGGING AT 2019-06-03 11:41:35,819]
2019-06-03 11:41:39,963 [5] INFO  CalMotorsShit.FlashLogger : [行号:93   ] [2019-06-03 11:41:39,961]
Up-Num =>0
2019-06-03 11:41:39,987 [5] INFO  CalMotorsShit.FlashLogger : [行号:93   ] [2019-06-03 11:41:39,962]
Bottom-Num =>0
2019-06-03 11:41:39,988 [5] INFO  CalMotorsShit.FlashLogger : [行号:93   ] [2019-06-03 11:41:39,962]
Right-Num =>0
2019-06-03 11:41:39,988 [5] INFO  CalMotorsShit.FlashLogger : [行号:93   ] [2019-06-03 11:41:39,962]
Left-Num =>2176
2019-06-03 11:41:40,040 [5] INFO  CalMotorsShit.FlashLogger : [行号:93   ] [2019-06-03 11:41:40,040]
{X=2836.251, Y=1934.052}
2019-06-03 11:41:40,040 [5] INFO  CalMotorsShit.FlashLogger : [行号:93   ] [2019-06-03 11:41:40,040]
{X=2835.783, Y=1940.446}
2019-06-03 11:41:40,040 [5] INFO  CalMotorsShit.FlashLogger : [行号:93   ] [2019-06-03 11:41:40,040]
-0.14168113433412
2019-06-03 11:41:40,041 [5] INFO  CalMotorsShit.FlashLogger : [行号:93   ] [2019-06-03 11:41:40,040]
-0.149541229009628
2019-06-03 11:41:40,041 [5] INFO  CalMotorsShit.FlashLogger : [行号:93   ] [2019-06-03 11:41:40,040]
#【0】1486.50941144081
#【1】1482.73482251164
#【2】1489.23198635775
#【3】1476.68095692361
#【4】1491.02894907389
#【5】1096.13703861694
#【6】1096.39909790196
#【7】1096.4217190139
#【8】1096.54478774002
#【9】1096.86047703057
#【10】1490.37586358866
#【11】1488.42404853572
#【12】1489.59614023862
#【13】1481.78030776064
#【14】1489.07652356558
#【15】1108.98168404473
#【16】1109.52782984306
#【17】1108.84149394619
#【18】1108.06918338325
#【19】1108.33110836626
#【20】1108.33110836626
#【21】1096.86047703057
#【22】1096.54478774002
#【23】1108.06918338325

[BEGIN LOGGING AT 2019-06-03 11:53:56,127]
2019-06-03 11:54:01,344 [5] INFO  CalMotorsShit.FlashLogger : [行号:93   ] [2019-06-03 11:54:01,342]
Up-Num =>0
2019-06-03 11:54:01,368 [5] INFO  CalMotorsShit.FlashLogger : [行号:93   ] [2019-06-03 11:54:01,343]
Bottom-Num =>0
2019-06-03 11:54:01,368 [5] INFO  CalMotorsShit.FlashLogger : [行号:93   ] [2019-06-03 11:54:01,343]
Right-Num =>0
2019-06-03 11:54:01,368 [5] INFO  CalMotorsShit.FlashLogger : [行号:93   ] [2019-06-03 11:54:01,343]
Left-Num =>2176
2019-06-03 11:54:01,429 [5] INFO  CalMotorsShit.FlashLogger : [行号:93   ] [2019-06-03 11:54:01,429]
{X=2836.251, Y=1934.052}
2019-06-03 11:54:01,429 [5] INFO  CalMotorsShit.FlashLogger : [行号:93   ] [2019-06-03 11:54:01,429]
{X=2835.783, Y=1940.446}
2019-06-03 11:54:01,429 [5] INFO  CalMotorsShit.FlashLogger : [行号:93   ] [2019-06-03 11:54:01,429]
-0.14168113433412
2019-06-03 11:54:01,429 [5] INFO  CalMotorsShit.FlashLogger : [行号:93   ] [2019-06-03 11:54:01,429]
-0.149541229009628
2019-06-03 11:54:01,429 [5] INFO  CalMotorsShit.FlashLogger : [行号:93   ] [2019-06-03 11:54:01,429]
#【0】1486.50941144081
#【1】1482.73482251164
#【2】1489.23198635775
#【3】1476.68095692361
#【4】1491.02894907389
#【5】1096.13703861694
#【6】1096.39909790196
#【7】1096.4217190139
#【8】1096.54478774002
#【9】1096.86047703057
#【10】1490.37586358866
#【11】1488.42404853572
#【12】1489.59614023862
#【13】1481.78030776064
#【14】1489.07652356558
#【15】1108.98168404473
#【16】1109.52782984306
#【17】1108.84149394619
#【18】1108.06918338325
#【19】1108.33110836626
#【20】1108.33110836626
#【21】1096.86047703057
#【22】1096.54478774002
#【23】1108.06918338325

[BEGIN LOGGING AT 2019-06-03 12:05:55,527]
2019-06-03 12:06:01,004 [5] INFO  CalMotorsShit.FlashLogger : [行号:93   ] [2019-06-03 12:06:01,001]
Up-Num =>0
2019-06-03 12:06:01,028 [5] INFO  CalMotorsShit.FlashLogger : [行号:93   ] [2019-06-03 12:06:01,003]
Bottom-Num =>0
2019-06-03 12:06:01,028 [5] INFO  CalMotorsShit.FlashLogger : [行号:93   ] [2019-06-03 12:06:01,003]
Right-Num =>0
2019-06-03 12:06:01,028 [5] INFO  CalMotorsShit.FlashLogger : [行号:93   ] [2019-06-03 12:06:01,003]
Left-Num =>2176
2019-06-03 12:06:01,079 [5] INFO  CalMotorsShit.FlashLogger : [行号:93   ] [2019-06-03 12:06:01,078]
{X=2836.251, Y=1934.052}
2019-06-03 12:06:01,079 [5] INFO  CalMotorsShit.FlashLogger : [行号:93   ] [2019-06-03 12:06:01,079]
{X=2835.783, Y=1940.446}
2019-06-03 12:06:01,079 [5] INFO  CalMotorsShit.FlashLogger : [行号:93   ] [2019-06-03 12:06:01,079]
-0.14168113433412
2019-06-03 12:06:01,079 [5] INFO  CalMotorsShit.FlashLogger : [行号:93   ] [2019-06-03 12:06:01,079]
-0.149541229009628
2019-06-03 12:06:01,079 [5] INFO  CalMotorsShit.FlashLogger : [行号:93   ] [2019-06-03 12:06:01,079]
#【0】1486.50941144081
#【1】1482.73482251164
#【2】1489.23198635775
#【3】1476.68095692361
#【4】1491.02894907389
#【5】1096.13703861694
#【6】1096.39909790196
#【7】1096.4217190139
#【8】1096.54478774002
#【9】1096.86047703057
#【10】1490.37586358866
#【11】1488.42404853572
#【12】1489.59614023862
#【13】1481.78030776064
#【14】1489.07652356558
#【15】1108.98168404473
#【16】1109.52782984306
#【17】1108.84149394619
#【18】1108.06918338325
#【19】1108.33110836626
#【20】1108.33110836626
#【21】1096.86047703057
#【22】1096.54478774002
#【23】1108.06918338325

[BEGIN LOGGING AT 2019-06-03 12:13:03,157]
2019-06-03 12:13:08,365 [5] INFO  CalMotorsShit.FlashLogger : [行号:93   ] [2019-06-03 12:13:08,362]
Up-Num =>0
2019-06-03 12:13:08,389 [5] INFO  CalMotorsShit.FlashLogger : [行号:93   ] [2019-06-03 12:13:08,363]
Bottom-Num =>2754
2019-06-03 12:13:08,389 [5] INFO  CalMotorsShit.FlashLogger : [行号:93   ] [2019-06-03 12:13:08,363]
Right-Num =>0
2019-06-03 12:13:08,390 [5] INFO  CalMotorsShit.FlashLogger : [行号:93   ] [2019-06-03 12:13:08,363]
Left-Num =>0
2019-06-03 12:13:08,654 [5] INFO  CalMotorsShit.FlashLogger : [行号:93   ] [2019-06-03 12:13:08,654]
{X=2836.251, Y=1934.052}
2019-06-03 12:13:08,654 [5] INFO  CalMotorsShit.FlashLogger : [行号:93   ] [2019-06-03 12:13:08,654]
{X=2835.783, Y=1940.446}
2019-06-03 12:13:08,654 [5] INFO  CalMotorsShit.FlashLogger : [行号:93   ] [2019-06-03 12:13:08,654]
-0.14168113433412
2019-06-03 12:13:08,654 [5] INFO  CalMotorsShit.FlashLogger : [行号:93   ] [2019-06-03 12:13:08,654]
-0.149541229009628
2019-06-03 12:13:08,655 [5] INFO  CalMotorsShit.FlashLogger : [行号:93   ] [2019-06-03 12:13:08,654]
#【0】1486.50941144081
#【1】1482.73482251164
#【2】1489.23198635775
#【3】1476.68095692361
#【4】1491.02894907389
#【5】1096.13703861694
#【6】1096.39909790196
#【7】1096.4217190139
#【8】1096.54478774002
#【9】1096.86047703057
#【10】1490.37586358866
#【11】1488.42404853572
#【12】1489.59614023862
#【13】1481.78030776064
#【14】1489.07652356558
#【15】1108.98168404473
#【16】1109.52782984306
#【17】1108.84149394619
#【18】1108.06918338325
#【19】1108.33110836626
#【20】1108.33110836626
#【21】1096.86047703057
#【22】1096.54478774002
#【23】1108.06918338325

[BEGIN LOGGING AT 2019-06-03 12:14:25,142]
2019-06-03 12:14:31,545 [5] INFO  CalMotorsShit.FlashLogger : [行号:93   ] [2019-06-03 12:14:31,542]
Up-Num =>0
2019-06-03 12:14:31,567 [5] INFO  CalMotorsShit.FlashLogger : [行号:93   ] [2019-06-03 12:14:31,543]
Bottom-Num =>2754
2019-06-03 12:14:31,567 [5] INFO  CalMotorsShit.FlashLogger : [行号:93   ] [2019-06-03 12:14:31,543]
Right-Num =>0
2019-06-03 12:14:31,567 [5] INFO  CalMotorsShit.FlashLogger : [行号:93   ] [2019-06-03 12:14:31,543]
Left-Num =>0
2019-06-03 12:14:31,844 [5] INFO  CalMotorsShit.FlashLogger : [行号:93   ] [2019-06-03 12:14:31,844]
{X=2836.251, Y=1934.052}
2019-06-03 12:14:31,844 [5] INFO  CalMotorsShit.FlashLogger : [行号:93   ] [2019-06-03 12:14:31,844]
{X=2835.783, Y=1940.446}
2019-06-03 12:14:31,844 [5] INFO  CalMotorsShit.FlashLogger : [行号:93   ] [2019-06-03 12:14:31,844]
-0.14168113433412
2019-06-03 12:14:31,845 [5] INFO  CalMotorsShit.FlashLogger : [行号:93   ] [2019-06-03 12:14:31,844]
-0.149541229009628
2019-06-03 12:14:31,845 [5] INFO  CalMotorsShit.FlashLogger : [行号:93   ] [2019-06-03 12:14:31,844]
#【0】1486.50941144081
#【1】1482.73482251164
#【2】1489.23198635775
#【3】1476.68095692361
#【4】1491.02894907389
#【5】1096.13703861694
#【6】1096.39909790196
#【7】1096.4217190139
#【8】1096.54478774002
#【9】1096.86047703057
#【10】1490.37586358866
#【11】1488.42404853572
#【12】1489.59614023862
#【13】1481.78030776064
#【14】1489.07652356558
#【15】1108.98168404473
#【16】1109.52782984306
#【17】1108.84149394619
#【18】1108.06918338325
#【19】1108.33110836626
#【20】1108.33110836626
#【21】1096.86047703057
#【22】1096.54478774002
#【23】1108.06918338325

[BEGIN LOGGING AT 2019-06-03 12:17:16,036]
2019-06-03 12:17:28,182 [5] INFO  CalMotorsShit.FlashLogger : [行号:93   ] [2019-06-03 12:17:28,179]
Up-Num =>0
2019-06-03 12:17:28,204 [5] INFO  CalMotorsShit.FlashLogger : [行号:93   ] [2019-06-03 12:17:28,181]
Bottom-Num =>0
2019-06-03 12:17:28,205 [5] INFO  CalMotorsShit.FlashLogger : [行号:93   ] [2019-06-03 12:17:28,181]
Right-Num =>0
2019-06-03 12:17:28,206 [5] INFO  CalMotorsShit.FlashLogger : [行号:93   ] [2019-06-03 12:17:28,181]
Left-Num =>2176
2019-06-03 12:17:28,278 [5] INFO  CalMotorsShit.FlashLogger : [行号:93   ] [2019-06-03 12:17:28,278]
{X=2836.251, Y=1934.052}
2019-06-03 12:17:28,279 [5] INFO  CalMotorsShit.FlashLogger : [行号:93   ] [2019-06-03 12:17:28,278]
{X=2835.783, Y=1940.446}
2019-06-03 12:17:28,279 [5] INFO  CalMotorsShit.FlashLogger : [行号:93   ] [2019-06-03 12:17:28,278]
-0.14168113433412
2019-06-03 12:17:28,279 [5] INFO  CalMotorsShit.FlashLogger : [行号:93   ] [2019-06-03 12:17:28,278]
-0.149541229009628
2019-06-03 12:17:28,279 [5] INFO  CalMotorsShit.FlashLogger : [行号:93   ] [2019-06-03 12:17:28,278]
#【0】1486.50941144081
#【1】1482.73482251164
#【2】1489.23198635775
#【3】1476.68095692361
#【4】1491.02894907389
#【5】1096.13703861694
#【6】1096.39909790196
#【7】1096.4217190139
#【8】1096.54478774002
#【9】1096.86047703057
#【10】1490.37586358866
#【11】1488.42404853572
#【12】1489.59614023862
#【13】1481.78030776064
#【14】1489.07652356558
#【15】1108.98168404473
#【16】1109.52782984306
#【17】1108.84149394619
#【18】1108.06918338325
#【19】1108.33110836626
#【20】1108.33110836626
#【21】1096.86047703057
#【22】1096.54478774002
#【23】1108.06918338325

