[BEGIN LOGGING AT 2019-06-04 09:55:40,439]
2019-06-04 09:57:23,690 [5] INFO  CalMotorsShit.FlashLogger : [行号:93   ] [2019-06-04 09:57:23,690]
Up-Num =>0
2019-06-04 09:57:23,799 [5] INFO  CalMotorsShit.FlashLogger : [行号:93   ] [2019-06-04 09:57:23,690]
Bottom-Num =>0
2019-06-04 09:57:23,799 [5] INFO  CalMotorsShit.FlashLogger : [行号:93   ] [2019-06-04 09:57:23,690]
Right-Num =>0
2019-06-04 09:57:23,799 [5] INFO  CalMotorsShit.FlashLogger : [行号:93   ] [2019-06-04 09:57:23,690]
Left-Num =>1399
2019-06-04 09:57:23,799 [5] INFO  CalMotorsShit.FlashLogger : [行号:93   ] [2019-06-04 09:57:23,752]
{X=2867.111, Y=1879.77}
2019-06-04 09:57:23,799 [5] INFO  CalMotorsShit.FlashLogger : [行号:93   ] [2019-06-04 09:57:23,752]
{X=2869.544, Y=1881.799}
2019-06-04 09:57:23,799 [5] INFO  CalMotorsShit.FlashLogger : [行号:93   ] [2019-06-04 09:57:23,752]
-0.551647714030861
2019-06-04 09:57:23,799 [5] INFO  CalMotorsShit.FlashLogger : [行号:93   ] [2019-06-04 09:57:23,752]
-0.589307308197021
2019-06-04 09:57:23,799 [5] INFO  CalMotorsShit.FlashLogger : [行号:93   ] [2019-06-04 09:57:23,752]
#【0】1397.78994927525
#【1】1403.95446267163
#【2】1397.74687463611
#【3】0
#【4】0
#【5】702.258467522834
#【6】702.033915630404
#【7】703.17275061636
#【8】704.584573749081
#【9】703.377274774878
#【10】1400.31079628871
#【11】1394.23830204754
#【12】1408.43296747332
#【13】0
#【14】0
#【15】709.600836332243
#【16】709.060631382855
#【17】708.011762728283
#【18】707.721540059658
#【19】706.529609401673
#【20】706.529609401673
#【21】703.377274774878
#【22】704.584573749081
#【23】707.721540059658

[BEGIN LOGGING AT 2019-06-04 10:02:27,014]
2019-06-04 10:02:32,747 [5] INFO  CalMotorsShit.FlashLogger : [行号:93   ] [2019-06-04 10:02:32,745]
Up-Num =>0
2019-06-04 10:02:32,770 [5] INFO  CalMotorsShit.FlashLogger : [行号:93   ] [2019-06-04 10:02:32,746]
Bottom-Num =>0
2019-06-04 10:02:32,771 [5] INFO  CalMotorsShit.FlashLogger : [行号:93   ] [2019-06-04 10:02:32,746]
Right-Num =>0
2019-06-04 10:02:32,771 [5] INFO  CalMotorsShit.FlashLogger : [行号:93   ] [2019-06-04 10:02:32,746]
Left-Num =>1399
2019-06-04 10:02:32,808 [5] INFO  CalMotorsShit.FlashLogger : [行号:93   ] [2019-06-04 10:02:32,808]
{X=2867.111, Y=1879.77}
2019-06-04 10:02:32,808 [5] INFO  CalMotorsShit.FlashLogger : [行号:93   ] [2019-06-04 10:02:32,808]
{X=2869.544, Y=1881.799}
2019-06-04 10:02:32,808 [5] INFO  CalMotorsShit.FlashLogger : [行号:93   ] [2019-06-04 10:02:32,808]
-0.551647714030861
2019-06-04 10:02:32,808 [5] INFO  CalMotorsShit.FlashLogger : [行号:93   ] [2019-06-04 10:02:32,808]
-0.589307308197021
2019-06-04 10:02:32,809 [5] INFO  CalMotorsShit.FlashLogger : [行号:93   ] [2019-06-04 10:02:32,808]
#【0】1397.78994927525
#【1】1403.95446267163
#【2】1397.74687463611
#【3】0
#【4】0
#【5】702.258467522834
#【6】702.033915630404
#【7】703.17275061636
#【8】704.584573749081
#【9】703.377274774878
#【10】1400.31079628871
#【11】1394.23830204754
#【12】1408.43296747332
#【13】0
#【14】0
#【15】709.600836332243
#【16】709.060631382855
#【17】708.011762728283
#【18】707.721540059658
#【19】706.529609401673
#【20】706.529609401673
#【21】703.377274774878
#【22】704.584573749081
#【23】707.721540059658

[BEGIN LOGGING AT 2019-06-04 10:04:22,398]
2019-06-04 10:04:27,947 [5] INFO  CalMotorsShit.FlashLogger : [行号:93   ] [2019-06-04 10:04:27,945]
Up-Num =>0
2019-06-04 10:04:27,972 [5] INFO  CalMotorsShit.FlashLogger : [行号:93   ] [2019-06-04 10:04:27,946]
Bottom-Num =>2754
2019-06-04 10:04:27,973 [5] INFO  CalMotorsShit.FlashLogger : [行号:93   ] [2019-06-04 10:04:27,946]
Right-Num =>0
2019-06-04 10:04:27,973 [5] INFO  CalMotorsShit.FlashLogger : [行号:93   ] [2019-06-04 10:04:27,946]
Left-Num =>0
2019-06-04 10:04:28,146 [5] INFO  CalMotorsShit.FlashLogger : [行号:93   ] [2019-06-04 10:04:28,146]
{X=2867.111, Y=1879.77}
2019-06-04 10:04:28,146 [5] INFO  CalMotorsShit.FlashLogger : [行号:93   ] [2019-06-04 10:04:28,146]
{X=2869.544, Y=1881.799}
2019-06-04 10:04:28,147 [5] INFO  CalMotorsShit.FlashLogger : [行号:93   ] [2019-06-04 10:04:28,146]
-0.551647714030861
2019-06-04 10:04:28,147 [5] INFO  CalMotorsShit.FlashLogger : [行号:93   ] [2019-06-04 10:04:28,146]
-0.589307308197021
2019-06-04 10:04:28,147 [5] INFO  CalMotorsShit.FlashLogger : [行号:93   ] [2019-06-04 10:04:28,146]
#【0】1397.78994927525
#【1】1403.95446267163
#【2】1397.74687463611
#【3】0
#【4】0
#【5】702.258467522834
#【6】702.033915630404
#【7】703.17275061636
#【8】704.584573749081
#【9】703.377274774878
#【10】1400.31079628871
#【11】1394.23830204754
#【12】1408.43296747332
#【13】0
#【14】0
#【15】709.600836332243
#【16】709.060631382855
#【17】708.011762728283
#【18】707.721540059658
#【19】706.529609401673
#【20】706.529609401673
#【21】703.377274774878
#【22】704.584573749081
#【23】707.721540059658

[BEGIN LOGGING AT 2019-06-04 10:22:42,941]
2019-06-04 10:22:48,368 [5] INFO  CalMotorsShit.FlashLogger : [行号:93   ] [2019-06-04 10:22:48,366]
Up-Num =>0
2019-06-04 10:22:48,392 [5] INFO  CalMotorsShit.FlashLogger : [行号:93   ] [2019-06-04 10:22:48,367]
Bottom-Num =>2754
2019-06-04 10:22:48,392 [5] INFO  CalMotorsShit.FlashLogger : [行号:93   ] [2019-06-04 10:22:48,367]
Right-Num =>0
2019-06-04 10:22:48,392 [5] INFO  CalMotorsShit.FlashLogger : [行号:93   ] [2019-06-04 10:22:48,367]
Left-Num =>0
2019-06-04 10:22:48,578 [5] INFO  CalMotorsShit.FlashLogger : [行号:93   ] [2019-06-04 10:22:48,578]
X-Y均值计算质心：{X=2867.111, Y=1879.77}
外接矩形中心：{X=2869.544, Y=1881.799}
Hu矩计算质心：{X=2867.984, Y=1881.301}

2019-06-04 10:22:48,579 [5] INFO  CalMotorsShit.FlashLogger : [行号:93   ] [2019-06-04 10:22:48,578]
最小二乘法拟合直线斜率：-0.551647714030861
外接矩形斜率：-0.589307308197021

2019-06-04 10:22:48,579 [5] INFO  CalMotorsShit.FlashLogger : [行号:93   ] [2019-06-04 10:22:48,578]
24电机位移
#【0】1397.78994927525
#【1】1403.95446267163
#【2】1397.74687463611
#【3】0
#【4】0
#【5】702.258467522834
#【6】702.033915630404
#【7】703.17275061636
#【8】704.584573749081
#【9】703.377274774878
#【10】1400.31079628871
#【11】1394.23830204754
#【12】1408.43296747332
#【13】0
#【14】0
#【15】709.600836332243
#【16】709.060631382855
#【17】708.011762728283
#【18】707.721540059658
#【19】706.529609401673
#【20】706.529609401673
#【21】703.377274774878
#【22】704.584573749081
#【23】707.721540059658

[BEGIN LOGGING AT 2019-06-04 10:24:33,375]
2019-06-04 10:24:40,028 [5] INFO  CalMotorsShit.FlashLogger : [行号:93   ] [2019-06-04 10:24:40,026]
Up-Num =>0
2019-06-04 10:24:40,052 [5] INFO  CalMotorsShit.FlashLogger : [行号:93   ] [2019-06-04 10:24:40,027]
Bottom-Num =>2754
2019-06-04 10:24:40,052 [5] INFO  CalMotorsShit.FlashLogger : [行号:93   ] [2019-06-04 10:24:40,027]
Right-Num =>0
2019-06-04 10:24:40,052 [5] INFO  CalMotorsShit.FlashLogger : [行号:93   ] [2019-06-04 10:24:40,027]
Left-Num =>0
2019-06-04 10:24:40,225 [5] INFO  CalMotorsShit.FlashLogger : [行号:93   ] [2019-06-04 10:24:40,225]
X-Y均值计算质心：{X=2867.111, Y=1879.77}
外接矩形中心：{X=2869.544, Y=1881.799}
Hu矩计算质心：{X=2867.984, Y=1881.301}

2019-06-04 10:24:40,225 [5] INFO  CalMotorsShit.FlashLogger : [行号:93   ] [2019-06-04 10:24:40,225]
最小二乘法拟合直线斜率：-0.551647714030861
外接矩形斜率：-0.589307308197021

2019-06-04 10:24:40,225 [5] INFO  CalMotorsShit.FlashLogger : [行号:93   ] [2019-06-04 10:24:40,225]
24电机位移
#【0】1397.77069343492
#【1】1403.93520683129
#【2】1397.72761879578
#【3】0
#【4】0
#【5】704.258374823839
#【6】704.033822931407
#【7】705.172657917369
#【8】706.584481050086
#【9】705.377182075883
#【10】1400.33005212905
#【11】1394.25755788788
#【12】1408.45222331365
#【13】0
#【14】0
#【15】707.600929031236
#【16】707.060724081848
#【17】706.011855427277
#【18】705.721632758653
#【19】704.529702100669
#【20】704.529702100669
#【21】705.377182075883
#【22】706.584481050086
#【23】705.721632758653

[BEGIN LOGGING AT 2019-06-04 17:39:41,751]
2019-06-04 17:40:03,056 [5] INFO  CalMotorsShit.FlashLogger : [行号:93   ] [2019-06-04 17:40:03,054]
Up-Num =>0
2019-06-04 17:40:03,225 [5] INFO  CalMotorsShit.FlashLogger : [行号:93   ] [2019-06-04 17:40:03,055]
Bottom-Num =>2754
2019-06-04 17:40:03,225 [5] INFO  CalMotorsShit.FlashLogger : [行号:93   ] [2019-06-04 17:40:03,055]
Right-Num =>0
2019-06-04 17:40:03,226 [5] INFO  CalMotorsShit.FlashLogger : [行号:93   ] [2019-06-04 17:40:03,055]
Left-Num =>0
2019-06-04 17:40:03,246 [5] INFO  CalMotorsShit.FlashLogger : [行号:93   ] [2019-06-04 17:40:03,246]
X-Y均值计算质心：{X=2807.489, Y=2191.438}
外接矩形中心：{X=2809.269, Y=2191.839}
Hu矩计算质心：{X=2807.869, Y=2192.391}

2019-06-04 17:40:03,247 [5] INFO  CalMotorsShit.FlashLogger : [行号:93   ] [2019-06-04 17:40:03,246]
最小二乘法拟合直线斜率：-1.12458945243863
外接矩形斜率：-1.11239957809448

2019-06-04 17:40:03,247 [5] INFO  CalMotorsShit.FlashLogger : [行号:93   ] [2019-06-04 17:40:03,246]
24电机位移
#【0】1397.48680044519
#【1】1403.21878225465
#【2】1397.30428108091
#【3】0
#【4】0
#【5】703.637317218622
#【6】703.196895329384
#【7】704.065061587244
#【8】705.47689843128
#【9】704.478931424189
#【10】1399.75965141307
#【11】1393.85278147072
#【12】1407.29916491571
#【13】0
#【14】0
#【15】706.302031480845
#【16】706.038376769353
#【17】705.19527942813
#【18】705.905047230029
#【19】704.446049153445
#【20】704.446049153445
#【21】704.478931424189
#【22】705.47689843128
#【23】705.905047230029

[BEGIN LOGGING AT 2019-06-04 17:40:12,773]
2019-06-04 17:40:23,412 [5] INFO  CalMotorsShit.FlashLogger : [行号:93   ] [2019-06-04 17:40:23,410]
Up-Num =>0
2019-06-04 17:40:23,434 [5] INFO  CalMotorsShit.FlashLogger : [行号:93   ] [2019-06-04 17:40:23,411]
Bottom-Num =>2681
2019-06-04 17:40:23,434 [5] INFO  CalMotorsShit.FlashLogger : [行号:93   ] [2019-06-04 17:40:23,411]
Right-Num =>0
2019-06-04 17:40:23,435 [5] INFO  CalMotorsShit.FlashLogger : [行号:93   ] [2019-06-04 17:40:23,411]
Left-Num =>0
2019-06-04 17:40:23,602 [5] INFO  CalMotorsShit.FlashLogger : [行号:93   ] [2019-06-04 17:40:23,602]
X-Y均值计算质心：{X=2730.796, Y=1845.047}
外接矩形中心：{X=2731.917, Y=1844.222}
Hu矩计算质心：{X=2730.946, Y=1845.423}

2019-06-04 17:40:23,602 [5] INFO  CalMotorsShit.FlashLogger : [行号:93   ] [2019-06-04 17:40:23,602]
最小二乘法拟合直线斜率：4.00344776275088
外接矩形斜率：3.94017028808594

2019-06-04 17:40:23,603 [5] INFO  CalMotorsShit.FlashLogger : [行号:93   ] [2019-06-04 17:40:23,602]
24电机位移
#【0】1359.97578896887
#【1】1358.42117152079
#【2】1360.62954826828
#【3】0
#【4】0
#【5】689.605478330431
#【6】690.62034617549
#【7】690.127895880611
#【8】692.432092998532
#【9】693.017279721945
#【10】1363.95940334878
#【11】1364.69963832891
#【12】1361.83932511288
#【13】0
#【14】0
#【15】692.005656223099
#【16】690.552588404164
#【17】692.456041496956
#【18】687.015875572061
#【19】693.491648201243
#【20】693.491648201243
#【21】693.017279721945
#【22】692.432092998532
#【23】687.015875572061

[BEGIN LOGGING AT 2019-06-04 18:18:27,040]
2019-06-04 18:18:35,160 [5] INFO  CalMotorsShit.FlashLogger : [行号:93   ] [2019-06-04 18:18:35,144]
Up-Num =>0
2019-06-04 18:18:35,175 [5] INFO  CalMotorsShit.FlashLogger : [行号:93   ] [2019-06-04 18:18:35,144]
Bottom-Num =>2681
2019-06-04 18:18:35,175 [5] INFO  CalMotorsShit.FlashLogger : [行号:93   ] [2019-06-04 18:18:35,144]
Right-Num =>0
2019-06-04 18:18:35,175 [5] INFO  CalMotorsShit.FlashLogger : [行号:93   ] [2019-06-04 18:18:35,144]
Left-Num =>0
2019-06-04 18:18:35,332 [5] INFO  CalMotorsShit.FlashLogger : [行号:93   ] [2019-06-04 18:18:35,332]
X-Y均值计算质心：{X=2730.796, Y=1845.047}
外接矩形中心：{X=2731.917, Y=1844.222}
Hu矩计算质心：{X=2730.946, Y=1845.423}

2019-06-04 18:18:35,332 [5] INFO  CalMotorsShit.FlashLogger : [行号:93   ] [2019-06-04 18:18:35,332]
最小二乘法拟合直线斜率：4.00344776275088
外接矩形斜率：3.94017028808594

2019-06-04 18:18:35,332 [5] INFO  CalMotorsShit.FlashLogger : [行号:93   ] [2019-06-04 18:18:35,332]
24电机位移
#【0】1359.97578896887
#【1】1358.42117152079
#【2】1360.62954826828
#【3】0
#【4】0
#【5】689.605478330431
#【6】690.62034617549
#【7】690.127895880611
#【8】692.432092998532
#【9】693.017279721945
#【10】1363.95940334878
#【11】1364.69963832891
#【12】1361.83932511288
#【13】0
#【14】0
#【15】692.005656223099
#【16】690.552588404164
#【17】692.456041496956
#【18】687.015875572061
#【19】693.491648201243
#【20】693.491648201243
#【21】693.017279721945
#【22】692.432092998532
#【23】687.015875572061

[BEGIN LOGGING AT 2019-06-04 18:20:03,147]
2019-06-04 18:20:10,674 [5] INFO  CalMotorsShit.FlashLogger : [行号:93   ] [2019-06-04 18:20:10,658]
Up-Num =>0
2019-06-04 18:20:10,690 [5] INFO  CalMotorsShit.FlashLogger : [行号:93   ] [2019-06-04 18:20:10,674]
Bottom-Num =>2681
2019-06-04 18:20:10,690 [5] INFO  CalMotorsShit.FlashLogger : [行号:93   ] [2019-06-04 18:20:10,674]
Right-Num =>0
2019-06-04 18:20:10,690 [5] INFO  CalMotorsShit.FlashLogger : [行号:93   ] [2019-06-04 18:20:10,674]
Left-Num =>0
2019-06-04 18:20:10,846 [5] INFO  CalMotorsShit.FlashLogger : [行号:93   ] [2019-06-04 18:20:10,846]
X-Y均值计算质心：{X=2730.796, Y=1845.047}
外接矩形中心：{X=2731.917, Y=1844.222}
Hu矩计算质心：{X=2730.946, Y=1845.423}

2019-06-04 18:20:10,846 [5] INFO  CalMotorsShit.FlashLogger : [行号:93   ] [2019-06-04 18:20:10,846]
最小二乘法拟合直线斜率：4.00344776275088
外接矩形斜率：3.94017028808594

2019-06-04 18:20:10,846 [5] INFO  CalMotorsShit.FlashLogger : [行号:93   ] [2019-06-04 18:20:10,846]
24电机位移
#【0】1359.97578896887
#【1】1358.42117152079
#【2】1360.62954826828
#【3】0
#【4】0
#【5】689.605478330431
#【6】690.62034617549
#【7】690.127895880611
#【8】692.432092998532
#【9】693.017279721945
#【10】1363.95940334878
#【11】1364.69963832891
#【12】1361.83932511288
#【13】0
#【14】0
#【15】692.005656223099
#【16】690.552588404164
#【17】692.456041496956
#【18】687.015875572061
#【19】693.491648201243
#【20】693.491648201243
#【21】693.017279721945
#【22】692.432092998532
#【23】687.015875572061

[BEGIN LOGGING AT 2019-06-04 18:20:44,891]
2019-06-04 18:20:50,634 [5] INFO  CalMotorsShit.FlashLogger : [行号:93   ] [2019-06-04 18:20:50,618]
Up-Num =>0
2019-06-04 18:20:50,650 [5] INFO  CalMotorsShit.FlashLogger : [行号:93   ] [2019-06-04 18:20:50,618]
Bottom-Num =>2681
2019-06-04 18:20:50,650 [5] INFO  CalMotorsShit.FlashLogger : [行号:93   ] [2019-06-04 18:20:50,618]
Right-Num =>0
2019-06-04 18:20:50,650 [5] INFO  CalMotorsShit.FlashLogger : [行号:93   ] [2019-06-04 18:20:50,618]
Left-Num =>0
2019-06-04 18:20:50,821 [5] INFO  CalMotorsShit.FlashLogger : [行号:93   ] [2019-06-04 18:20:50,821]
X-Y均值计算质心：{X=2730.796, Y=1845.047}
外接矩形中心：{X=2731.917, Y=1844.222}
Hu矩计算质心：{X=2730.946, Y=1845.423}

2019-06-04 18:20:50,821 [5] INFO  CalMotorsShit.FlashLogger : [行号:93   ] [2019-06-04 18:20:50,821]
最小二乘法拟合直线斜率：4.00344776275088
外接矩形斜率：3.94017028808594

2019-06-04 18:20:50,821 [5] INFO  CalMotorsShit.FlashLogger : [行号:93   ] [2019-06-04 18:20:50,821]
24电机位移
#【0】1359.97578896887
#【1】1358.42117152079
#【2】1360.62954826828
#【3】0
#【4】0
#【5】689.605478330431
#【6】690.62034617549
#【7】690.127895880611
#【8】692.432092998532
#【9】693.017279721945
#【10】1363.95940334878
#【11】1364.69963832891
#【12】1361.83932511288
#【13】0
#【14】0
#【15】692.005656223099
#【16】690.552588404164
#【17】692.456041496956
#【18】687.015875572061
#【19】693.491648201243
#【20】693.491648201243
#【21】693.017279721945
#【22】692.432092998532
#【23】687.015875572061

[BEGIN LOGGING AT 2019-06-04 18:21:44,628]
2019-06-04 18:21:49,714 [5] INFO  CalMotorsShit.FlashLogger : [行号:93   ] [2019-06-04 18:21:49,711]
Up-Num =>0
2019-06-04 18:21:49,736 [5] INFO  CalMotorsShit.FlashLogger : [行号:93   ] [2019-06-04 18:21:49,713]
Bottom-Num =>2680
2019-06-04 18:21:49,736 [5] INFO  CalMotorsShit.FlashLogger : [行号:93   ] [2019-06-04 18:21:49,713]
Right-Num =>0
2019-06-04 18:21:49,736 [5] INFO  CalMotorsShit.FlashLogger : [行号:93   ] [2019-06-04 18:21:49,713]
Left-Num =>0
2019-06-04 18:21:49,894 [5] INFO  CalMotorsShit.FlashLogger : [行号:93   ] [2019-06-04 18:21:49,894]
X-Y均值计算质心：{X=2730.956, Y=1845.288}
外接矩形中心：{X=2731.954, Y=1844.669}
Hu矩计算质心：{X=2730.941, Y=1845.667}

2019-06-04 18:21:49,894 [5] INFO  CalMotorsShit.FlashLogger : [行号:93   ] [2019-06-04 18:21:49,894]
最小二乘法拟合直线斜率：4.00210475116026
外接矩形斜率：3.94518280029297

2019-06-04 18:21:49,894 [5] INFO  CalMotorsShit.FlashLogger : [行号:93   ] [2019-06-04 18:21:49,894]
24电机位移
#【0】1359.4956153188
#【1】1357.86793975518
#【2】1359.90606417324
#【3】0
#【4】0
#【5】689.431613377307
#【6】690.21885549696
#【7】689.765538408052
#【8】691.915181740918
#【9】692.429702828954
#【10】1363.32198917861
#【11】1364.29435605802
#【12】1361.21379716794
#【13】0
#【14】0
#【15】692.104519060334
#【16】690.653130326046
#【17】692.520395186485
#【18】687.065266730922
#【19】693.467053833009
#【20】693.467053833009
#【21】692.429702828954
#【22】691.915181740918
#【23】687.065266730922

[BEGIN LOGGING AT 2019-06-04 18:22:05,472]
2019-06-04 18:22:10,474 [5] INFO  CalMotorsShit.FlashLogger : [行号:93   ] [2019-06-04 18:22:10,474]
Up-Num =>0
2019-06-04 18:22:10,505 [5] INFO  CalMotorsShit.FlashLogger : [行号:93   ] [2019-06-04 18:22:10,474]
Bottom-Num =>2680
2019-06-04 18:22:10,505 [5] INFO  CalMotorsShit.FlashLogger : [行号:93   ] [2019-06-04 18:22:10,474]
Right-Num =>0
2019-06-04 18:22:10,505 [5] INFO  CalMotorsShit.FlashLogger : [行号:93   ] [2019-06-04 18:22:10,474]
Left-Num =>0
2019-06-04 18:22:10,650 [5] INFO  CalMotorsShit.FlashLogger : [行号:93   ] [2019-06-04 18:22:10,650]
X-Y均值计算质心：{X=2730.956, Y=1845.288}
外接矩形中心：{X=2731.954, Y=1844.669}
Hu矩计算质心：{X=2730.941, Y=1845.667}

2019-06-04 18:22:10,650 [5] INFO  CalMotorsShit.FlashLogger : [行号:93   ] [2019-06-04 18:22:10,650]
最小二乘法拟合直线斜率：4.00210475116026
外接矩形斜率：3.94518280029297

2019-06-04 18:22:10,650 [5] INFO  CalMotorsShit.FlashLogger : [行号:93   ] [2019-06-04 18:22:10,650]
24电机位移
#【0】1359.4956153188
#【1】1357.86793975518
#【2】1359.90606417324
#【3】0
#【4】0
#【5】689.431613377307
#【6】690.21885549696
#【7】689.765538408052
#【8】691.915181740918
#【9】692.429702828954
#【10】1363.32198917861
#【11】1364.29435605802
#【12】1361.21379716794
#【13】0
#【14】0
#【15】692.104519060334
#【16】690.653130326046
#【17】692.520395186485
#【18】687.065266730922
#【19】693.467053833009
#【20】693.467053833009
#【21】692.429702828954
#【22】691.915181740918
#【23】687.065266730922

[BEGIN LOGGING AT 2019-06-04 18:22:28,536]
2019-06-04 18:22:33,185 [5] INFO  CalMotorsShit.FlashLogger : [行号:93   ] [2019-06-04 18:22:33,183]
Up-Num =>0
2019-06-04 18:22:33,208 [5] INFO  CalMotorsShit.FlashLogger : [行号:93   ] [2019-06-04 18:22:33,184]
Bottom-Num =>2680
2019-06-04 18:22:33,208 [5] INFO  CalMotorsShit.FlashLogger : [行号:93   ] [2019-06-04 18:22:33,184]
Right-Num =>0
2019-06-04 18:22:33,209 [5] INFO  CalMotorsShit.FlashLogger : [行号:93   ] [2019-06-04 18:22:33,184]
Left-Num =>0
2019-06-04 18:22:33,365 [5] INFO  CalMotorsShit.FlashLogger : [行号:93   ] [2019-06-04 18:22:33,365]
X-Y均值计算质心：{X=2730.956, Y=1845.288}
外接矩形中心：{X=2731.954, Y=1844.669}
Hu矩计算质心：{X=2730.941, Y=1845.667}

2019-06-04 18:22:33,365 [5] INFO  CalMotorsShit.FlashLogger : [行号:93   ] [2019-06-04 18:22:33,365]
最小二乘法拟合直线斜率：4.00210475116026
外接矩形斜率：3.94518280029297

2019-06-04 18:22:33,365 [5] INFO  CalMotorsShit.FlashLogger : [行号:93   ] [2019-06-04 18:22:33,365]
24电机位移
#【0】1359.4956153188
#【1】1357.86793975518
#【2】1359.90606417324
#【3】0
#【4】0
#【5】689.431613377307
#【6】690.21885549696
#【7】689.765538408052
#【8】691.915181740918
#【9】692.429702828954
#【10】1363.32198917861
#【11】1364.29435605802
#【12】1361.21379716794
#【13】0
#【14】0
#【15】692.104519060334
#【16】690.653130326046
#【17】692.520395186485
#【18】687.065266730922
#【19】693.467053833009
#【20】693.467053833009
#【21】692.429702828954
#【22】691.915181740918
#【23】687.065266730922

[BEGIN LOGGING AT 2019-06-04 18:24:23,888]
2019-06-04 18:24:30,502 [5] INFO  CalMotorsShit.FlashLogger : [行号:93   ] [2019-06-04 18:24:30,498]
Up-Num =>0
2019-06-04 18:24:30,526 [5] INFO  CalMotorsShit.FlashLogger : [行号:93   ] [2019-06-04 18:24:30,499]
Bottom-Num =>2681
2019-06-04 18:24:30,526 [5] INFO  CalMotorsShit.FlashLogger : [行号:93   ] [2019-06-04 18:24:30,500]
Right-Num =>0
2019-06-04 18:24:30,526 [5] INFO  CalMotorsShit.FlashLogger : [行号:93   ] [2019-06-04 18:24:30,500]
Left-Num =>0
2019-06-04 18:24:30,793 [5] INFO  CalMotorsShit.FlashLogger : [行号:93   ] [2019-06-04 18:24:30,792]
X-Y均值计算质心：{X=2730.796, Y=1845.047}
外接矩形中心：{X=2731.917, Y=1844.222}
Hu矩计算质心：{X=2730.946, Y=1845.423}

2019-06-04 18:24:30,793 [5] INFO  CalMotorsShit.FlashLogger : [行号:93   ] [2019-06-04 18:24:30,793]
最小二乘法拟合直线斜率：4.00344776275088
外接矩形斜率：3.94017028808594

2019-06-04 18:24:30,793 [5] INFO  CalMotorsShit.FlashLogger : [行号:93   ] [2019-06-04 18:24:30,793]
24电机位移
#【0】1359.97578896887
#【1】1358.42117152079
#【2】1360.62954826828
#【3】0
#【4】0
#【5】689.605478330431
#【6】690.62034617549
#【7】690.127895880611
#【8】692.432092998532
#【9】693.017279721945
#【10】1363.95940334878
#【11】1364.69963832891
#【12】1361.83932511288
#【13】0
#【14】0
#【15】692.005656223099
#【16】690.552588404164
#【17】692.456041496956
#【18】687.015875572061
#【19】693.491648201243
#【20】693.491648201243
#【21】693.017279721945
#【22】692.432092998532
#【23】687.015875572061

[BEGIN LOGGING AT 2019-06-04 20:04:30,187]
2019-06-04 20:04:39,260 [5] INFO  CalMotorsShit.FlashLogger : [行号:93   ] [2019-06-04 20:04:39,260]
Up-Num =>0
2019-06-04 20:04:39,369 [5] INFO  CalMotorsShit.FlashLogger : [行号:93   ] [2019-06-04 20:04:39,260]
Bottom-Num =>2754
2019-06-04 20:04:39,369 [5] INFO  CalMotorsShit.FlashLogger : [行号:93   ] [2019-06-04 20:04:39,260]
Right-Num =>0
2019-06-04 20:04:39,369 [5] INFO  CalMotorsShit.FlashLogger : [行号:93   ] [2019-06-04 20:04:39,260]
Left-Num =>0
2019-06-04 20:04:39,447 [5] INFO  CalMotorsShit.FlashLogger : [行号:93   ] [2019-06-04 20:04:39,447]
X-Y均值计算质心：{X=2807.489, Y=2191.438}
外接矩形中心：{X=2809.269, Y=2191.839}
Hu矩计算质心：{X=2807.869, Y=2192.391}

2019-06-04 20:04:39,447 [5] INFO  CalMotorsShit.FlashLogger : [行号:93   ] [2019-06-04 20:04:39,447]
最小二乘法拟合直线斜率：-1.12458945243863
外接矩形斜率：-1.11239957809448

2019-06-04 20:04:39,447 [5] INFO  CalMotorsShit.FlashLogger : [行号:93   ] [2019-06-04 20:04:39,447]
24电机位移
#【0】1397.48680044519
#【1】1403.21878225465
#【2】1397.30428108091
#【3】0
#【4】0
#【5】703.637317218622
#【6】703.196895329384
#【7】704.065061587244
#【8】705.47689843128
#【9】704.478931424189
#【10】1399.75965141307
#【11】1393.85278147072
#【12】1407.29916491571
#【13】0
#【14】0
#【15】706.302031480845
#【16】706.038376769353
#【17】705.19527942813
#【18】705.905047230029
#【19】704.446049153445
#【20】704.446049153445
#【21】704.478931424189
#【22】705.47689843128
#【23】705.905047230029

[BEGIN LOGGING AT 2019-06-04 20:16:09,679]
2019-06-04 20:16:17,247 [5] INFO  CalMotorsShit.FlashLogger : [行号:93   ] [2019-06-04 20:16:17,245]
Up-Num =>0
2019-06-04 20:16:17,270 [5] INFO  CalMotorsShit.FlashLogger : [行号:93   ] [2019-06-04 20:16:17,246]
Bottom-Num =>2681
2019-06-04 20:16:17,271 [5] INFO  CalMotorsShit.FlashLogger : [行号:93   ] [2019-06-04 20:16:17,246]
Right-Num =>0
2019-06-04 20:16:17,271 [5] INFO  CalMotorsShit.FlashLogger : [行号:93   ] [2019-06-04 20:16:17,246]
Left-Num =>0
2019-06-04 20:16:17,434 [5] INFO  CalMotorsShit.FlashLogger : [行号:93   ] [2019-06-04 20:16:17,434]
X-Y均值计算质心：{X=2730.796, Y=1845.047}
外接矩形中心：{X=2731.917, Y=1844.222}
Hu矩计算质心：{X=2730.946, Y=1845.423}

2019-06-04 20:16:17,434 [5] INFO  CalMotorsShit.FlashLogger : [行号:93   ] [2019-06-04 20:16:17,434]
最小二乘法拟合直线斜率：4.00344776275088
外接矩形斜率：3.94017028808594

2019-06-04 20:16:17,434 [5] INFO  CalMotorsShit.FlashLogger : [行号:93   ] [2019-06-04 20:16:17,434]
24电机位移
#【0】1360.90353231789
#【1】1359.34891486981
#【2】1361.55729161731
#【3】0
#【4】0
#【5】688.538101977713
#【6】689.552969822772
#【7】689.060519527893
#【8】691.364716645815
#【9】691.949903369227
#【10】1363.03165999975
#【11】1363.77189497988
#【12】1360.91158176386
#【13】0
#【14】0
#【15】693.073032575817
#【16】691.619964756881
#【17】693.523417849674
#【18】688.083251924779
#【19】694.559024553961
#【20】694.559024553961
#【21】691.949903369227
#【22】691.364716645815
#【23】688.083251924779

[BEGIN LOGGING AT 2019-06-04 20:17:12,186]
2019-06-04 20:17:18,065 [5] INFO  CalMotorsShit.FlashLogger : [行号:93   ] [2019-06-04 20:17:18,063]
Up-Num =>0
2019-06-04 20:17:18,087 [5] INFO  CalMotorsShit.FlashLogger : [行号:93   ] [2019-06-04 20:17:18,064]
Bottom-Num =>2681
2019-06-04 20:17:18,087 [5] INFO  CalMotorsShit.FlashLogger : [行号:93   ] [2019-06-04 20:17:18,064]
Right-Num =>0
2019-06-04 20:17:18,087 [5] INFO  CalMotorsShit.FlashLogger : [行号:93   ] [2019-06-04 20:17:18,064]
Left-Num =>0
2019-06-04 20:17:18,245 [5] INFO  CalMotorsShit.FlashLogger : [行号:93   ] [2019-06-04 20:17:18,245]
X-Y均值计算质心：{X=2730.796, Y=1845.047}
外接矩形中心：{X=2731.917, Y=1844.222}
Hu矩计算质心：{X=2730.946, Y=1845.423}

2019-06-04 20:17:18,246 [5] INFO  CalMotorsShit.FlashLogger : [行号:93   ] [2019-06-04 20:17:18,245]
最小二乘法拟合直线斜率：4.00344776275088
外接矩形斜率：3.94017028808594

2019-06-04 20:17:18,246 [5] INFO  CalMotorsShit.FlashLogger : [行号:93   ] [2019-06-04 20:17:18,245]
24电机位移
#【0】1360.90382444494
#【1】1359.89765659727
#【2】1361.00906506244
#【3】0
#【4】0
#【5】688.537761033135
#【6】688.769432360322
#【7】689.843492986543
#【8】690.043266765357
#【9】693.271149747892
#【10】1363.03211532037
#【11】1363.22439180067
#【12】1361.46044332303
#【13】0
#【14】0
#【15】693.074146489885
#【16】692.404241585847
#【17】692.741291959029
#【18】689.405308894274
#【19】693.238926727696
#【20】693.238926727696
#【21】693.271149747892
#【22】690.043266765357
#【23】689.405308894274

[BEGIN LOGGING AT 2019-06-04 21:11:52,982]
2019-06-04 21:12:01,221 [5] INFO  CalMotorsShit.FlashLogger : [行号:93   ] [2019-06-04 21:12:01,205]
Up-Num =>0
2019-06-04 21:12:01,244 [5] INFO  CalMotorsShit.FlashLogger : [行号:93   ] [2019-06-04 21:12:01,221]
Bottom-Num =>2681
2019-06-04 21:12:01,244 [5] INFO  CalMotorsShit.FlashLogger : [行号:93   ] [2019-06-04 21:12:01,221]
Right-Num =>0
2019-06-04 21:12:01,244 [5] INFO  CalMotorsShit.FlashLogger : [行号:93   ] [2019-06-04 21:12:01,221]
Left-Num =>0
2019-06-04 21:12:01,400 [5] INFO  CalMotorsShit.FlashLogger : [行号:93   ] [2019-06-04 21:12:01,400]
X-Y均值计算质心：{X=2730.796, Y=1845.047}
外接矩形中心：{X=2731.917, Y=1844.222}
Hu矩计算质心：{X=2730.946, Y=1845.423}

2019-06-04 21:12:01,400 [5] INFO  CalMotorsShit.FlashLogger : [行号:93   ] [2019-06-04 21:12:01,400]
最小二乘法拟合直线斜率：4.00344776275088
外接矩形斜率：3.94017028808594

2019-06-04 21:12:01,400 [5] INFO  CalMotorsShit.FlashLogger : [行号:93   ] [2019-06-04 21:12:01,400]
24电机位移
#【0】1360.90382444494
#【1】1359.89765659727
#【2】1361.00906506244
#【3】0
#【4】0
#【5】688.537761033135
#【6】688.769432360322
#【7】689.843492986543
#【8】690.043266765357
#【9】693.271149747892
#【10】1363.03211532037
#【11】1363.22439180067
#【12】1361.46044332303
#【13】0
#【14】0
#【15】693.074146489885
#【16】692.404241585847
#【17】692.741291959029
#【18】689.405308894274
#【19】693.238926727696
#【20】693.238926727696
#【21】693.271149747892
#【22】690.043266765357
#【23】689.405308894274

[BEGIN LOGGING AT 2019-06-04 21:22:59,131]
2019-06-04 21:23:07,990 [5] INFO  CalMotorsShit.FlashLogger : [行号:93   ] [2019-06-04 21:23:07,990]
Up-Num =>0
2019-06-04 21:23:08,022 [5] INFO  CalMotorsShit.FlashLogger : [行号:93   ] [2019-06-04 21:23:07,990]
Bottom-Num =>2511
2019-06-04 21:23:08,022 [5] INFO  CalMotorsShit.FlashLogger : [行号:93   ] [2019-06-04 21:23:07,990]
Right-Num =>0
2019-06-04 21:23:08,022 [5] INFO  CalMotorsShit.FlashLogger : [行号:93   ] [2019-06-04 21:23:07,990]
Left-Num =>0
2019-06-04 21:23:08,162 [5] INFO  CalMotorsShit.FlashLogger : [行号:93   ] [2019-06-04 21:23:08,162]
X-Y均值计算质心：{X=2754.319, Y=1834.794}
外接矩形中心：{X=2731.928, Y=1844.712}
Hu矩计算质心：{X=2736.549, Y=1843.111}

2019-06-04 21:23:08,162 [5] INFO  CalMotorsShit.FlashLogger : [行号:93   ] [2019-06-04 21:23:08,162]
最小二乘法拟合直线斜率：4.0031582536098
外接矩形斜率：3.98802185058594

2019-06-04 21:23:08,162 [5] INFO  CalMotorsShit.FlashLogger : [行号:93   ] [2019-06-04 21:23:08,162]
24电机位移
#【0】1360.91593754097
#【1】1337.87774417357
#【2】1361.3739869502
#【3】0
#【4】0
#【5】688.496651731088
#【6】689.3153458335
#【7】689.207725501623
#【8】691.034154617656
#【9】692.236438431695
#【10】1363.01712405381
#【11】1363.62565825975
#【12】1361.04435648931
#【13】0
#【14】0
#【15】693.067935828278
#【16】691.323470023992
#【17】693.170231829223
#【18】687.93256145612
#【19】692.395755804242
#【20】692.395755804242
#【21】692.236438431695
#【22】691.034154617656
#【23】687.93256145612

