[BEGIN LOGGING AT 2019-06-05 08:38:34,072]
2019-06-05 08:38:43,894 [5] INFO  CalMotorsShit.FlashLogger : [行号:93   ] [2019-06-05 08:38:43,892]
Up-Num =>0
2019-06-05 08:38:44,050 [5] INFO  CalMotorsShit.FlashLogger : [行号:93   ] [2019-06-05 08:38:43,893]
Bottom-Num =>2551
2019-06-05 08:38:44,050 [5] INFO  CalMotorsShit.FlashLogger : [行号:93   ] [2019-06-05 08:38:43,893]
Right-Num =>0
2019-06-05 08:38:44,050 [5] INFO  CalMotorsShit.FlashLogger : [行号:93   ] [2019-06-05 08:38:43,893]
Left-Num =>0
2019-06-05 08:38:44,081 [5] INFO  CalMotorsShit.FlashLogger : [行号:93   ] [2019-06-05 08:38:44,081]
X-Y均值计算质心：{X=2854.492, Y=1780.158}
外接矩形中心：{X=2852.595, Y=1779.367}
Hu矩计算质心：{X=2854.078, Y=1781.219}

2019-06-05 08:38:44,081 [5] INFO  CalMotorsShit.FlashLogger : [行号:93   ] [2019-06-05 08:38:44,081]
最小二乘法拟合直线斜率：-0.807108056191728
外接矩形斜率：-0.765315473079681

2019-06-05 08:38:44,082 [5] INFO  CalMotorsShit.FlashLogger : [行号:93   ] [2019-06-05 08:38:44,081]
24电机位移
#【0】1364.8198457539
#【1】1372.07276610158
#【2】1358.45357421006
#【3】0
#【4】0
#【5】692.174317746341
#【6】695.404143226958
#【7】693.202762796472
#【8】699.888281171504
#【9】699.695690533204
#【10】1371.32551150656
#【11】1372.57396398205
#【12】1371.18452628388
#【13】0
#【14】0
#【15】700.409714162122
#【16】695.238320484957
#【17】701.408373398891
#【18】690.852372876567
#【19】697.209914704721
#【20】697.209914704721
#【21】699.695690533204
#【22】699.888281171504
#【23】690.852372876567

[BEGIN LOGGING AT 2019-06-05 08:41:13,172]
2019-06-05 08:41:20,382 [5] INFO  CalMotorsShit.FlashLogger : [行号:93   ] [2019-06-05 08:41:20,380]
Up-Num =>0
2019-06-05 08:41:20,403 [5] INFO  CalMotorsShit.FlashLogger : [行号:93   ] [2019-06-05 08:41:20,381]
Bottom-Num =>2712
2019-06-05 08:41:20,404 [5] INFO  CalMotorsShit.FlashLogger : [行号:93   ] [2019-06-05 08:41:20,381]
Right-Num =>0
2019-06-05 08:41:20,404 [5] INFO  CalMotorsShit.FlashLogger : [行号:93   ] [2019-06-05 08:41:20,381]
Left-Num =>0
2019-06-05 08:41:20,563 [5] INFO  CalMotorsShit.FlashLogger : [行号:93   ] [2019-06-05 08:41:20,563]
X-Y均值计算质心：{X=2854.492, Y=1780.158}
外接矩形中心：{X=2852.595, Y=1779.367}
Hu矩计算质心：{X=2854.078, Y=1781.219}

2019-06-05 08:41:20,564 [5] INFO  CalMotorsShit.FlashLogger : [行号:93   ] [2019-06-05 08:41:20,563]
最小二乘法拟合直线斜率：-0.807108056191728
外接矩形斜率：-0.765315473079681

2019-06-05 08:41:20,564 [5] INFO  CalMotorsShit.FlashLogger : [行号:93   ] [2019-06-05 08:41:20,563]
24电机位移
#【0】1364.8198457539
#【1】1372.07276610158
#【2】1358.45357421006
#【3】0
#【4】0
#【5】692.174317746341
#【6】695.404143226958
#【7】693.202762796472
#【8】699.888281171504
#【9】699.695690533204
#【10】1371.29649316208
#【11】1373.79937015394
#【12】1371.21273151666
#【13】0
#【14】0
#【15】700.079264214402
#【16】694.475259428634
#【17】701.589180937665
#【18】689.80116539323
#【19】697.821604296159
#【20】697.821604296159
#【21】699.695690533204
#【22】699.888281171504
#【23】689.80116539323

[BEGIN LOGGING AT 2019-06-05 08:44:27,803]
2019-06-05 08:44:38,718 [5] INFO  CalMotorsShit.FlashLogger : [行号:93   ] [2019-06-05 08:44:38,716]
Up-Num =>0
2019-06-05 08:44:38,740 [5] INFO  CalMotorsShit.FlashLogger : [行号:93   ] [2019-06-05 08:44:38,717]
Bottom-Num =>2712
2019-06-05 08:44:38,740 [5] INFO  CalMotorsShit.FlashLogger : [行号:93   ] [2019-06-05 08:44:38,717]
Right-Num =>0
2019-06-05 08:44:38,740 [5] INFO  CalMotorsShit.FlashLogger : [行号:93   ] [2019-06-05 08:44:38,717]
Left-Num =>0
2019-06-05 08:44:38,900 [5] INFO  CalMotorsShit.FlashLogger : [行号:93   ] [2019-06-05 08:44:38,900]
X-Y均值计算质心：{X=2854.46, Y=1780.171}
外接矩形中心：{X=2852.554, Y=1779.314}
Hu矩计算质心：{X=2853.99, Y=1781.242}

2019-06-05 08:44:38,900 [5] INFO  CalMotorsShit.FlashLogger : [行号:93   ] [2019-06-05 08:44:38,900]
最小二乘法拟合直线斜率：-0.807712229154211
外接矩形斜率：-0.765315592288971

2019-06-05 08:44:38,901 [5] INFO  CalMotorsShit.FlashLogger : [行号:93   ] [2019-06-05 08:44:38,900]
24电机位移
#【0】1364.92552738402
#【1】1372.08315582693
#【2】1358.45357317145
#【3】0
#【4】0
#【5】692.084773504043
#【6】695.33040202854
#【7】693.11280180094
#【8】699.827402448932
#【9】699.606529025039
#【10】1371.19081152042
#【11】1373.68716828263
#【12】1371.06733735937
#【13】0
#【14】0
#【15】700.003287276264
#【16】694.414794320421
#【17】701.617200565738
#【18】689.76233640678
#【19】697.750640386406
#【20】697.750640386406
#【21】699.606529025039
#【22】699.827402448932
#【23】689.76233640678

