[BEGIN LOGGING AT 2019-05-30 08:59:30,330]
2019-05-30 08:59:35,832 [5] INFO  CalMotorsShit.FlashLogger : [行号:93   ] [2019-05-30 08:59:35,830]
Up-Num =>0
2019-05-30 08:59:35,911 [5] INFO  CalMotorsShit.FlashLogger : [行号:93   ] [2019-05-30 08:59:35,831]
Bottom-Num =>2778
2019-05-30 08:59:35,911 [5] INFO  CalMotorsShit.FlashLogger : [行号:93   ] [2019-05-30 08:59:35,831]
Right-Num =>0
2019-05-30 08:59:35,911 [5] INFO  CalMotorsShit.FlashLogger : [行号:93   ] [2019-05-30 08:59:35,831]
Left-Num =>0
2019-05-30 08:59:36,042 [5] INFO  CalMotorsShit.FlashLogger : [行号:93   ] [2019-05-30 08:59:36,042]
#【0】1394.21930080852
#【1】1387.21265443572
#【2】1402.21003990167
#【3】7723.75529090321
#【4】7724.82334297595
#【5】698.562691181899
#【6】699.05987791239
#【7】698.924355311873
#【8】699.118555363677
#【9】698.624720753225
#【10】1399.97906571271
#【11】1405.33466556875
#【12】1395.4678711387
#【13】7723.75529090321
#【14】7724.82334297595
#【15】700.734527912705
#【16】700.517855257935
#【17】699.849357073235
#【18】699.940714257971
#【19】699.416679662845
#【20】699.416679662845
#【21】698.624720753225
#【22】699.118555363677
#【23】699.940714257971

[BEGIN LOGGING AT 2019-05-30 09:11:05,589]
2019-05-30 09:11:32,325 [5] INFO  CalMotorsShit.FlashLogger : [行号:93   ] [2019-05-30 09:11:32,322]
Up-Num =>0
2019-05-30 09:11:32,351 [5] INFO  CalMotorsShit.FlashLogger : [行号:93   ] [2019-05-30 09:11:32,323]
Bottom-Num =>1965
2019-05-30 09:11:32,351 [5] INFO  CalMotorsShit.FlashLogger : [行号:93   ] [2019-05-30 09:11:32,323]
Right-Num =>0
2019-05-30 09:11:32,351 [5] INFO  CalMotorsShit.FlashLogger : [行号:93   ] [2019-05-30 09:11:32,323]
Left-Num =>0
2019-05-30 09:11:32,671 [5] INFO  CalMotorsShit.FlashLogger : [行号:93   ] [2019-05-30 09:11:32,670]
#【0】1392.00624573207
#【1】1393.39164858647
#【2】1393.09020208604
#【3】1396.42329913269
#【4】1395.69042965986
#【5】1581.00509259641
#【6】1581.97078257919
#【7】1583.36793807485
#【8】1582.88476180768
#【9】1583.06669077838
#【10】1396.42024352039
#【11】1396.97309766719
#【12】1395.77036596962
#【13】1396.92031431968
#【14】1395.37854395909
#【15】1582.65170390487
#【16】1578.40827168096
#【17】1587.12422282748
#【18】0
#【19】0
#【20】0
#【21】1583.06669077838
#【22】1582.88476180768
#【23】0

2019-05-30 09:11:38,103 [5] INFO  CalMotorsShit.FlashLogger : [行号:93   ] [2019-05-30 09:11:38,103]
Up-Num =>0
2019-05-30 09:11:38,104 [5] INFO  CalMotorsShit.FlashLogger : [行号:93   ] [2019-05-30 09:11:38,103]
Bottom-Num =>2130
2019-05-30 09:11:38,104 [5] INFO  CalMotorsShit.FlashLogger : [行号:93   ] [2019-05-30 09:11:38,103]
Right-Num =>0
2019-05-30 09:11:38,104 [5] INFO  CalMotorsShit.FlashLogger : [行号:93   ] [2019-05-30 09:11:38,103]
Left-Num =>0
2019-05-30 09:11:38,444 [5] INFO  CalMotorsShit.FlashLogger : [行号:93   ] [2019-05-30 09:11:38,444]
#【0】1392.00624573207
#【1】1393.39164858647
#【2】1393.09020208604
#【3】1396.42329913269
#【4】1395.69042965986
#【5】1581.00509259641
#【6】1581.97078257919
#【7】1583.36793807485
#【8】1582.88476180768
#【9】1583.06669077838
#【10】1396.42024352039
#【11】1396.97309766719
#【12】1395.77036596962
#【13】1396.92031431968
#【14】1395.37854395909
#【15】1582.65170390487
#【16】1578.40827168096
#【17】1587.12422282748
#【18】0
#【19】0
#【20】0
#【21】1583.06669077838
#【22】1582.88476180768
#【23】0
#【0】1057.69190454404
#【1】1060.51534786327
#【2】1060.57429100397
#【3】1065.67358166667
#【4】1065.61632796844
#【5】1494.44907085969
#【6】1495.16835451676
#【7】1492.43511328204
#【8】0
#【9】0
#【10】1068.17972779624
#【11】1066.35319816981
#【12】1068.19673553671
#【13】1062.60595056111
#【14】1067.43908563852
#【15】1491.49349912702
#【16】1496.35157815596
#【17】1489.85891848917
#【18】0
#【19】0
#【20】0
#【21】0
#【22】0
#【23】0

2019-05-30 09:11:44,324 [5] INFO  CalMotorsShit.FlashLogger : [行号:93   ] [2019-05-30 09:11:44,324]
Up-Num =>0
2019-05-30 09:11:44,324 [5] INFO  CalMotorsShit.FlashLogger : [行号:93   ] [2019-05-30 09:11:44,324]
Bottom-Num =>2836
2019-05-30 09:11:44,325 [5] INFO  CalMotorsShit.FlashLogger : [行号:93   ] [2019-05-30 09:11:44,324]
Right-Num =>0
2019-05-30 09:11:44,325 [5] INFO  CalMotorsShit.FlashLogger : [行号:93   ] [2019-05-30 09:11:44,324]
Left-Num =>0
2019-05-30 09:11:44,566 [5] INFO  CalMotorsShit.FlashLogger : [行号:93   ] [2019-05-30 09:11:44,566]
#【0】1392.00624573207
#【1】1393.39164858647
#【2】1393.09020208604
#【3】1396.42329913269
#【4】1395.69042965986
#【5】1581.00509259641
#【6】1581.97078257919
#【7】1583.36793807485
#【8】1582.88476180768
#【9】1583.06669077838
#【10】1396.42024352039
#【11】1396.97309766719
#【12】1395.77036596962
#【13】1396.92031431968
#【14】1395.37854395909
#【15】1582.65170390487
#【16】1578.40827168096
#【17】1587.12422282748
#【18】0
#【19】0
#【20】0
#【21】1583.06669077838
#【22】1582.88476180768
#【23】0
#【0】1057.69190454404
#【1】1060.51534786327
#【2】1060.57429100397
#【3】1065.67358166667
#【4】1065.61632796844
#【5】1494.44907085969
#【6】1495.16835451676
#【7】1492.43511328204
#【8】0
#【9】0
#【10】1068.17972779624
#【11】1066.35319816981
#【12】1068.19673553671
#【13】1062.60595056111
#【14】1067.43908563852
#【15】1491.49349912702
#【16】1496.35157815596
#【17】1489.85891848917
#【18】0
#【19】0
#【20】0
#【21】0
#【22】0
#【23】0
#【0】1418.43356293352
#【1】1410.33212636581
#【2】1427.75362047108
#【3】7582.18459367976
#【4】7583.20237505415
#【5】732.898502652541
#【6】733.110327741249
#【7】733.333888333141
#【8】735.363775512121
#【9】722.191473550496
#【10】1432.4197441732
#【11】1430.86307401167
#【12】1433.20385382501
#【13】7582.18459367976
#【14】7583.20237505415
#【15】734.734262802732
#【16】731.770066814407
#【17】736.793367884798
#【18】728.956799886872
#【19】737.161265340811
#【20】737.161265340811
#【21】722.191473550496
#【22】735.363775512121
#【23】728.956799886872

2019-05-30 09:11:48,860 [5] INFO  CalMotorsShit.FlashLogger : [行号:93   ] [2019-05-30 09:11:48,860]
Up-Num =>0
2019-05-30 09:11:48,860 [5] INFO  CalMotorsShit.FlashLogger : [行号:93   ] [2019-05-30 09:11:48,860]
Bottom-Num =>2893
2019-05-30 09:11:48,860 [5] INFO  CalMotorsShit.FlashLogger : [行号:93   ] [2019-05-30 09:11:48,860]
Right-Num =>0
2019-05-30 09:11:48,860 [5] INFO  CalMotorsShit.FlashLogger : [行号:93   ] [2019-05-30 09:11:48,860]
Left-Num =>0
2019-05-30 09:11:49,141 [5] INFO  CalMotorsShit.FlashLogger : [行号:93   ] [2019-05-30 09:11:49,141]
#【0】1392.00624573207
#【1】1393.39164858647
#【2】1393.09020208604
#【3】1396.42329913269
#【4】1395.69042965986
#【5】1581.00509259641
#【6】1581.97078257919
#【7】1583.36793807485
#【8】1582.88476180768
#【9】1583.06669077838
#【10】1396.42024352039
#【11】1396.97309766719
#【12】1395.77036596962
#【13】1396.92031431968
#【14】1395.37854395909
#【15】1582.65170390487
#【16】1578.40827168096
#【17】1587.12422282748
#【18】0
#【19】0
#【20】0
#【21】1583.06669077838
#【22】1582.88476180768
#【23】0
#【0】1057.69190454404
#【1】1060.51534786327
#【2】1060.57429100397
#【3】1065.67358166667
#【4】1065.61632796844
#【5】1494.44907085969
#【6】1495.16835451676
#【7】1492.43511328204
#【8】0
#【9】0
#【10】1068.17972779624
#【11】1066.35319816981
#【12】1068.19673553671
#【13】1062.60595056111
#【14】1067.43908563852
#【15】1491.49349912702
#【16】1496.35157815596
#【17】1489.85891848917
#【18】0
#【19】0
#【20】0
#【21】0
#【22】0
#【23】0
#【0】1418.43356293352
#【1】1410.33212636581
#【2】1427.75362047108
#【3】7582.18459367976
#【4】7583.20237505415
#【5】732.898502652541
#【6】733.110327741249
#【7】733.333888333141
#【8】735.363775512121
#【9】722.191473550496
#【10】1432.4197441732
#【11】1430.86307401167
#【12】1433.20385382501
#【13】7582.18459367976
#【14】7583.20237505415
#【15】734.734262802732
#【16】731.770066814407
#【17】736.793367884798
#【18】728.956799886872
#【19】737.161265340811
#【20】737.161265340811
#【21】722.191473550496
#【22】735.363775512121
#【23】728.956799886872
#【0】1410.31944275246
#【1】1440.88155931771
#【2】1381.12451118015
#【3】6990.97080055562
#【4】6991.91408229928
#【5】731.790851999687
#【6】734.648594356884
#【7】734.558994530889
#【8】737.379504238147
#【9】734.013744886069
#【10】1448.34799125974
#【11】1450.22335553055
#【12】1448.02555262603
#【13】6990.97080055562
#【14】6991.91408229928
#【15】738.680198342296
#【16】734.699497831708
#【17】738.994996416441
#【18】729.444191397127
#【19】738.079533460163
#【20】738.079533460163
#【21】734.013744886069
#【22】737.379504238147
#【23】729.444191397127

[BEGIN LOGGING AT 2019-05-30 09:11:55,247]
2019-05-30 09:11:59,922 [5] INFO  CalMotorsShit.FlashLogger : [行号:93   ] [2019-05-30 09:11:59,920]
Up-Num =>0
2019-05-30 09:11:59,946 [5] INFO  CalMotorsShit.FlashLogger : [行号:93   ] [2019-05-30 09:11:59,921]
Bottom-Num =>2893
2019-05-30 09:11:59,946 [5] INFO  CalMotorsShit.FlashLogger : [行号:93   ] [2019-05-30 09:11:59,921]
Right-Num =>0
2019-05-30 09:11:59,946 [5] INFO  CalMotorsShit.FlashLogger : [行号:93   ] [2019-05-30 09:11:59,921]
Left-Num =>0
2019-05-30 09:12:00,146 [5] INFO  CalMotorsShit.FlashLogger : [行号:93   ] [2019-05-30 09:12:00,146]
#【0】1410.31944275246
#【1】1440.88155931771
#【2】1381.12451118015
#【3】6990.97080055562
#【4】6991.91408229928
#【5】731.790851999687
#【6】734.648594356884
#【7】734.558994530889
#【8】737.379504238147
#【9】734.013744886069
#【10】1448.34799125974
#【11】1450.22335553055
#【12】1448.02555262603
#【13】6990.97080055562
#【14】6991.91408229928
#【15】738.680198342296
#【16】734.699497831708
#【17】738.994996416441
#【18】729.444191397127
#【19】738.079533460163
#【20】738.079533460163
#【21】734.013744886069
#【22】737.379504238147
#【23】729.444191397127

2019-05-30 09:12:04,512 [5] INFO  CalMotorsShit.FlashLogger : [行号:93   ] [2019-05-30 09:12:04,512]
Up-Num =>0
2019-05-30 09:12:04,513 [5] INFO  CalMotorsShit.FlashLogger : [行号:93   ] [2019-05-30 09:12:04,512]
Bottom-Num =>2799
2019-05-30 09:12:04,513 [5] INFO  CalMotorsShit.FlashLogger : [行号:93   ] [2019-05-30 09:12:04,512]
Right-Num =>0
2019-05-30 09:12:04,513 [5] INFO  CalMotorsShit.FlashLogger : [行号:93   ] [2019-05-30 09:12:04,512]
Left-Num =>0
2019-05-30 09:12:04,745 [5] INFO  CalMotorsShit.FlashLogger : [行号:93   ] [2019-05-30 09:12:04,745]
#【0】1410.31944275246
#【1】1440.88155931771
#【2】1381.12451118015
#【3】6990.97080055562
#【4】6991.91408229928
#【5】731.790851999687
#【6】734.648594356884
#【7】734.558994530889
#【8】737.379504238147
#【9】734.013744886069
#【10】1448.34799125974
#【11】1450.22335553055
#【12】1448.02555262603
#【13】6990.97080055562
#【14】6991.91408229928
#【15】738.680198342296
#【16】734.699497831708
#【17】738.994996416441
#【18】729.444191397127
#【19】738.079533460163
#【20】738.079533460163
#【21】734.013744886069
#【22】737.379504238147
#【23】729.444191397127
#【0】1300.79624234283
#【1】1392.10558889117
#【2】1210.89581609296
#【3】6100.21949939522
#【4】6101.03477422868
#【5】736.474161254836
#【6】736.360932030043
#【7】739.314830672764
#【8】740.405725795344
#【9】715.614864214057
#【10】1418.25272891282
#【11】1421.65899906395
#【12】1414.78595020492
#【13】6100.21949939522
#【14】6101.03477422868
#【15】740.839228507135
#【16】738.202872327695
#【17】735.251556697174
#【18】733.477168220793
#【19】731.787095976492
#【20】731.787095976492
#【21】715.614864214057
#【22】740.405725795344
#【23】733.477168220793

2019-05-30 09:12:10,757 [5] INFO  CalMotorsShit.FlashLogger : [行号:93   ] [2019-05-30 09:12:10,757]
Up-Num =>0
2019-05-30 09:12:10,758 [5] INFO  CalMotorsShit.FlashLogger : [行号:93   ] [2019-05-30 09:12:10,757]
Bottom-Num =>2136
2019-05-30 09:12:10,758 [5] INFO  CalMotorsShit.FlashLogger : [行号:93   ] [2019-05-30 09:12:10,757]
Right-Num =>0
2019-05-30 09:12:10,758 [5] INFO  CalMotorsShit.FlashLogger : [行号:93   ] [2019-05-30 09:12:10,757]
Left-Num =>0
2019-05-30 09:12:11,113 [5] INFO  CalMotorsShit.FlashLogger : [行号:93   ] [2019-05-30 09:12:11,113]
#【0】1410.31944275246
#【1】1440.88155931771
#【2】1381.12451118015
#【3】6990.97080055562
#【4】6991.91408229928
#【5】731.790851999687
#【6】734.648594356884
#【7】734.558994530889
#【8】737.379504238147
#【9】734.013744886069
#【10】1448.34799125974
#【11】1450.22335553055
#【12】1448.02555262603
#【13】6990.97080055562
#【14】6991.91408229928
#【15】738.680198342296
#【16】734.699497831708
#【17】738.994996416441
#【18】729.444191397127
#【19】738.079533460163
#【20】738.079533460163
#【21】734.013744886069
#【22】737.379504238147
#【23】729.444191397127
#【0】1300.79624234283
#【1】1392.10558889117
#【2】1210.89581609296
#【3】6100.21949939522
#【4】6101.03477422868
#【5】736.474161254836
#【6】736.360932030043
#【7】739.314830672764
#【8】740.405725795344
#【9】715.614864214057
#【10】1418.25272891282
#【11】1421.65899906395
#【12】1414.78595020492
#【13】6100.21949939522
#【14】6101.03477422868
#【15】740.839228507135
#【16】738.202872327695
#【17】735.251556697174
#【18】733.477168220793
#【19】731.787095976492
#【20】731.787095976492
#【21】715.614864214057
#【22】740.405725795344
#【23】733.477168220793
#【0】1060.79764727493
#【1】1061.43657914141
#【2】1063.1993075953
#【3】1064.67563877752
#【4】1051.69285829496
#【5】1478.7865845954
#【6】1481.41896926293
#【7】1475.15882388761
#【8】0
#【9】0
#【10】1066.20570175183
#【11】1066.01341897824
#【12】1064.66407575029
#【13】1063.8803373767
#【14】1061.57253700147
#【15】1448.70266290809
#【16】1474.68321982684
#【17】1425.16849507093
#【18】0
#【19】0
#【20】0
#【21】0
#【22】0
#【23】0

2019-05-30 09:12:17,002 [5] INFO  CalMotorsShit.FlashLogger : [行号:93   ] [2019-05-30 09:12:17,002]
Up-Num =>0
2019-05-30 09:12:17,002 [5] INFO  CalMotorsShit.FlashLogger : [行号:93   ] [2019-05-30 09:12:17,002]
Bottom-Num =>2094
2019-05-30 09:12:17,002 [5] INFO  CalMotorsShit.FlashLogger : [行号:93   ] [2019-05-30 09:12:17,002]
Right-Num =>0
2019-05-30 09:12:17,003 [5] INFO  CalMotorsShit.FlashLogger : [行号:93   ] [2019-05-30 09:12:17,002]
Left-Num =>0
2019-05-30 09:12:17,369 [5] INFO  CalMotorsShit.FlashLogger : [行号:93   ] [2019-05-30 09:12:17,369]
#【0】1410.31944275246
#【1】1440.88155931771
#【2】1381.12451118015
#【3】6990.97080055562
#【4】6991.91408229928
#【5】731.790851999687
#【6】734.648594356884
#【7】734.558994530889
#【8】737.379504238147
#【9】734.013744886069
#【10】1448.34799125974
#【11】1450.22335553055
#【12】1448.02555262603
#【13】6990.97080055562
#【14】6991.91408229928
#【15】738.680198342296
#【16】734.699497831708
#【17】738.994996416441
#【18】729.444191397127
#【19】738.079533460163
#【20】738.079533460163
#【21】734.013744886069
#【22】737.379504238147
#【23】729.444191397127
#【0】1300.79624234283
#【1】1392.10558889117
#【2】1210.89581609296
#【3】6100.21949939522
#【4】6101.03477422868
#【5】736.474161254836
#【6】736.360932030043
#【7】739.314830672764
#【8】740.405725795344
#【9】715.614864214057
#【10】1418.25272891282
#【11】1421.65899906395
#【12】1414.78595020492
#【13】6100.21949939522
#【14】6101.03477422868
#【15】740.839228507135
#【16】738.202872327695
#【17】735.251556697174
#【18】733.477168220793
#【19】731.787095976492
#【20】731.787095976492
#【21】715.614864214057
#【22】740.405725795344
#【23】733.477168220793
#【0】1060.79764727493
#【1】1061.43657914141
#【2】1063.1993075953
#【3】1064.67563877752
#【4】1051.69285829496
#【5】1478.7865845954
#【6】1481.41896926293
#【7】1475.15882388761
#【8】0
#【9】0
#【10】1066.20570175183
#【11】1066.01341897824
#【12】1064.66407575029
#【13】1063.8803373767
#【14】1061.57253700147
#【15】1448.70266290809
#【16】1474.68321982684
#【17】1425.16849507093
#【18】0
#【19】0
#【20】0
#【21】0
#【22】0
#【23】0
#【0】1057.3888252022
#【1】1061.10403991815
#【2】1059.15664445358
#【3】1059.87669752746
#【4】1064.33681149931
#【5】1494.42627091342
#【6】1495.30773046092
#【7】1487.96595841668
#【8】0
#【9】0
#【10】1068.2972661063
#【11】1066.11827514909
#【12】1068.54744655012
#【13】1062.54502781358
#【14】1067.45168305844
#【15】1491.69751756385
#【16】1495.59643873077
#【17】1489.85190142196
#【18】0
#【19】0
#【20】0
#【21】0
#【22】0
#【23】0

[BEGIN LOGGING AT 2019-05-30 09:12:29,120]
2019-05-30 09:12:37,088 [5] INFO  CalMotorsShit.FlashLogger : [行号:93   ] [2019-05-30 09:12:37,085]
Up-Num =>0
2019-05-30 09:12:37,114 [5] INFO  CalMotorsShit.FlashLogger : [行号:93   ] [2019-05-30 09:12:37,087]
Bottom-Num =>2778
2019-05-30 09:12:37,114 [5] INFO  CalMotorsShit.FlashLogger : [行号:93   ] [2019-05-30 09:12:37,087]
Right-Num =>0
2019-05-30 09:12:37,114 [5] INFO  CalMotorsShit.FlashLogger : [行号:93   ] [2019-05-30 09:12:37,087]
Left-Num =>0
2019-05-30 09:12:37,312 [5] INFO  CalMotorsShit.FlashLogger : [行号:93   ] [2019-05-30 09:12:37,312]
#【0】1394.21930080852
#【1】1387.21265443572
#【2】1402.21003990167
#【3】7723.75529090321
#【4】7724.82334297595
#【5】698.562691181899
#【6】699.05987791239
#【7】698.924355311873
#【8】699.118555363677
#【9】698.624720753225
#【10】1399.97906571271
#【11】1405.33466556875
#【12】1395.4678711387
#【13】7723.75529090321
#【14】7724.82334297595
#【15】700.734527912705
#【16】700.517855257935
#【17】699.849357073235
#【18】699.940714257971
#【19】699.416679662845
#【20】699.416679662845
#【21】698.624720753225
#【22】699.118555363677
#【23】699.940714257971

[BEGIN LOGGING AT 2019-05-30 10:02:36,101]
2019-05-30 10:02:44,381 [5] INFO  CalMotorsShit.FlashLogger : [行号:93   ] [2019-05-30 10:02:44,378]
Up-Num =>0
2019-05-30 10:02:44,405 [5] INFO  CalMotorsShit.FlashLogger : [行号:93   ] [2019-05-30 10:02:44,379]
Bottom-Num =>3022
2019-05-30 10:02:44,405 [5] INFO  CalMotorsShit.FlashLogger : [行号:93   ] [2019-05-30 10:02:44,379]
Right-Num =>0
2019-05-30 10:02:44,405 [5] INFO  CalMotorsShit.FlashLogger : [行号:93   ] [2019-05-30 10:02:44,379]
Left-Num =>0
2019-05-30 10:02:44,619 [5] INFO  CalMotorsShit.FlashLogger : [行号:93   ] [2019-05-30 10:02:44,619]
#【0】1479.57215637264
#【1】1479.66794507819
#【2】1478.76151955913
#【3】7018.92959581745
#【4】7019.89884786867
#【5】739.020683129929
#【6】739.017413189194
#【7】737.798069420256
#【8】739.220004738828
#【9】735.556767926194
#【10】1481.90770668444
#【11】1482.4452175202
#【12】1482.66010899179
#【13】7018.92959581745
#【14】7019.89884786867
#【15】738.61325604525
#【16】739.108322196339
#【17】739.180093130548
#【18】739.762654392923
#【19】731.32259287109
#【20】731.32259287109
#【21】735.556767926194
#【22】739.220004738828
#【23】739.762654392923

[BEGIN LOGGING AT 2019-05-30 10:07:42,205]
2019-05-30 10:07:46,692 [5] INFO  CalMotorsShit.FlashLogger : [行号:93   ] [2019-05-30 10:07:46,690]
Up-Num =>0
2019-05-30 10:07:46,717 [5] INFO  CalMotorsShit.FlashLogger : [行号:93   ] [2019-05-30 10:07:46,691]
Bottom-Num =>3022
2019-05-30 10:07:46,717 [5] INFO  CalMotorsShit.FlashLogger : [行号:93   ] [2019-05-30 10:07:46,691]
Right-Num =>0
2019-05-30 10:07:46,717 [5] INFO  CalMotorsShit.FlashLogger : [行号:93   ] [2019-05-30 10:07:46,691]
Left-Num =>0
2019-05-30 10:07:46,934 [5] INFO  CalMotorsShit.FlashLogger : [行号:93   ] [2019-05-30 10:07:46,934]
#【0】1479.57215637264
#【1】1479.66794507819
#【2】1478.76151955913
#【3】7018.92959581745
#【4】7019.89884786867
#【5】739.020683129929
#【6】739.017413189194
#【7】737.798069420256
#【8】739.220004738828
#【9】735.556767926194
#【10】1481.90770668444
#【11】1482.4452175202
#【12】1482.66010899179
#【13】7018.92959581745
#【14】7019.89884786867
#【15】738.61325604525
#【16】739.108322196339
#【17】739.180093130548
#【18】739.762654392923
#【19】731.32259287109
#【20】731.32259287109
#【21】735.556767926194
#【22】739.220004738828
#【23】739.762654392923

[BEGIN LOGGING AT 2019-05-30 10:14:09,253]
2019-05-30 10:14:18,202 [5] INFO  CalMotorsShit.FlashLogger : [行号:93   ] [2019-05-30 10:14:18,199]
Up-Num =>0
2019-05-30 10:14:18,226 [5] INFO  CalMotorsShit.FlashLogger : [行号:93   ] [2019-05-30 10:14:18,200]
Bottom-Num =>2359
2019-05-30 10:14:18,226 [5] INFO  CalMotorsShit.FlashLogger : [行号:93   ] [2019-05-30 10:14:18,200]
Right-Num =>0
2019-05-30 10:14:18,227 [5] INFO  CalMotorsShit.FlashLogger : [行号:93   ] [2019-05-30 10:14:18,200]
Left-Num =>0
2019-05-30 10:14:18,395 [5] INFO  CalMotorsShit.FlashLogger : [行号:93   ] [2019-05-30 10:14:18,395]
#【0】1469.78481282936
#【1】1479.8840780106
#【2】1477.94114501253
#【3】5421.21680046797
#【4】5421.98063386042
#【5】738.408860367503
#【6】739.065847836573
#【7】737.454864194079
#【8】739.582801973734
#【9】734.431467919344
#【10】1482.14041728628
#【11】1482.93995969802
#【12】1482.98832337581
#【13】5421.21680046797
#【14】5421.98063386042
#【15】739.85549542659
#【16】740.232418756121
#【17】740.464315865364
#【18】0
#【19】0
#【20】0
#【21】734.431467919344
#【22】739.582801973734
#【23】0

2019-05-30 10:14:42,244 [5] INFO  CalMotorsShit.FlashLogger : [行号:93   ] [2019-05-30 10:14:42,244]
Up-Num =>0
2019-05-30 10:14:42,244 [5] INFO  CalMotorsShit.FlashLogger : [行号:93   ] [2019-05-30 10:14:42,244]
Bottom-Num =>2359
2019-05-30 10:14:42,244 [5] INFO  CalMotorsShit.FlashLogger : [行号:93   ] [2019-05-30 10:14:42,244]
Right-Num =>0
2019-05-30 10:14:42,245 [5] INFO  CalMotorsShit.FlashLogger : [行号:93   ] [2019-05-30 10:14:42,244]
Left-Num =>0
2019-05-30 10:14:42,456 [5] INFO  CalMotorsShit.FlashLogger : [行号:93   ] [2019-05-30 10:14:42,456]
#【0】1469.78481282936
#【1】1479.8840780106
#【2】1477.94114501253
#【3】5421.21680046797
#【4】5421.98063386042
#【5】738.408860367503
#【6】739.065847836573
#【7】737.454864194079
#【8】739.582801973734
#【9】734.431467919344
#【10】1482.14041728628
#【11】1482.93995969802
#【12】1482.98832337581
#【13】5421.21680046797
#【14】5421.98063386042
#【15】739.85549542659
#【16】740.232418756121
#【17】740.464315865364
#【18】0
#【19】0
#【20】0
#【21】734.431467919344
#【22】739.582801973734
#【23】0
#【0】1480.3818205526
#【1】1480.98944767098
#【2】1478.27432915628
#【3】5421.04231399236
#【4】5421.80612501866
#【5】738.409006151971
#【6】739.050661378518
#【7】737.47034343895
#【8】739.557592448869
#【9】734.456930980946
#【10】1482.14041775268
#【11】1482.9297051301
#【12】1482.99857212119
#【13】5421.04231399236
#【14】5421.80612501866
#【15】739.85392157147
#【16】740.250288634187
#【17】740.447684244517
#【18】0
#【19】0
#【20】0
#【21】734.456930980946
#【22】739.557592448869
#【23】0

[BEGIN LOGGING AT 2019-05-30 10:14:57,131]
2019-05-30 10:15:01,736 [5] INFO  CalMotorsShit.FlashLogger : [行号:93   ] [2019-05-30 10:15:01,733]
Up-Num =>0
2019-05-30 10:15:01,759 [5] INFO  CalMotorsShit.FlashLogger : [行号:93   ] [2019-05-30 10:15:01,734]
Bottom-Num =>2359
2019-05-30 10:15:01,760 [5] INFO  CalMotorsShit.FlashLogger : [行号:93   ] [2019-05-30 10:15:01,734]
Right-Num =>0
2019-05-30 10:15:01,760 [5] INFO  CalMotorsShit.FlashLogger : [行号:93   ] [2019-05-30 10:15:01,734]
Left-Num =>0
2019-05-30 10:15:01,929 [5] INFO  CalMotorsShit.FlashLogger : [行号:93   ] [2019-05-30 10:15:01,929]
#【0】1480.3818205526
#【1】1480.98944767098
#【2】1478.27432915628
#【3】5421.04231399236
#【4】5421.80612501866
#【5】738.409006151971
#【6】739.050661378518
#【7】737.47034343895
#【8】739.557592448869
#【9】734.456930980946
#【10】1482.14041775268
#【11】1482.9297051301
#【12】1482.99857212119
#【13】5421.04231399236
#【14】5421.80612501866
#【15】739.85392157147
#【16】740.250288634187
#【17】740.447684244517
#【18】0
#【19】0
#【20】0
#【21】734.456930980946
#【22】739.557592448869
#【23】0

2019-05-30 10:15:55,689 [5] INFO  CalMotorsShit.FlashLogger : [行号:93   ] [2019-05-30 10:15:55,689]
Up-Num =>0
2019-05-30 10:15:55,690 [5] INFO  CalMotorsShit.FlashLogger : [行号:93   ] [2019-05-30 10:15:55,689]
Bottom-Num =>3022
2019-05-30 10:15:55,690 [5] INFO  CalMotorsShit.FlashLogger : [行号:93   ] [2019-05-30 10:15:55,689]
Right-Num =>0
2019-05-30 10:15:55,690 [5] INFO  CalMotorsShit.FlashLogger : [行号:93   ] [2019-05-30 10:15:55,689]
Left-Num =>0
2019-05-30 10:15:55,952 [5] INFO  CalMotorsShit.FlashLogger : [行号:93   ] [2019-05-30 10:15:55,952]
#【0】1480.3818205526
#【1】1480.98944767098
#【2】1478.27432915628
#【3】5421.04231399236
#【4】5421.80612501866
#【5】738.409006151971
#【6】739.050661378518
#【7】737.47034343895
#【8】739.557592448869
#【9】734.456930980946
#【10】1482.14041775268
#【11】1482.9297051301
#【12】1482.99857212119
#【13】5421.04231399236
#【14】5421.80612501866
#【15】739.85392157147
#【16】740.250288634187
#【17】740.447684244517
#【18】0
#【19】0
#【20】0
#【21】734.456930980946
#【22】739.557592448869
#【23】0
#【0】1479.57215637264
#【1】1479.66794507819
#【2】1478.76151955913
#【3】7018.92959581745
#【4】7019.89884786867
#【5】739.020683129929
#【6】739.017413189194
#【7】737.798069420256
#【8】739.220004738828
#【9】735.556767926194
#【10】1481.90770668444
#【11】1482.4452175202
#【12】1482.66010899179
#【13】7018.92959581745
#【14】7019.89884786867
#【15】738.61325604525
#【16】739.108322196339
#【17】739.180093130548
#【18】739.762654392923
#【19】731.32259287109
#【20】731.32259287109
#【21】735.556767926194
#【22】739.220004738828
#【23】739.762654392923

[BEGIN LOGGING AT 2019-05-30 10:16:40,143]
2019-05-30 10:16:44,635 [5] INFO  CalMotorsShit.FlashLogger : [行号:93   ] [2019-05-30 10:16:44,633]
Up-Num =>0
2019-05-30 10:16:44,660 [5] INFO  CalMotorsShit.FlashLogger : [行号:93   ] [2019-05-30 10:16:44,634]
Bottom-Num =>2892
2019-05-30 10:16:44,660 [5] INFO  CalMotorsShit.FlashLogger : [行号:93   ] [2019-05-30 10:16:44,634]
Right-Num =>0
2019-05-30 10:16:44,661 [5] INFO  CalMotorsShit.FlashLogger : [行号:93   ] [2019-05-30 10:16:44,634]
Left-Num =>0
2019-05-30 10:16:44,866 [5] INFO  CalMotorsShit.FlashLogger : [行号:93   ] [2019-05-30 10:16:44,866]
#【0】1480.3818205526
#【1】1480.98944767098
#【2】1478.27432915628
#【3】5421.04231399236
#【4】5421.80612501866
#【5】738.409006151971
#【6】739.050661378518
#【7】737.47034343895
#【8】739.557592448869
#【9】734.456930980946
#【10】1482.14041775268
#【11】1482.9297051301
#【12】1482.99857212119
#【13】5421.04231399236
#【14】5421.80612501866
#【15】739.85392157147
#【16】740.250288634187
#【17】740.447684244517
#【18】740.995310260948
#【19】741.22342620942
#【20】741.22342620942
#【21】734.456930980946
#【22】739.557592448869
#【23】740.995310260948

2019-05-30 10:16:49,945 [5] INFO  CalMotorsShit.FlashLogger : [行号:93   ] [2019-05-30 10:16:49,945]
Up-Num =>0
2019-05-30 10:16:49,946 [5] INFO  CalMotorsShit.FlashLogger : [行号:93   ] [2019-05-30 10:16:49,945]
Bottom-Num =>2892
2019-05-30 10:16:49,946 [5] INFO  CalMotorsShit.FlashLogger : [行号:93   ] [2019-05-30 10:16:49,945]
Right-Num =>0
2019-05-30 10:16:49,946 [5] INFO  CalMotorsShit.FlashLogger : [行号:93   ] [2019-05-30 10:16:49,945]
Left-Num =>0
2019-05-30 10:16:50,191 [5] INFO  CalMotorsShit.FlashLogger : [行号:93   ] [2019-05-30 10:16:50,191]
#【0】1480.3818205526
#【1】1480.98944767098
#【2】1478.27432915628
#【3】5421.04231399236
#【4】5421.80612501866
#【5】738.409006151971
#【6】739.050661378518
#【7】737.47034343895
#【8】739.557592448869
#【9】734.456930980946
#【10】1482.14041775268
#【11】1482.9297051301
#【12】1482.99857212119
#【13】5421.04231399236
#【14】5421.80612501866
#【15】739.85392157147
#【16】740.250288634187
#【17】740.447684244517
#【18】740.995310260948
#【19】741.22342620942
#【20】741.22342620942
#【21】734.456930980946
#【22】739.557592448869
#【23】740.995310260948
#【0】1480.3818205526
#【1】1480.98944767098
#【2】1478.27432915628
#【3】5421.04231399236
#【4】5421.80612501866
#【5】738.409006151971
#【6】739.050661378518
#【7】737.47034343895
#【8】739.557592448869
#【9】734.456930980946
#【10】1482.14041775268
#【11】1482.9297051301
#【12】1482.99857212119
#【13】5421.04231399236
#【14】5421.80612501866
#【15】739.85392157147
#【16】740.250288634187
#【17】740.447684244517
#【18】740.995310260948
#【19】741.22342620942
#【20】741.22342620942
#【21】734.456930980946
#【22】739.557592448869
#【23】740.995310260948

2019-05-30 10:16:55,493 [5] INFO  CalMotorsShit.FlashLogger : [行号:93   ] [2019-05-30 10:16:55,493]
Up-Num =>0
2019-05-30 10:16:55,493 [5] INFO  CalMotorsShit.FlashLogger : [行号:93   ] [2019-05-30 10:16:55,493]
Bottom-Num =>2895
2019-05-30 10:16:55,493 [5] INFO  CalMotorsShit.FlashLogger : [行号:93   ] [2019-05-30 10:16:55,493]
Right-Num =>0
2019-05-30 10:16:55,494 [5] INFO  CalMotorsShit.FlashLogger : [行号:93   ] [2019-05-30 10:16:55,493]
Left-Num =>0
2019-05-30 10:16:55,745 [5] INFO  CalMotorsShit.FlashLogger : [行号:93   ] [2019-05-30 10:16:55,745]
#【0】1480.3818205526
#【1】1480.98944767098
#【2】1478.27432915628
#【3】5421.04231399236
#【4】5421.80612501866
#【5】738.409006151971
#【6】739.050661378518
#【7】737.47034343895
#【8】739.557592448869
#【9】734.456930980946
#【10】1482.14041775268
#【11】1482.9297051301
#【12】1482.99857212119
#【13】5421.04231399236
#【14】5421.80612501866
#【15】739.85392157147
#【16】740.250288634187
#【17】740.447684244517
#【18】740.995310260948
#【19】741.22342620942
#【20】741.22342620942
#【21】734.456930980946
#【22】739.557592448869
#【23】740.995310260948
#【0】1480.3818205526
#【1】1480.98944767098
#【2】1478.27432915628
#【3】5421.04231399236
#【4】5421.80612501866
#【5】738.409006151971
#【6】739.050661378518
#【7】737.47034343895
#【8】739.557592448869
#【9】734.456930980946
#【10】1482.14041775268
#【11】1482.9297051301
#【12】1482.99857212119
#【13】5421.04231399236
#【14】5421.80612501866
#【15】739.85392157147
#【16】740.250288634187
#【17】740.447684244517
#【18】740.995310260948
#【19】741.22342620942
#【20】741.22342620942
#【21】734.456930980946
#【22】739.557592448869
#【23】740.995310260948
#【0】1469.78481282936
#【1】1479.8840780106
#【2】1477.94114501253
#【3】5421.21680046797
#【4】5421.98063386042
#【5】738.408860367503
#【6】739.065847836573
#【7】737.454864194079
#【8】739.582801973734
#【9】734.431467919344
#【10】1482.14041728628
#【11】1482.93995969802
#【12】1482.98832337581
#【13】5421.21680046797
#【14】5421.98063386042
#【15】739.85549542659
#【16】740.232418756121
#【17】740.464315865364
#【18】740.967981646104
#【19】719.885118288377
#【20】719.885118288377
#【21】734.431467919344
#【22】739.582801973734
#【23】740.967981646104

[BEGIN LOGGING AT 2019-05-30 10:20:06,320]
2019-05-30 10:20:10,522 [5] INFO  CalMotorsShit.FlashLogger : [行号:93   ] [2019-05-30 10:20:10,519]
Up-Num =>0
2019-05-30 10:20:10,545 [5] INFO  CalMotorsShit.FlashLogger : [行号:93   ] [2019-05-30 10:20:10,520]
Bottom-Num =>2872
2019-05-30 10:20:10,546 [5] INFO  CalMotorsShit.FlashLogger : [行号:93   ] [2019-05-30 10:20:10,520]
Right-Num =>0
2019-05-30 10:20:10,546 [5] INFO  CalMotorsShit.FlashLogger : [行号:93   ] [2019-05-30 10:20:10,520]
Left-Num =>0
2019-05-30 10:20:10,756 [5] INFO  CalMotorsShit.FlashLogger : [行号:93   ] [2019-05-30 10:20:10,756]
#【0】1480.38332960158
#【1】1480.9974797033
#【2】1478.24100299163
#【3】5421.04231399236
#【4】5421.80612501866
#【5】738.401579455679
#【6】739.046167005167
#【7】737.470971000151
#【8】739.572730298331
#【9】734.396939653342
#【10】1482.14041775268
#【11】1482.91639901796
#【12】1482.97468943352
#【13】5421.04231399236
#【14】5421.80612501866
#【15】739.85392157147
#【16】740.250288634187
#【17】740.447684244517
#【18】740.995218226633
#【19】741.25472822804
#【20】741.25472822804
#【21】734.396939653342
#【22】739.572730298331
#【23】740.995218226633

2019-05-30 10:20:15,260 [5] INFO  CalMotorsShit.FlashLogger : [行号:93   ] [2019-05-30 10:20:15,260]
Up-Num =>0
2019-05-30 10:20:15,261 [5] INFO  CalMotorsShit.FlashLogger : [行号:93   ] [2019-05-30 10:20:15,260]
Bottom-Num =>2875
2019-05-30 10:20:15,261 [5] INFO  CalMotorsShit.FlashLogger : [行号:93   ] [2019-05-30 10:20:15,260]
Right-Num =>0
2019-05-30 10:20:15,261 [5] INFO  CalMotorsShit.FlashLogger : [行号:93   ] [2019-05-30 10:20:15,260]
Left-Num =>0
2019-05-30 10:20:15,500 [5] INFO  CalMotorsShit.FlashLogger : [行号:93   ] [2019-05-30 10:20:15,500]
#【0】1480.38332960158
#【1】1480.9974797033
#【2】1478.24100299163
#【3】5421.04231399236
#【4】5421.80612501866
#【5】738.401579455679
#【6】739.046167005167
#【7】737.470971000151
#【8】739.572730298331
#【9】734.396939653342
#【10】1482.14041775268
#【11】1482.91639901796
#【12】1482.97468943352
#【13】5421.04231399236
#【14】5421.80612501866
#【15】739.85392157147
#【16】740.250288634187
#【17】740.447684244517
#【18】740.995218226633
#【19】741.25472822804
#【20】741.25472822804
#【21】734.396939653342
#【22】739.572730298331
#【23】740.995218226633
#【0】1469.78267943832
#【1】1479.51144098354
#【2】1477.96130740412
#【3】5421.21680046797
#【4】5421.98063386042
#【5】738.401337470046
#【6】739.061257274081
#【7】737.455395587142
#【8】739.597795629203
#【9】734.371429335752
#【10】1482.14041728628
#【11】1482.92655736061
#【12】1482.96453676092
#【13】5421.21680046797
#【14】5421.98063386042
#【15】739.85549542659
#【16】740.232418756121
#【17】740.464315865364
#【18】740.967905686645
#【19】722.852291207431
#【20】722.852291207431
#【21】734.371429335752
#【22】739.597795629203
#【23】740.967905686645

[BEGIN LOGGING AT 2019-05-30 10:21:36,919]
2019-05-30 10:21:41,483 [5] INFO  CalMotorsShit.FlashLogger : [行号:93   ] [2019-05-30 10:21:41,481]
Up-Num =>0
2019-05-30 10:21:41,508 [5] INFO  CalMotorsShit.FlashLogger : [行号:93   ] [2019-05-30 10:21:41,482]
Bottom-Num =>2875
2019-05-30 10:21:41,508 [5] INFO  CalMotorsShit.FlashLogger : [行号:93   ] [2019-05-30 10:21:41,482]
Right-Num =>0
2019-05-30 10:21:41,508 [5] INFO  CalMotorsShit.FlashLogger : [行号:93   ] [2019-05-30 10:21:41,482]
Left-Num =>0
2019-05-30 10:21:41,710 [5] INFO  CalMotorsShit.FlashLogger : [行号:93   ] [2019-05-30 10:21:41,710]
#【0】1469.79585204757
#【1】1479.77451509449
#【2】1476.77140813248
#【3】5421.21680046797
#【4】5421.98063386042
#【5】738.423153057054
#【6】739.076352990999
#【7】737.45896690406
#【8】739.602964714699
#【9】737.44201894046
#【10】1482.14041728628
#【11】1482.92655736061
#【12】1482.96453676092
#【13】5421.21680046797
#【14】5421.98063386042
#【15】739.85549542659
#【16】740.232418756121
#【17】740.464315865364
#【18】740.967905686645
#【19】722.852291207431
#【20】722.852291207431
#【21】737.44201894046
#【22】739.602964714699
#【23】740.967905686645

2019-05-30 10:21:49,324 [5] INFO  CalMotorsShit.FlashLogger : [行号:93   ] [2019-05-30 10:21:49,324]
Up-Num =>0
2019-05-30 10:21:49,325 [5] INFO  CalMotorsShit.FlashLogger : [行号:93   ] [2019-05-30 10:21:49,324]
Bottom-Num =>2872
2019-05-30 10:21:49,325 [5] INFO  CalMotorsShit.FlashLogger : [行号:93   ] [2019-05-30 10:21:49,324]
Right-Num =>0
2019-05-30 10:21:49,325 [5] INFO  CalMotorsShit.FlashLogger : [行号:93   ] [2019-05-30 10:21:49,324]
Left-Num =>0
2019-05-30 10:21:49,566 [5] INFO  CalMotorsShit.FlashLogger : [行号:93   ] [2019-05-30 10:21:49,566]
#【0】1469.79585204757
#【1】1479.77451509449
#【2】1476.77140813248
#【3】5421.21680046797
#【4】5421.98063386042
#【5】738.423153057054
#【6】739.076352990999
#【7】737.45896690406
#【8】739.602964714699
#【9】737.44201894046
#【10】1482.14041728628
#【11】1482.92655736061
#【12】1482.96453676092
#【13】5421.21680046797
#【14】5421.98063386042
#【15】739.85549542659
#【16】740.232418756121
#【17】740.464315865364
#【18】740.967905686645
#【19】722.852291207431
#【20】722.852291207431
#【21】737.44201894046
#【22】739.602964714699
#【23】740.967905686645
#【0】1480.39008094084
#【1】1480.98238416554
#【2】1477.182973758
#【3】5421.04231399236
#【4】5421.80612501866
#【5】738.423067974154
#【6】739.060935681107
#【7】737.474215323347
#【8】739.577735873093
#【9】737.467075229936
#【10】1482.14041775268
#【11】1482.91639901796
#【12】1482.97468943352
#【13】5421.04231399236
#【14】5421.80612501866
#【15】739.85392157147
#【16】740.250288634187
#【17】740.447684244517
#【18】740.995218226633
#【19】741.25472822804
#【20】741.25472822804
#【21】737.467075229936
#【22】739.577735873093
#【23】740.995218226633

[BEGIN LOGGING AT 2019-05-30 10:22:20,217]
2019-05-30 10:22:24,888 [5] INFO  CalMotorsShit.FlashLogger : [行号:93   ] [2019-05-30 10:22:24,886]
Up-Num =>0
2019-05-30 10:22:24,912 [5] INFO  CalMotorsShit.FlashLogger : [行号:93   ] [2019-05-30 10:22:24,887]
Bottom-Num =>2620
2019-05-30 10:22:24,912 [5] INFO  CalMotorsShit.FlashLogger : [行号:93   ] [2019-05-30 10:22:24,887]
Right-Num =>0
2019-05-30 10:22:24,913 [5] INFO  CalMotorsShit.FlashLogger : [行号:93   ] [2019-05-30 10:22:24,887]
Left-Num =>0
2019-05-30 10:22:25,098 [5] INFO  CalMotorsShit.FlashLogger : [行号:93   ] [2019-05-30 10:22:25,098]
#【0】1469.79585204757
#【1】1479.77451509449
#【2】1476.77140813248
#【3】5421.21680046797
#【4】5421.98063386042
#【5】738.423153057054
#【6】739.076352990999
#【7】737.45896690406
#【8】739.602964714699
#【9】737.44201894046
#【10】1482.14041728628
#【11】1482.92655736061
#【12】1482.96453676092
#【13】5421.21680046797
#【14】5421.98063386042
#【15】739.853897116737
#【16】740.234936193346
#【17】740.462991835923
#【18】740.760571419432
#【19】741.269188422719
#【20】741.269188422719
#【21】737.44201894046
#【22】739.602964714699
#【23】740.760571419432

2019-05-30 10:22:40,416 [5] INFO  CalMotorsShit.FlashLogger : [行号:93   ] [2019-05-30 10:22:40,416]
Up-Num =>0
2019-05-30 10:22:40,417 [5] INFO  CalMotorsShit.FlashLogger : [行号:93   ] [2019-05-30 10:22:40,416]
Bottom-Num =>2620
2019-05-30 10:22:40,417 [5] INFO  CalMotorsShit.FlashLogger : [行号:93   ] [2019-05-30 10:22:40,416]
Right-Num =>0
2019-05-30 10:22:40,417 [5] INFO  CalMotorsShit.FlashLogger : [行号:93   ] [2019-05-30 10:22:40,416]
Left-Num =>0
2019-05-30 10:22:40,647 [5] INFO  CalMotorsShit.FlashLogger : [行号:93   ] [2019-05-30 10:22:40,647]
#【0】1469.79585204757
#【1】1479.77451509449
#【2】1476.77140813248
#【3】5421.21680046797
#【4】5421.98063386042
#【5】738.423153057054
#【6】739.076352990999
#【7】737.45896690406
#【8】739.602964714699
#【9】737.44201894046
#【10】1482.14041728628
#【11】1482.92655736061
#【12】1482.96453676092
#【13】5421.21680046797
#【14】5421.98063386042
#【15】739.853897116737
#【16】740.234936193346
#【17】740.462991835923
#【18】740.760571419432
#【19】741.269188422719
#【20】741.269188422719
#【21】737.44201894046
#【22】739.602964714699
#【23】740.760571419432
#【0】1480.39008094084
#【1】1480.98238416554
#【2】1477.182973758
#【3】5421.04231399236
#【4】5421.80612501866
#【5】738.423067974154
#【6】739.060935681107
#【7】737.474215323347
#【8】739.577735873093
#【9】737.467075229936
#【10】1482.14041775268
#【11】1482.91639901796
#【12】1482.97468943352
#【13】5421.04231399236
#【14】5421.80612501866
#【15】739.85392157147
#【16】740.250288634187
#【17】740.447684244517
#【18】740.784519331267
#【19】741.24527028213
#【20】741.24527028213
#【21】737.467075229936
#【22】739.577735873093
#【23】740.784519331267

[BEGIN LOGGING AT 2019-05-30 10:23:40,019]
2019-05-30 10:23:44,330 [5] INFO  CalMotorsShit.FlashLogger : [行号:93   ] [2019-05-30 10:23:44,327]
Up-Num =>0
2019-05-30 10:23:44,354 [5] INFO  CalMotorsShit.FlashLogger : [行号:93   ] [2019-05-30 10:23:44,329]
Bottom-Num =>2702
2019-05-30 10:23:44,354 [5] INFO  CalMotorsShit.FlashLogger : [行号:93   ] [2019-05-30 10:23:44,329]
Right-Num =>0
2019-05-30 10:23:44,354 [5] INFO  CalMotorsShit.FlashLogger : [行号:93   ] [2019-05-30 10:23:44,329]
Left-Num =>0
2019-05-30 10:23:44,552 [5] INFO  CalMotorsShit.FlashLogger : [行号:93   ] [2019-05-30 10:23:44,552]
#【0】1469.79585204757
#【1】1479.77451509449
#【2】1476.77140813248
#【3】5421.21680046797
#【4】5421.98063386042
#【5】738.423153057054
#【6】739.076352990999
#【7】737.45896690406
#【8】739.602964714699
#【9】737.44201894046
#【10】1482.14041728628
#【11】1482.92655736061
#【12】1482.96453676092
#【13】5421.21680046797
#【14】5421.98063386042
#【15】739.854696271664
#【16】740.234317719178
#【17】740.463653850644
#【18】740.802169177779
#【19】740.707222631088
#【20】740.707222631088
#【21】737.44201894046
#【22】739.602964714699
#【23】740.802169177779

[BEGIN LOGGING AT 2019-05-30 10:24:38,388]
2019-05-30 10:24:42,651 [5] INFO  CalMotorsShit.FlashLogger : [行号:93   ] [2019-05-30 10:24:42,648]
Up-Num =>0
2019-05-30 10:24:42,674 [5] INFO  CalMotorsShit.FlashLogger : [行号:93   ] [2019-05-30 10:24:42,649]
Bottom-Num =>2702
2019-05-30 10:24:42,674 [5] INFO  CalMotorsShit.FlashLogger : [行号:93   ] [2019-05-30 10:24:42,649]
Right-Num =>0
2019-05-30 10:24:42,675 [5] INFO  CalMotorsShit.FlashLogger : [行号:93   ] [2019-05-30 10:24:42,649]
Left-Num =>0
2019-05-30 10:24:42,862 [5] INFO  CalMotorsShit.FlashLogger : [行号:93   ] [2019-05-30 10:24:42,862]
#【0】1469.76412325788
#【1】1479.66778735875
#【2】1479.08479366371
#【3】5421.21680046797
#【4】5421.98063386042
#【5】738.418780729739
#【6】739.072424443228
#【7】737.457599334066
#【8】739.520514618097
#【9】737.561385241017
#【10】1482.14041728628
#【11】1482.81467506543
#【12】1482.76630964465
#【13】5421.21680046797
#【14】5421.98063386042
#【15】739.854696271664
#【16】740.234317719178
#【17】740.463653850644
#【18】740.802169177779
#【19】740.707222631088
#【20】740.707222631088
#【21】737.561385241017
#【22】739.520514618097
#【23】740.802169177779

[BEGIN LOGGING AT 2019-05-30 10:30:35,504]
2019-05-30 10:30:40,424 [5] INFO  CalMotorsShit.FlashLogger : [行号:93   ] [2019-05-30 10:30:40,422]
Up-Num =>0
2019-05-30 10:30:40,449 [5] INFO  CalMotorsShit.FlashLogger : [行号:93   ] [2019-05-30 10:30:40,423]
Bottom-Num =>2769
2019-05-30 10:30:40,449 [5] INFO  CalMotorsShit.FlashLogger : [行号:93   ] [2019-05-30 10:30:40,423]
Right-Num =>0
2019-05-30 10:30:40,450 [5] INFO  CalMotorsShit.FlashLogger : [行号:93   ] [2019-05-30 10:30:40,423]
Left-Num =>0
2019-05-30 10:30:40,642 [5] INFO  CalMotorsShit.FlashLogger : [行号:93   ] [2019-05-30 10:30:40,642]
#【0】1468.60749253035
#【1】1468.84519411755
#【2】1467.22605808297
#【3】7029.89425965974
#【4】7030.86351171096
#【5】739.035007569321
#【6】739.026503875707
#【7】737.804540077465
#【8】739.22038777574
#【9】737.921730545149
#【10】1481.90770668444
#【11】1482.50304829227
#【12】1482.43949369461
#【13】7018.92959581745
#【14】7019.89884786867
#【15】738.615005635139
#【16】739.149766333671
#【17】739.137696330184
#【18】739.688410738591
#【19】739.290384891779
#【20】739.290384891779
#【21】737.921730545149
#【22】739.22038777574
#【23】739.688410738591

[BEGIN LOGGING AT 2019-05-30 15:18:27,952]
2019-05-30 15:20:50,839 [5] INFO  CalMotorsShit.FlashLogger : [行号:93   ] [2019-05-30 15:20:50,833]
Up-Num =>0
2019-05-30 15:20:50,974 [5] INFO  CalMotorsShit.FlashLogger : [行号:93   ] [2019-05-30 15:20:50,836]
Bottom-Num =>2607
2019-05-30 15:20:50,975 [5] INFO  CalMotorsShit.FlashLogger : [行号:93   ] [2019-05-30 15:20:50,836]
Right-Num =>0
2019-05-30 15:20:50,976 [5] INFO  CalMotorsShit.FlashLogger : [行号:93   ] [2019-05-30 15:20:50,836]
Left-Num =>0
2019-05-30 15:20:51,461 [5] INFO  CalMotorsShit.FlashLogger : [行号:93   ] [2019-05-30 15:20:51,461]
#【0】1396.29251730301
#【1】1389.89502728289
#【2】1403.42628491535
#【3】7721.15693778749
#【4】7722.22491181634
#【5】698.439694611462
#【6】698.844399272322
#【7】698.830334406796
#【8】699.130513631971
#【9】699.214403467403
#【10】1397.97545694787
#【11】1402.87231583309
#【12】1393.88092802251
#【13】7721.15693778749
#【14】7722.22491181634
#【15】700.865771339589
#【16】700.732127278594
#【17】699.91863411909
#【18】700.335514965903
#【19】699.357852004569
#【20】699.357852004569
#【21】699.214403467403
#【22】699.130513631971
#【23】700.335514965903

[BEGIN LOGGING AT 2019-05-30 15:23:05,556]
2019-05-30 15:23:09,870 [5] INFO  CalMotorsShit.FlashLogger : [行号:93   ] [2019-05-30 15:23:09,868]
Up-Num =>0
2019-05-30 15:23:09,895 [5] INFO  CalMotorsShit.FlashLogger : [行号:93   ] [2019-05-30 15:23:09,869]
Bottom-Num =>2607
2019-05-30 15:23:09,895 [5] INFO  CalMotorsShit.FlashLogger : [行号:93   ] [2019-05-30 15:23:09,869]
Right-Num =>0
2019-05-30 15:23:09,895 [5] INFO  CalMotorsShit.FlashLogger : [行号:93   ] [2019-05-30 15:23:09,869]
Left-Num =>0
2019-05-30 15:23:10,086 [5] INFO  CalMotorsShit.FlashLogger : [行号:93   ] [2019-05-30 15:23:10,086]
CalMotorsShit.KHImageServices+ImageInfo
2019-05-30 15:23:10,087 [5] INFO  CalMotorsShit.FlashLogger : [行号:93   ] [2019-05-30 15:23:10,086]
#【0】1396.29251730301
#【1】1389.89502728289
#【2】1403.42628491535
#【3】7721.15693778749
#【4】7722.22491181634
#【5】698.439694611462
#【6】698.844399272322
#【7】698.830334406796
#【8】699.130513631971
#【9】699.214403467403
#【10】1397.97545694787
#【11】1402.87231583309
#【12】1393.88092802251
#【13】7721.15693778749
#【14】7722.22491181634
#【15】700.865771339589
#【16】700.732127278594
#【17】699.91863411909
#【18】700.335514965903
#【19】699.357852004569
#【20】699.357852004569
#【21】699.214403467403
#【22】699.130513631971
#【23】700.335514965903

[BEGIN LOGGING AT 2019-05-30 15:32:39,910]
2019-05-30 15:32:44,227 [5] INFO  CalMotorsShit.FlashLogger : [行号:93   ] [2019-05-30 15:32:44,224]
Up-Num =>0
2019-05-30 15:32:44,251 [5] INFO  CalMotorsShit.FlashLogger : [行号:93   ] [2019-05-30 15:32:44,225]
Bottom-Num =>2607
2019-05-30 15:32:44,251 [5] INFO  CalMotorsShit.FlashLogger : [行号:93   ] [2019-05-30 15:32:44,225]
Right-Num =>0
2019-05-30 15:32:44,251 [5] INFO  CalMotorsShit.FlashLogger : [行号:93   ] [2019-05-30 15:32:44,225]
Left-Num =>0
2019-05-30 15:32:44,429 [5] INFO  CalMotorsShit.FlashLogger : [行号:93   ] [2019-05-30 15:32:44,429]
CalMotorsShit.KHImageServices+ImageInfo
2019-05-30 15:32:44,429 [5] INFO  CalMotorsShit.FlashLogger : [行号:93   ] [2019-05-30 15:32:44,429]
#【0】1396.29251730301
#【1】1389.89502728289
#【2】1403.42628491535
#【3】7721.15693778749
#【4】7722.22491181634
#【5】698.439694611462
#【6】698.844399272322
#【7】698.830334406796
#【8】699.130513631971
#【9】699.214403467403
#【10】1397.97545694787
#【11】1402.87231583309
#【12】1393.88092802251
#【13】7721.15693778749
#【14】7722.22491181634
#【15】700.865771339589
#【16】700.732127278594
#【17】699.91863411909
#【18】700.335514965903
#【19】699.357852004569
#【20】699.357852004569
#【21】699.214403467403
#【22】699.130513631971
#【23】700.335514965903

[BEGIN LOGGING AT 2019-05-30 15:37:36,518]
2019-05-30 15:37:41,298 [5] INFO  CalMotorsShit.FlashLogger : [行号:93   ] [2019-05-30 15:37:41,295]
Up-Num =>0
2019-05-30 15:37:41,321 [5] INFO  CalMotorsShit.FlashLogger : [行号:93   ] [2019-05-30 15:37:41,297]
Bottom-Num =>2607
2019-05-30 15:37:41,321 [5] INFO  CalMotorsShit.FlashLogger : [行号:93   ] [2019-05-30 15:37:41,297]
Right-Num =>0
2019-05-30 15:37:41,322 [5] INFO  CalMotorsShit.FlashLogger : [行号:93   ] [2019-05-30 15:37:41,297]
Left-Num =>0
2019-05-30 15:37:41,503 [5] INFO  CalMotorsShit.FlashLogger : [行号:93   ] [2019-05-30 15:37:41,503]
CalMotorsShit.KHImageServices+ImageInfo
2019-05-30 15:37:41,503 [5] INFO  CalMotorsShit.FlashLogger : [行号:93   ] [2019-05-30 15:37:41,503]
#【0】1396.29251730301
#【1】1389.89502728289
#【2】1403.42628491535
#【3】7721.15693778749
#【4】7722.22491181634
#【5】698.439694611462
#【6】698.844399272322
#【7】698.830334406796
#【8】699.130513631971
#【9】699.214403467403
#【10】1397.97545694787
#【11】1402.87231583309
#【12】1393.88092802251
#【13】7721.15693778749
#【14】7722.22491181634
#【15】700.865771339589
#【16】700.732127278594
#【17】699.91863411909
#【18】700.335514965903
#【19】699.357852004569
#【20】699.357852004569
#【21】699.214403467403
#【22】699.130513631971
#【23】700.335514965903

[BEGIN LOGGING AT 2019-05-30 15:40:09,300]
2019-05-30 15:40:14,093 [5] INFO  CalMotorsShit.FlashLogger : [行号:93   ] [2019-05-30 15:40:14,091]
Up-Num =>0
2019-05-30 15:40:14,117 [5] INFO  CalMotorsShit.FlashLogger : [行号:93   ] [2019-05-30 15:40:14,092]
Bottom-Num =>2607
2019-05-30 15:40:14,117 [5] INFO  CalMotorsShit.FlashLogger : [行号:93   ] [2019-05-30 15:40:14,092]
Right-Num =>0
2019-05-30 15:40:14,117 [5] INFO  CalMotorsShit.FlashLogger : [行号:93   ] [2019-05-30 15:40:14,092]
Left-Num =>0
2019-05-30 15:40:14,301 [5] INFO  CalMotorsShit.FlashLogger : [行号:93   ] [2019-05-30 15:40:14,301]
CalMotorsShit.KHImageServices+ImageInfo
2019-05-30 15:40:14,301 [5] INFO  CalMotorsShit.FlashLogger : [行号:93   ] [2019-05-30 15:40:14,301]
#【0】1396.29251730301
#【1】1389.89502728289
#【2】1403.42628491535
#【3】7721.15693778749
#【4】7722.22491181634
#【5】698.439694611462
#【6】698.844399272322
#【7】698.830334406796
#【8】699.130513631971
#【9】699.214403467403
#【10】1397.97545694787
#【11】1402.87231583309
#【12】1393.88092802251
#【13】7721.15693778749
#【14】7722.22491181634
#【15】700.865771339589
#【16】700.732127278594
#【17】699.91863411909
#【18】700.335514965903
#【19】699.357852004569
#【20】699.357852004569
#【21】699.214403467403
#【22】699.130513631971
#【23】700.335514965903

[BEGIN LOGGING AT 2019-05-30 15:43:02,809]
2019-05-30 15:43:07,399 [5] INFO  CalMotorsShit.FlashLogger : [行号:93   ] [2019-05-30 15:43:07,396]
Up-Num =>0
2019-05-30 15:43:07,421 [5] INFO  CalMotorsShit.FlashLogger : [行号:93   ] [2019-05-30 15:43:07,397]
Bottom-Num =>2607
2019-05-30 15:43:07,421 [5] INFO  CalMotorsShit.FlashLogger : [行号:93   ] [2019-05-30 15:43:07,397]
Right-Num =>0
2019-05-30 15:43:07,421 [5] INFO  CalMotorsShit.FlashLogger : [行号:93   ] [2019-05-30 15:43:07,397]
Left-Num =>0
2019-05-30 15:43:07,583 [5] INFO  CalMotorsShit.FlashLogger : [行号:93   ] [2019-05-30 15:43:07,583]
CalMotorsShit.KHImageServices+ImageInfo
2019-05-30 15:43:07,584 [5] INFO  CalMotorsShit.FlashLogger : [行号:93   ] [2019-05-30 15:43:07,583]
#【0】1396.29251730301
#【1】1389.89502728289
#【2】1403.42628491535
#【3】7721.15693778749
#【4】7722.22491181634
#【5】698.439694611462
#【6】698.844399272322
#【7】698.830334406796
#【8】699.130513631971
#【9】699.214403467403
#【10】1397.97545694787
#【11】1402.87231583309
#【12】1393.88092802251
#【13】7721.15693778749
#【14】7722.22491181634
#【15】700.865771339589
#【16】700.732127278594
#【17】699.91863411909
#【18】700.335514965903
#【19】699.357852004569
#【20】699.357852004569
#【21】699.214403467403
#【22】699.130513631971
#【23】700.335514965903

[BEGIN LOGGING AT 2019-05-30 15:44:07,697]
2019-05-30 15:44:12,366 [5] INFO  CalMotorsShit.FlashLogger : [行号:93   ] [2019-05-30 15:44:12,363]
Up-Num =>0
2019-05-30 15:44:12,388 [5] INFO  CalMotorsShit.FlashLogger : [行号:93   ] [2019-05-30 15:44:12,364]
Bottom-Num =>2607
2019-05-30 15:44:12,389 [5] INFO  CalMotorsShit.FlashLogger : [行号:93   ] [2019-05-30 15:44:12,364]
Right-Num =>0
2019-05-30 15:44:12,389 [5] INFO  CalMotorsShit.FlashLogger : [行号:93   ] [2019-05-30 15:44:12,364]
Left-Num =>0
2019-05-30 15:44:12,559 [5] INFO  CalMotorsShit.FlashLogger : [行号:93   ] [2019-05-30 15:44:12,559]
CalMotorsShit.KHImageServices+ImageInfo
2019-05-30 15:44:12,559 [5] INFO  CalMotorsShit.FlashLogger : [行号:93   ] [2019-05-30 15:44:12,559]
#【0】1396.29251730301
#【1】1389.89502728289
#【2】1403.42628491535
#【3】7721.15693778749
#【4】7722.22491181634
#【5】698.439694611462
#【6】698.844399272322
#【7】698.830334406796
#【8】699.130513631971
#【9】699.214403467403
#【10】1397.97545694787
#【11】1402.87231583309
#【12】1393.88092802251
#【13】7721.15693778749
#【14】7722.22491181634
#【15】700.865771339589
#【16】700.732127278594
#【17】699.91863411909
#【18】700.335514965903
#【19】699.357852004569
#【20】699.357852004569
#【21】699.214403467403
#【22】699.130513631971
#【23】700.335514965903

[BEGIN LOGGING AT 2019-05-30 16:00:03,391]
2019-05-30 16:00:09,158 [5] INFO  CalMotorsShit.FlashLogger : [行号:93   ] [2019-05-30 16:00:09,155]
Up-Num =>0
2019-05-30 16:00:09,180 [5] INFO  CalMotorsShit.FlashLogger : [行号:93   ] [2019-05-30 16:00:09,157]
Bottom-Num =>2607
2019-05-30 16:00:09,181 [5] INFO  CalMotorsShit.FlashLogger : [行号:93   ] [2019-05-30 16:00:09,157]
Right-Num =>0
2019-05-30 16:00:09,181 [5] INFO  CalMotorsShit.FlashLogger : [行号:93   ] [2019-05-30 16:00:09,157]
Left-Num =>0
2019-05-30 16:00:09,357 [5] INFO  CalMotorsShit.FlashLogger : [行号:93   ] [2019-05-30 16:00:09,357]
CalMotorsShit.KHImageServices+ImageInfo
2019-05-30 16:00:09,357 [5] INFO  CalMotorsShit.FlashLogger : [行号:93   ] [2019-05-30 16:00:09,357]
#【0】1396.29251730301
#【1】1389.89502728289
#【2】1403.42628491535
#【3】7721.15693778749
#【4】7722.22491181634
#【5】698.439694611462
#【6】698.844399272322
#【7】698.830334406796
#【8】699.130513631971
#【9】699.214403467403
#【10】1397.97545694787
#【11】1402.87231583309
#【12】1393.88092802251
#【13】7721.15693778749
#【14】7722.22491181634
#【15】700.865771339589
#【16】700.732127278594
#【17】699.91863411909
#【18】700.335514965903
#【19】699.357852004569
#【20】699.357852004569
#【21】699.214403467403
#【22】699.130513631971
#【23】700.335514965903

[BEGIN LOGGING AT 2019-05-30 16:01:29,221]
2019-05-30 16:01:33,905 [5] INFO  CalMotorsShit.FlashLogger : [行号:93   ] [2019-05-30 16:01:33,903]
Up-Num =>0
2019-05-30 16:01:33,928 [5] INFO  CalMotorsShit.FlashLogger : [行号:93   ] [2019-05-30 16:01:33,904]
Bottom-Num =>2607
2019-05-30 16:01:33,928 [5] INFO  CalMotorsShit.FlashLogger : [行号:93   ] [2019-05-30 16:01:33,904]
Right-Num =>0
2019-05-30 16:01:33,928 [5] INFO  CalMotorsShit.FlashLogger : [行号:93   ] [2019-05-30 16:01:33,904]
Left-Num =>0
2019-05-30 16:01:34,089 [5] INFO  CalMotorsShit.FlashLogger : [行号:93   ] [2019-05-30 16:01:34,089]
CalMotorsShit.KHImageServices+ImageInfo
2019-05-30 16:01:34,090 [5] INFO  CalMotorsShit.FlashLogger : [行号:93   ] [2019-05-30 16:01:34,089]
#【0】1396.29251730301
#【1】1389.89502728289
#【2】1403.42628491535
#【3】7721.15693778749
#【4】7722.22491181634
#【5】698.439694611462
#【6】698.844399272322
#【7】698.830334406796
#【8】699.130513631971
#【9】699.214403467403
#【10】1397.97545694787
#【11】1402.87231583309
#【12】1393.88092802251
#【13】7721.15693778749
#【14】7722.22491181634
#【15】700.865771339589
#【16】700.732127278594
#【17】699.91863411909
#【18】700.335514965903
#【19】699.357852004569
#【20】699.357852004569
#【21】699.214403467403
#【22】699.130513631971
#【23】700.335514965903

[BEGIN LOGGING AT 2019-05-30 16:04:51,221]
2019-05-30 16:04:56,032 [5] INFO  CalMotorsShit.FlashLogger : [行号:93   ] [2019-05-30 16:04:56,030]
Up-Num =>0
2019-05-30 16:04:56,055 [5] INFO  CalMotorsShit.FlashLogger : [行号:93   ] [2019-05-30 16:04:56,031]
Bottom-Num =>2607
2019-05-30 16:04:56,055 [5] INFO  CalMotorsShit.FlashLogger : [行号:93   ] [2019-05-30 16:04:56,031]
Right-Num =>0
2019-05-30 16:04:56,055 [5] INFO  CalMotorsShit.FlashLogger : [行号:93   ] [2019-05-30 16:04:56,031]
Left-Num =>0
2019-05-30 16:04:56,221 [5] INFO  CalMotorsShit.FlashLogger : [行号:93   ] [2019-05-30 16:04:56,221]
CalMotorsShit.KHImageServices+ImageInfo
2019-05-30 16:04:56,221 [5] INFO  CalMotorsShit.FlashLogger : [行号:93   ] [2019-05-30 16:04:56,221]
#【0】1396.29251730301
#【1】1389.89502728289
#【2】1403.42628491535
#【3】7721.15693778749
#【4】7722.22491181634
#【5】698.439694611462
#【6】698.844399272322
#【7】698.830334406796
#【8】699.130513631971
#【9】699.214403467403
#【10】1397.97545694787
#【11】1402.87231583309
#【12】1393.88092802251
#【13】7721.15693778749
#【14】7722.22491181634
#【15】700.865771339589
#【16】700.732127278594
#【17】699.91863411909
#【18】700.335514965903
#【19】699.357852004569
#【20】699.357852004569
#【21】699.214403467403
#【22】699.130513631971
#【23】700.335514965903

[BEGIN LOGGING AT 2019-05-30 16:05:19,206]
2019-05-30 16:05:23,574 [5] INFO  CalMotorsShit.FlashLogger : [行号:93   ] [2019-05-30 16:05:23,572]
Up-Num =>0
2019-05-30 16:05:23,597 [5] INFO  CalMotorsShit.FlashLogger : [行号:93   ] [2019-05-30 16:05:23,573]
Bottom-Num =>2607
2019-05-30 16:05:23,598 [5] INFO  CalMotorsShit.FlashLogger : [行号:93   ] [2019-05-30 16:05:23,573]
Right-Num =>0
2019-05-30 16:05:23,598 [5] INFO  CalMotorsShit.FlashLogger : [行号:93   ] [2019-05-30 16:05:23,573]
Left-Num =>0
2019-05-30 16:05:23,753 [5] INFO  CalMotorsShit.FlashLogger : [行号:93   ] [2019-05-30 16:05:23,753]
CalMotorsShit.KHImageServices+ImageInfo
2019-05-30 16:05:23,754 [5] INFO  CalMotorsShit.FlashLogger : [行号:93   ] [2019-05-30 16:05:23,753]
#【0】1396.29251730301
#【1】1389.89502728289
#【2】1403.42628491535
#【3】7721.15693778749
#【4】7722.22491181634
#【5】698.439694611462
#【6】698.844399272322
#【7】698.830334406796
#【8】699.130513631971
#【9】699.214403467403
#【10】1397.97545694787
#【11】1402.87231583309
#【12】1393.88092802251
#【13】7721.15693778749
#【14】7722.22491181634
#【15】700.865771339589
#【16】700.732127278594
#【17】699.91863411909
#【18】700.335514965903
#【19】699.357852004569
#【20】699.357852004569
#【21】699.214403467403
#【22】699.130513631971
#【23】700.335514965903

[BEGIN LOGGING AT 2019-05-30 16:06:12,600]
2019-05-30 16:06:16,735 [5] INFO  CalMotorsShit.FlashLogger : [行号:93   ] [2019-05-30 16:06:16,733]
Up-Num =>0
2019-05-30 16:06:16,757 [5] INFO  CalMotorsShit.FlashLogger : [行号:93   ] [2019-05-30 16:06:16,734]
Bottom-Num =>2607
2019-05-30 16:06:16,758 [5] INFO  CalMotorsShit.FlashLogger : [行号:93   ] [2019-05-30 16:06:16,734]
Right-Num =>0
2019-05-30 16:06:16,758 [5] INFO  CalMotorsShit.FlashLogger : [行号:93   ] [2019-05-30 16:06:16,734]
Left-Num =>0
2019-05-30 16:06:16,921 [5] INFO  CalMotorsShit.FlashLogger : [行号:93   ] [2019-05-30 16:06:16,921]
CalMotorsShit.KHImageServices+ImageInfo
2019-05-30 16:06:16,922 [5] INFO  CalMotorsShit.FlashLogger : [行号:93   ] [2019-05-30 16:06:16,921]
#【0】1396.29251730301
#【1】1389.89502728289
#【2】1403.42628491535
#【3】7721.15693778749
#【4】7722.22491181634
#【5】698.439694611462
#【6】698.844399272322
#【7】698.830334406796
#【8】699.130513631971
#【9】699.214403467403
#【10】1397.97545694787
#【11】1402.87231583309
#【12】1393.88092802251
#【13】7721.15693778749
#【14】7722.22491181634
#【15】700.865771339589
#【16】700.732127278594
#【17】699.91863411909
#【18】700.335514965903
#【19】699.357852004569
#【20】699.357852004569
#【21】699.214403467403
#【22】699.130513631971
#【23】700.335514965903

[BEGIN LOGGING AT 2019-05-30 16:08:04,600]
2019-05-30 16:08:08,723 [5] INFO  CalMotorsShit.FlashLogger : [行号:93   ] [2019-05-30 16:08:08,720]
Up-Num =>0
2019-05-30 16:08:08,744 [5] INFO  CalMotorsShit.FlashLogger : [行号:93   ] [2019-05-30 16:08:08,722]
Bottom-Num =>2607
2019-05-30 16:08:08,744 [5] INFO  CalMotorsShit.FlashLogger : [行号:93   ] [2019-05-30 16:08:08,722]
Right-Num =>0
2019-05-30 16:08:08,745 [5] INFO  CalMotorsShit.FlashLogger : [行号:93   ] [2019-05-30 16:08:08,722]
Left-Num =>0
2019-05-30 16:08:08,913 [5] INFO  CalMotorsShit.FlashLogger : [行号:93   ] [2019-05-30 16:08:08,912]
{X=2801, Y=2305}
2019-05-30 16:08:08,913 [5] INFO  CalMotorsShit.FlashLogger : [行号:93   ] [2019-05-30 16:08:08,913]
{X=2799.729, Y=2305.826}
2019-05-30 16:08:08,913 [5] INFO  CalMotorsShit.FlashLogger : [行号:93   ] [2019-05-30 16:08:08,913]
4.04037286946015
2019-05-30 16:08:08,913 [5] INFO  CalMotorsShit.FlashLogger : [行号:93   ] [2019-05-30 16:08:08,913]
4.04519653320313
2019-05-30 16:08:08,913 [5] INFO  CalMotorsShit.FlashLogger : [行号:93   ] [2019-05-30 16:08:08,913]
#【0】1396.29251730301
#【1】1389.89502728289
#【2】1403.42628491535
#【3】7721.15693778749
#【4】7722.22491181634
#【5】698.439694611462
#【6】698.844399272322
#【7】698.830334406796
#【8】699.130513631971
#【9】699.214403467403
#【10】1397.97545694787
#【11】1402.87231583309
#【12】1393.88092802251
#【13】7721.15693778749
#【14】7722.22491181634
#【15】700.865771339589
#【16】700.732127278594
#【17】699.91863411909
#【18】700.335514965903
#【19】699.357852004569
#【20】699.357852004569
#【21】699.214403467403
#【22】699.130513631971
#【23】700.335514965903

[BEGIN LOGGING AT 2019-05-30 16:33:27,417]
2019-05-30 16:34:13,046 [5] INFO  CalMotorsShit.FlashLogger : [行号:93   ] [2019-05-30 16:34:13,043]
Up-Num =>0
2019-05-30 16:34:13,069 [5] INFO  CalMotorsShit.FlashLogger : [行号:93   ] [2019-05-30 16:34:13,045]
Bottom-Num =>1221
2019-05-30 16:34:13,069 [5] INFO  CalMotorsShit.FlashLogger : [行号:93   ] [2019-05-30 16:34:13,045]
Right-Num =>0
2019-05-30 16:34:13,069 [5] INFO  CalMotorsShit.FlashLogger : [行号:93   ] [2019-05-30 16:34:13,045]
Left-Num =>0
2019-05-30 16:34:13,208 [5] INFO  CalMotorsShit.FlashLogger : [行号:93   ] [2019-05-30 16:34:13,208]
{X=2435, Y=1856}
2019-05-30 16:34:13,208 [5] INFO  CalMotorsShit.FlashLogger : [行号:93   ] [2019-05-30 16:34:13,208]
{X=2436.375, Y=1861.521}
2019-05-30 16:34:13,209 [5] INFO  CalMotorsShit.FlashLogger : [行号:93   ] [2019-05-30 16:34:13,208]
9.29750045312787
2019-05-30 16:34:13,209 [5] INFO  CalMotorsShit.FlashLogger : [行号:93   ] [2019-05-30 16:34:13,208]
9.21212768554688
2019-05-30 16:34:13,209 [5] INFO  CalMotorsShit.FlashLogger : [行号:93   ] [2019-05-30 16:34:13,208]
#【0】712.932955164811
#【1】711.197618203452
#【2】714.682822423188
#【3】710.175484732063
#【4】716.494708012072
#【5】1426.51929597085
#【6】1427.52032354552
#【7】1427.49471174455
#【8】0
#【9】0
#【10】719.407183880186
#【11】719.272763016914
#【12】717.891858092387
#【13】719.613921569677
#【14】717.716154301965
#【15】1438.66555955622
#【16】1433.59637202506
#【17】1440.06708282783
#【18】0
#【19】0
#【20】0
#【21】0
#【22】0
#【23】0

[BEGIN LOGGING AT 2019-05-30 16:35:57,132]
2019-05-30 16:36:05,398 [5] INFO  CalMotorsShit.FlashLogger : [行号:93   ] [2019-05-30 16:36:05,396]
Up-Num =>0
2019-05-30 16:36:05,420 [5] INFO  CalMotorsShit.FlashLogger : [行号:93   ] [2019-05-30 16:36:05,397]
Bottom-Num =>1221
2019-05-30 16:36:05,421 [5] INFO  CalMotorsShit.FlashLogger : [行号:93   ] [2019-05-30 16:36:05,397]
Right-Num =>0
2019-05-30 16:36:05,421 [5] INFO  CalMotorsShit.FlashLogger : [行号:93   ] [2019-05-30 16:36:05,397]
Left-Num =>0
2019-05-30 16:36:05,572 [5] INFO  CalMotorsShit.FlashLogger : [行号:93   ] [2019-05-30 16:36:05,572]
{X=2435, Y=1856}
2019-05-30 16:36:05,572 [5] INFO  CalMotorsShit.FlashLogger : [行号:93   ] [2019-05-30 16:36:05,572]
{X=2436.375, Y=1861.521}
2019-05-30 16:36:05,573 [5] INFO  CalMotorsShit.FlashLogger : [行号:93   ] [2019-05-30 16:36:05,572]
9.29750045312787
2019-05-30 16:36:05,573 [5] INFO  CalMotorsShit.FlashLogger : [行号:93   ] [2019-05-30 16:36:05,572]
9.21212768554688
2019-05-30 16:36:05,573 [5] INFO  CalMotorsShit.FlashLogger : [行号:93   ] [2019-05-30 16:36:05,572]
#【0】712.932955164811
#【1】711.197618203452
#【2】714.682822423188
#【3】710.175484732063
#【4】716.494708012072
#【5】1426.51929597085
#【6】1427.52032354552
#【7】1427.49471174455
#【8】0
#【9】0
#【10】719.407183880186
#【11】719.272763016914
#【12】717.891858092387
#【13】719.613921569677
#【14】717.716154301965
#【15】1438.66555955622
#【16】1433.59637202506
#【17】1440.06708282783
#【18】0
#【19】0
#【20】0
#【21】0
#【22】0
#【23】0

[BEGIN LOGGING AT 2019-05-30 16:37:41,331]
2019-05-30 16:37:50,542 [5] INFO  CalMotorsShit.FlashLogger : [行号:93   ] [2019-05-30 16:37:50,540]
Up-Num =>0
2019-05-30 16:37:50,564 [5] INFO  CalMotorsShit.FlashLogger : [行号:93   ] [2019-05-30 16:37:50,541]
Bottom-Num =>1274
2019-05-30 16:37:50,565 [5] INFO  CalMotorsShit.FlashLogger : [行号:93   ] [2019-05-30 16:37:50,541]
Right-Num =>0
2019-05-30 16:37:50,565 [5] INFO  CalMotorsShit.FlashLogger : [行号:93   ] [2019-05-30 16:37:50,541]
Left-Num =>0
2019-05-30 16:37:50,716 [5] INFO  CalMotorsShit.FlashLogger : [行号:93   ] [2019-05-30 16:37:50,716]
{X=2467, Y=1689}
2019-05-30 16:37:50,716 [5] INFO  CalMotorsShit.FlashLogger : [行号:93   ] [2019-05-30 16:37:50,716]
{X=2467.479, Y=1690.175}
2019-05-30 16:37:50,717 [5] INFO  CalMotorsShit.FlashLogger : [行号:93   ] [2019-05-30 16:37:50,716]
6.74815116206889
2019-05-30 16:37:50,717 [5] INFO  CalMotorsShit.FlashLogger : [行号:93   ] [2019-05-30 16:37:50,716]
6.72129058837891
2019-05-30 16:37:50,717 [5] INFO  CalMotorsShit.FlashLogger : [行号:93   ] [2019-05-30 16:37:50,716]
#【0】735.51527673404
#【1】736.378070854273
#【2】736.607648273196
#【3】737.576920352424
#【4】738.790670879674
#【5】1477.25065502815
#【6】1478.4636045172
#【7】1478.45655624309
#【8】0
#【9】0
#【10】737.292351872781
#【11】737.0058658386
#【12】737.798405957473
#【13】737.526400429783
#【14】739.387064589019
#【15】1480.22350447246
#【16】1480.65668549292
#【17】1481.4559243714
#【18】0
#【19】0
#【20】0
#【21】0
#【22】0
#【23】0

[BEGIN LOGGING AT 2019-05-30 17:12:09,040]
2019-05-30 17:12:29,946 [5] INFO  CalMotorsShit.FlashLogger : [行号:93   ] [2019-05-30 17:12:29,944]
Up-Num =>0
2019-05-30 17:12:29,968 [5] INFO  CalMotorsShit.FlashLogger : [行号:93   ] [2019-05-30 17:12:29,945]
Bottom-Num =>2702
2019-05-30 17:12:29,969 [5] INFO  CalMotorsShit.FlashLogger : [行号:93   ] [2019-05-30 17:12:29,945]
Right-Num =>0
2019-05-30 17:12:29,969 [5] INFO  CalMotorsShit.FlashLogger : [行号:93   ] [2019-05-30 17:12:29,945]
Left-Num =>0
2019-05-30 17:12:30,146 [5] INFO  CalMotorsShit.FlashLogger : [行号:93   ] [2019-05-30 17:12:30,146]
{X=2705, Y=2076}
2019-05-30 17:12:30,146 [5] INFO  CalMotorsShit.FlashLogger : [行号:93   ] [2019-05-30 17:12:30,146]
{X=2722.836, Y=2082.627}
2019-05-30 17:12:30,146 [5] INFO  CalMotorsShit.FlashLogger : [行号:93   ] [2019-05-30 17:12:30,146]
-12.3604971339416
2019-05-30 17:12:30,147 [5] INFO  CalMotorsShit.FlashLogger : [行号:93   ] [2019-05-30 17:12:30,146]
-12.3087520599365
2019-05-30 17:12:30,147 [5] INFO  CalMotorsShit.FlashLogger : [行号:93   ] [2019-05-30 17:12:30,146]
#【0】1363.42891452619
#【1】1464.92002067576
#【2】1463.01908000366
#【3】5428.15055653972
#【4】5428.91331473175
#【5】728.916946767933
#【6】728.834913780739
#【7】728.693853751681
#【8】728.851234557891
#【9】729.229762265425
#【10】1497.46141805384
#【11】1497.6907242576
#【12】1498.5355064011
#【13】5428.15055653972
#【14】5428.91331473175
#【15】749.354624525331
#【16】750.470894115551
#【17】749.226738752119
#【18】751.47077654437
#【19】749.037728954865
#【20】749.037728954865
#【21】729.229762265425
#【22】728.851234557891
#【23】751.47077654437

[BEGIN LOGGING AT 2019-05-30 17:13:25,094]
2019-05-30 17:13:30,573 [5] INFO  CalMotorsShit.FlashLogger : [行号:93   ] [2019-05-30 17:13:30,571]
Up-Num =>0
2019-05-30 17:13:30,595 [5] INFO  CalMotorsShit.FlashLogger : [行号:93   ] [2019-05-30 17:13:30,572]
Bottom-Num =>2702
2019-05-30 17:13:30,596 [5] INFO  CalMotorsShit.FlashLogger : [行号:93   ] [2019-05-30 17:13:30,572]
Right-Num =>0
2019-05-30 17:13:30,596 [5] INFO  CalMotorsShit.FlashLogger : [行号:93   ] [2019-05-30 17:13:30,572]
Left-Num =>0
2019-05-30 17:13:30,777 [5] INFO  CalMotorsShit.FlashLogger : [行号:93   ] [2019-05-30 17:13:30,777]
{X=2733, Y=2071}
2019-05-30 17:13:30,777 [5] INFO  CalMotorsShit.FlashLogger : [行号:93   ] [2019-05-30 17:13:30,777]
{X=2722.836, Y=2082.627}
2019-05-30 17:13:30,778 [5] INFO  CalMotorsShit.FlashLogger : [行号:93   ] [2019-05-30 17:13:30,777]
-12.3605053499093
2019-05-30 17:13:30,778 [5] INFO  CalMotorsShit.FlashLogger : [行号:93   ] [2019-05-30 17:13:30,777]
-12.3087520599365
2019-05-30 17:13:30,778 [5] INFO  CalMotorsShit.FlashLogger : [行号:93   ] [2019-05-30 17:13:30,777]
#【0】1482.84831590835
#【1】1493.20802803368
#【2】1491.72111731164
#【3】5399.72795096125
#【4】5400.49070898252
#【5】730.027756809021
#【6】729.944431350621
#【7】729.803605322743
#【8】729.960683572376
#【9】730.339582447929
#【10】1469.04014443817
#【11】1469.26587829028
#【12】1470.11430394893
#【13】5399.72795096125
#【14】5400.49070898252
#【15】748.24498974801
#【16】749.361376301527
#【17】748.11698698044
#【18】750.361327327207
#【19】747.927908499326
#【20】747.927908499326
#【21】730.339582447929
#【22】729.960683572376
#【23】750.361327327207

[BEGIN LOGGING AT 2019-05-30 17:13:39,907]
2019-05-30 17:13:45,506 [5] INFO  CalMotorsShit.FlashLogger : [行号:93   ] [2019-05-30 17:13:45,504]
Up-Num =>0
2019-05-30 17:13:45,527 [5] INFO  CalMotorsShit.FlashLogger : [行号:93   ] [2019-05-30 17:13:45,505]
Bottom-Num =>2607
2019-05-30 17:13:45,527 [5] INFO  CalMotorsShit.FlashLogger : [行号:93   ] [2019-05-30 17:13:45,505]
Right-Num =>0
2019-05-30 17:13:45,528 [5] INFO  CalMotorsShit.FlashLogger : [行号:93   ] [2019-05-30 17:13:45,505]
Left-Num =>0
2019-05-30 17:13:45,690 [5] INFO  CalMotorsShit.FlashLogger : [行号:93   ] [2019-05-30 17:13:45,690]
{X=2801, Y=2305}
2019-05-30 17:13:45,690 [5] INFO  CalMotorsShit.FlashLogger : [行号:93   ] [2019-05-30 17:13:45,690]
{X=2799.729, Y=2305.826}
2019-05-30 17:13:45,690 [5] INFO  CalMotorsShit.FlashLogger : [行号:93   ] [2019-05-30 17:13:45,690]
4.04037286946015
2019-05-30 17:13:45,690 [5] INFO  CalMotorsShit.FlashLogger : [行号:93   ] [2019-05-30 17:13:45,690]
4.04519653320313
2019-05-30 17:13:45,691 [5] INFO  CalMotorsShit.FlashLogger : [行号:93   ] [2019-05-30 17:13:45,690]
#【0】1396.29251730301
#【1】1389.89502728289
#【2】1403.42628491535
#【3】7721.15693778749
#【4】7722.22491181634
#【5】698.439694611462
#【6】698.844399272322
#【7】698.830334406796
#【8】699.130513631971
#【9】699.214403467403
#【10】1397.97545694787
#【11】1402.87231583309
#【12】1393.88092802251
#【13】7721.15693778749
#【14】7722.22491181634
#【15】700.865771339589
#【16】700.732127278594
#【17】699.91863411909
#【18】700.335514965903
#【19】699.357852004569
#【20】699.357852004569
#【21】699.214403467403
#【22】699.130513631971
#【23】700.335514965903

[BEGIN LOGGING AT 2019-05-30 17:13:55,776]
2019-05-30 17:14:03,630 [5] INFO  CalMotorsShit.FlashLogger : [行号:93   ] [2019-05-30 17:14:03,627]
Up-Num =>0
2019-05-30 17:14:03,652 [5] INFO  CalMotorsShit.FlashLogger : [行号:93   ] [2019-05-30 17:14:03,629]
Bottom-Num =>2700
2019-05-30 17:14:03,653 [5] INFO  CalMotorsShit.FlashLogger : [行号:93   ] [2019-05-30 17:14:03,629]
Right-Num =>0
2019-05-30 17:14:03,653 [5] INFO  CalMotorsShit.FlashLogger : [行号:93   ] [2019-05-30 17:14:03,629]
Left-Num =>0
2019-05-30 17:14:03,830 [5] INFO  CalMotorsShit.FlashLogger : [行号:93   ] [2019-05-30 17:14:03,830]
{X=2719, Y=2082}
2019-05-30 17:14:03,831 [5] INFO  CalMotorsShit.FlashLogger : [行号:93   ] [2019-05-30 17:14:03,830]
{X=2722.855, Y=2082.651}
2019-05-30 17:14:03,831 [5] INFO  CalMotorsShit.FlashLogger : [行号:93   ] [2019-05-30 17:14:03,830]
-12.3605053499093
2019-05-30 17:14:03,831 [5] INFO  CalMotorsShit.FlashLogger : [行号:93   ] [2019-05-30 17:14:03,830]
-12.3098287582397
2019-05-30 17:14:03,831 [5] INFO  CalMotorsShit.FlashLogger : [行号:93   ] [2019-05-30 17:14:03,830]
#【0】1477.44218870546
#【1】1478.46622669921
#【2】1475.65822409343
#【3】5415.75811437381
#【4】5416.52087239508
#【5】737.775908909141
#【6】737.692583450741
#【7】737.551757422863
#【8】737.708835672496
#【9】738.087734548049
#【10】1485.07030785073
#【11】1485.29604170284
#【12】1486.1444673615
#【13】5415.75811437381
#【14】5416.52087239508
#【15】740.496963167831
#【16】741.614767070467
#【17】740.369097513384
#【18】742.616519582527
#【19】740.776907388036
#【20】740.776907388036
#【21】738.087734548049
#【22】737.708835672496
#【23】742.616519582527

[BEGIN LOGGING AT 2019-05-30 17:19:27,334]
2019-05-30 17:19:42,074 [5] INFO  CalMotorsShit.FlashLogger : [行号:93   ] [2019-05-30 17:19:42,072]
Up-Num =>0
2019-05-30 17:19:42,098 [5] INFO  CalMotorsShit.FlashLogger : [行号:93   ] [2019-05-30 17:19:42,073]
Bottom-Num =>2608
2019-05-30 17:19:42,098 [5] INFO  CalMotorsShit.FlashLogger : [行号:93   ] [2019-05-30 17:19:42,073]
Right-Num =>0
2019-05-30 17:19:42,098 [5] INFO  CalMotorsShit.FlashLogger : [行号:93   ] [2019-05-30 17:19:42,073]
Left-Num =>0
2019-05-30 17:19:42,259 [5] INFO  CalMotorsShit.FlashLogger : [行号:93   ] [2019-05-30 17:19:42,259]
{X=2879, Y=2410}
2019-05-30 17:19:42,259 [5] INFO  CalMotorsShit.FlashLogger : [行号:93   ] [2019-05-30 17:19:42,259]
{X=2879.926, Y=2409.854}
2019-05-30 17:19:42,259 [5] INFO  CalMotorsShit.FlashLogger : [行号:93   ] [2019-05-30 17:19:42,259]
0.854096149921237
2019-05-30 17:19:42,260 [5] INFO  CalMotorsShit.FlashLogger : [行号:93   ] [2019-05-30 17:19:42,259]
0.877693176269531
2019-05-30 17:19:42,260 [5] INFO  CalMotorsShit.FlashLogger : [行号:93   ] [2019-05-30 17:19:42,259]
#【0】1395.15702977436
#【1】1390.93197907777
#【2】1399.38278990351
#【3】7231.31758262967
#【4】7232.33237776341
#【5】698.347987493361
#【6】699.03523671211
#【7】698.846124173164
#【8】700.969702146636
#【9】701.021420475275
#【10】1394.44900229029
#【11】1400.68680325979
#【12】1389.47365346104
#【13】7231.31758262967
#【14】7232.33237776341
#【15】700.712614130458
#【16】700.758428792661
#【17】699.07225822547
#【18】700.218576414609
#【19】698.111403941119
#【20】698.111403941119
#【21】701.021420475275
#【22】700.969702146636
#【23】700.218576414609

[BEGIN LOGGING AT 2019-05-30 17:24:14,964]
2019-05-30 17:24:23,716 [5] INFO  CalMotorsShit.FlashLogger : [行号:93   ] [2019-05-30 17:24:23,714]
Up-Num =>0
2019-05-30 17:24:23,740 [5] INFO  CalMotorsShit.FlashLogger : [行号:93   ] [2019-05-30 17:24:23,715]
Bottom-Num =>2595
2019-05-30 17:24:23,740 [5] INFO  CalMotorsShit.FlashLogger : [行号:93   ] [2019-05-30 17:24:23,715]
Right-Num =>0
2019-05-30 17:24:23,740 [5] INFO  CalMotorsShit.FlashLogger : [行号:93   ] [2019-05-30 17:24:23,715]
Left-Num =>0
2019-05-30 17:24:23,901 [5] INFO  CalMotorsShit.FlashLogger : [行号:93   ] [2019-05-30 17:24:23,901]
{X=2797, Y=1447}
2019-05-30 17:24:23,901 [5] INFO  CalMotorsShit.FlashLogger : [行号:93   ] [2019-05-30 17:24:23,901]
{X=2795.771, Y=1445.416}
2019-05-30 17:24:23,902 [5] INFO  CalMotorsShit.FlashLogger : [行号:93   ] [2019-05-30 17:24:23,901]
-5.51036218542694
2019-05-30 17:24:23,902 [5] INFO  CalMotorsShit.FlashLogger : [行号:93   ] [2019-05-30 17:24:23,901]
-5.49232387542725
2019-05-30 17:24:23,902 [5] INFO  CalMotorsShit.FlashLogger : [行号:93   ] [2019-05-30 17:24:23,901]
#【0】1395.31136045506
#【1】1401.275161893
#【2】1390.01960967235
#【3】6346.60670287767
#【4】6347.50605595306
#【5】705.130189806947
#【6】703.336923385478
#【7】703.310650776984
#【8】701.380252519867
#【9】701.495456625576
#【10】1393.95535117442
#【11】1391.04137733718
#【12】1399.6996128764
#【13】6346.60670287767
#【14】6347.50605595306
#【15】701.54454574011
#【16】702.352029910255
#【17】700.411026892604
#【18】702.077290233775
#【19】701.410027271205
#【20】701.410027271205
#【21】701.495456625576
#【22】701.380252519867
#【23】702.077290233775

[BEGIN LOGGING AT 2019-05-30 17:52:11,860]
2019-05-30 17:52:21,500 [5] INFO  CalMotorsShit.FlashLogger : [行号:93   ] [2019-05-30 17:52:21,498]
Up-Num =>0
2019-05-30 17:52:21,522 [5] INFO  CalMotorsShit.FlashLogger : [行号:93   ] [2019-05-30 17:52:21,499]
Bottom-Num =>2359
2019-05-30 17:52:21,523 [5] INFO  CalMotorsShit.FlashLogger : [行号:93   ] [2019-05-30 17:52:21,499]
Right-Num =>0
2019-05-30 17:52:21,523 [5] INFO  CalMotorsShit.FlashLogger : [行号:93   ] [2019-05-30 17:52:21,499]
Left-Num =>0
2019-05-30 17:52:21,673 [5] INFO  CalMotorsShit.FlashLogger : [行号:93   ] [2019-05-30 17:52:21,673]
{X=2775, Y=2004}
2019-05-30 17:52:21,673 [5] INFO  CalMotorsShit.FlashLogger : [行号:93   ] [2019-05-30 17:52:21,673]
{X=2773.652, Y=2004.05}
2019-05-30 17:52:21,674 [5] INFO  CalMotorsShit.FlashLogger : [行号:93   ] [2019-05-30 17:52:21,673]
-7.95769098757581
2019-05-30 17:52:21,674 [5] INFO  CalMotorsShit.FlashLogger : [行号:93   ] [2019-05-30 17:52:21,673]
-7.78299427032471
2019-05-30 17:52:21,674 [5] INFO  CalMotorsShit.FlashLogger : [行号:93   ] [2019-05-30 17:52:21,673]
#【0】1351.787888654
#【1】1353.4562939419
#【2】1351.69245801629
#【3】6046.74272457035
#【4】6047.59465332102
#【5】687.086630893464
#【6】686.932927028157
#【7】686.790295819873
#【8】0
#【9】0
#【10】1349.93698987976
#【11】1347.38044799053
#【12】1352.17340896055
#【13】6046.74272457035
#【14】6047.59465332102
#【15】688.944033086326
#【16】691.529310507444
#【17】686.576011372146
#【18】0
#【19】0
#【20】0
#【21】0
#【22】0
#【23】0

[BEGIN LOGGING AT 2019-05-30 17:53:03,507]
2019-05-30 17:53:08,992 [5] INFO  CalMotorsShit.FlashLogger : [行号:93   ] [2019-05-30 17:53:08,989]
Up-Num =>0
2019-05-30 17:53:09,015 [5] INFO  CalMotorsShit.FlashLogger : [行号:93   ] [2019-05-30 17:53:08,990]
Bottom-Num =>2359
2019-05-30 17:53:09,015 [5] INFO  CalMotorsShit.FlashLogger : [行号:93   ] [2019-05-30 17:53:08,990]
Right-Num =>0
2019-05-30 17:53:09,015 [5] INFO  CalMotorsShit.FlashLogger : [行号:93   ] [2019-05-30 17:53:08,990]
Left-Num =>0
2019-05-30 17:53:09,157 [5] INFO  CalMotorsShit.FlashLogger : [行号:93   ] [2019-05-30 17:53:09,157]
{X=2775, Y=2005}
2019-05-30 17:53:09,157 [5] INFO  CalMotorsShit.FlashLogger : [行号:93   ] [2019-05-30 17:53:09,157]
{X=2773.659, Y=2004.001}
2019-05-30 17:53:09,158 [5] INFO  CalMotorsShit.FlashLogger : [行号:93   ] [2019-05-30 17:53:09,157]
-7.9588398299746
2019-05-30 17:53:09,158 [5] INFO  CalMotorsShit.FlashLogger : [行号:93   ] [2019-05-30 17:53:09,157]
-7.76516628265381
2019-05-30 17:53:09,158 [5] INFO  CalMotorsShit.FlashLogger : [行号:93   ] [2019-05-30 17:53:09,157]
#【0】1352.87332847272
#【1】1354.89830835716
#【2】1352.70662160906
#【3】6046.70238977763
#【4】6047.55429589423
#【5】688.85284378045
#【6】688.737871352012
#【7】688.597658918899
#【8】0
#【9】0
#【10】1351.39453468151
#【11】1349.08952388459
#【12】1353.56145371112
#【13】6046.70238977763
#【14】6047.55429589423
#【15】689.009512351422
#【16】691.842610948626
#【17】686.819411745615
#【18】0
#【19】0
#【20】0
#【21】0
#【22】0
#【23】0

