[BEGIN LOGGING AT 2019-06-14 16:07:17,176]
2019-06-14 16:07:19,412 [5] INFO  CalMotorsShit.FlashLogger : [行号:93   ] [2019-06-14 16:07:19,409]
当前图像时右侧-高位相机
2019-06-14 16:08:05,479 [5] INFO  CalMotorsShit.FlashLogger : [行号:93   ] [2019-06-14 16:08:05,479]
Up-Num =>0
2019-06-14 16:08:05,480 [5] INFO  CalMotorsShit.FlashLogger : [行号:93   ] [2019-06-14 16:08:05,479]
Bottom-Num =>2754
2019-06-14 16:08:05,480 [5] INFO  CalMotorsShit.FlashLogger : [行号:93   ] [2019-06-14 16:08:05,479]
Right-Num =>0
2019-06-14 16:08:05,480 [5] INFO  CalMotorsShit.FlashLogger : [行号:93   ] [2019-06-14 16:08:05,479]
Left-Num =>0
2019-06-14 16:08:05,667 [5] INFO  CalMotorsShit.FlashLogger : [行号:93   ] [2019-06-14 16:08:05,667]
X-Y均值计算质心：{X=2699.25, Y=1921.992}
外接矩形中心：{X=2698.762, Y=1922.516}
Hu矩计算质心：{X=2699.022, Y=1921.9}

2019-06-14 16:08:05,667 [5] INFO  CalMotorsShit.FlashLogger : [行号:93   ] [2019-06-14 16:08:05,667]
最小二乘法拟合直线斜率：-0.557915682126223
外接矩形斜率：-0.599933862686157

2019-06-14 16:08:05,667 [5] INFO  CalMotorsShit.FlashLogger : [行号:93   ] [2019-06-14 16:08:05,667]
24电机位移
#【0】1417.12399666575
#【1】1414.31872893941
#【2】1419.66626665517
#【3】0
#【4】0
#【5】628.258666352313
#【6】627.177736463584
#【7】628.00919363714
#【8】625.610742249291
#【9】627.655055935611
#【10】1418.35339336462
#【11】1418.61897902108
#【12】1419.34041552542
#【13】0
#【14】0
#【15】629.515426115224
#【16】629.581232121874
#【17】630.622828606791
#【18】629.278340699082
#【19】631.045399134898
#【20】631.045399134898
#【21】627.655055935611
#【22】625.610742249291
#【23】629.278340699082

[BEGIN LOGGING AT 2019-06-14 16:54:47,753]
2019-06-14 16:54:50,119 [5] INFO  CalMotorsShit.FlashLogger : [行号:93   ] [2019-06-14 16:54:50,117]
当前图像时右侧-高位相机
2019-06-14 16:55:04,832 [5] INFO  CalMotorsShit.FlashLogger : [行号:93   ] [2019-06-14 16:55:04,832]
Up-Num =>0
2019-06-14 16:55:04,833 [5] INFO  CalMotorsShit.FlashLogger : [行号:93   ] [2019-06-14 16:55:04,832]
Bottom-Num =>2754
2019-06-14 16:55:04,833 [5] INFO  CalMotorsShit.FlashLogger : [行号:93   ] [2019-06-14 16:55:04,832]
Right-Num =>0
2019-06-14 16:55:04,833 [5] INFO  CalMotorsShit.FlashLogger : [行号:93   ] [2019-06-14 16:55:04,832]
Left-Num =>0
2019-06-14 16:55:05,023 [5] INFO  CalMotorsShit.FlashLogger : [行号:93   ] [2019-06-14 16:55:05,023]
X-Y均值计算质心：{X=2699.25, Y=1921.992}
外接矩形中心：{X=2698.762, Y=1922.516}
Hu矩计算质心：{X=2699.022, Y=1921.9}

2019-06-14 16:55:05,023 [5] INFO  CalMotorsShit.FlashLogger : [行号:93   ] [2019-06-14 16:55:05,023]
最小二乘法拟合直线斜率：-0.557915682126223
外接矩形斜率：-0.599933862686157

2019-06-14 16:55:05,023 [5] INFO  CalMotorsShit.FlashLogger : [行号:93   ] [2019-06-14 16:55:05,023]
24电机位移
#【0】1417.12399666575
#【1】1414.31872893941
#【2】1419.66626665517
#【3】0
#【4】0
#【5】628.258666352313
#【6】627.177736463584
#【7】628.00919363714
#【8】625.610742249291
#【9】627.655055935611
#【10】1418.35339336462
#【11】1418.61897902108
#【12】1419.34041552542
#【13】0
#【14】0
#【15】629.515426115224
#【16】629.581232121874
#【17】630.622828606791
#【18】629.278340699082
#【19】631.045399134898
#【20】631.045399134898
#【21】627.655055935611
#【22】625.610742249291
#【23】629.278340699082

[BEGIN LOGGING AT 2019-06-14 16:59:44,991]
2019-06-14 16:59:48,100 [5] INFO  CalMotorsShit.FlashLogger : [行号:93   ] [2019-06-14 16:59:48,098]
当前图像时右侧-高位相机
2019-06-14 16:59:54,234 [5] INFO  CalMotorsShit.FlashLogger : [行号:93   ] [2019-06-14 16:59:54,234]
Up-Num =>0
2019-06-14 16:59:54,235 [5] INFO  CalMotorsShit.FlashLogger : [行号:93   ] [2019-06-14 16:59:54,234]
Bottom-Num =>2754
2019-06-14 16:59:54,235 [5] INFO  CalMotorsShit.FlashLogger : [行号:93   ] [2019-06-14 16:59:54,234]
Right-Num =>0
2019-06-14 16:59:54,235 [5] INFO  CalMotorsShit.FlashLogger : [行号:93   ] [2019-06-14 16:59:54,234]
Left-Num =>0
2019-06-14 16:59:54,415 [5] INFO  CalMotorsShit.FlashLogger : [行号:93   ] [2019-06-14 16:59:54,415]
X-Y均值计算质心：{X=2699.25, Y=1921.992}
外接矩形中心：{X=2698.762, Y=1922.516}
Hu矩计算质心：{X=2699.022, Y=1921.9}

2019-06-14 16:59:54,415 [5] INFO  CalMotorsShit.FlashLogger : [行号:93   ] [2019-06-14 16:59:54,415]
最小二乘法拟合直线斜率：-0.557915682126223
外接矩形斜率：-0.599933862686157

2019-06-14 16:59:54,416 [5] INFO  CalMotorsShit.FlashLogger : [行号:93   ] [2019-06-14 16:59:54,415]
24电机位移
#【0】1417.12399666575
#【1】1414.31872893941
#【2】1419.66626665517
#【3】0
#【4】0
#【5】628.258666352313
#【6】627.177736463584
#【7】628.00919363714
#【8】625.610742249291
#【9】627.655055935611
#【10】1418.35339336462
#【11】1418.61897902108
#【12】1419.34041552542
#【13】0
#【14】0
#【15】629.515426115224
#【16】629.581232121874
#【17】630.622828606791
#【18】629.278340699082
#【19】631.045399134898
#【20】631.045399134898
#【21】627.655055935611
#【22】625.610742249291
#【23】629.278340699082

