[BEGIN LOGGING AT 2019-05-29 16:04:48,772]
2019-05-29 16:04:54,154 [5] INFO  CalMotorsShit.FlashLogger : [行号:93   ] [2019-05-29 16:04:54,152]
#【0】1394.21930080852
#【1】1387.21265443572
#【2】1402.21003990167
#【3】7723.75529090321
#【4】7724.82334297595
#【5】698.562691181899
#【6】699.05987791239
#【7】698.924355311873
#【8】699.118555363677
#【9】698.624720753225
#【10】1399.97906571271
#【11】1405.33466556875
#【12】1395.4678711387
#【13】7723.75529090321
#【14】7724.82334297595
#【15】700.734527912705
#【16】700.517855257935
#【17】699.849357073235
#【18】699.940714257971
#【19】699.416679662845
#【20】699.416679662845
#【21】698.624720753225
#【22】699.118555363677
#【23】699.940714257971

[BEGIN LOGGING AT 2019-05-29 21:02:15,575]
2019-05-29 21:02:22,705 [5] INFO  CalMotorsShit.FlashLogger : [行号:93   ] [2019-05-29 21:02:22,702]
#【0】1394.21930080852
#【1】1387.21265443572
#【2】1402.21003990167
#【3】7723.75529090321
#【4】7724.82334297595
#【5】698.562691181899
#【6】699.05987791239
#【7】698.924355311873
#【8】699.118555363677
#【9】698.624720753225
#【10】1399.97906571271
#【11】1405.33466556875
#【12】1395.4678711387
#【13】7723.75529090321
#【14】7724.82334297595
#【15】700.734527912705
#【16】700.517855257935
#【17】699.849357073235
#【18】699.940714257971
#【19】699.416679662845
#【20】699.416679662845
#【21】698.624720753225
#【22】699.118555363677
#【23】699.940714257971

[BEGIN LOGGING AT 2019-05-29 21:09:42,015]
2019-05-29 21:09:48,087 [5] INFO  CalMotorsShit.FlashLogger : [行号:93   ] [2019-05-29 21:09:48,084]
Up-Num =>0
2019-05-29 21:09:48,111 [5] INFO  CalMotorsShit.FlashLogger : [行号:93   ] [2019-05-29 21:09:48,085]
Bottom-Num =>2778
2019-05-29 21:09:48,111 [5] INFO  CalMotorsShit.FlashLogger : [行号:93   ] [2019-05-29 21:09:48,085]
Right-Num =>0
2019-05-29 21:09:48,111 [5] INFO  CalMotorsShit.FlashLogger : [行号:93   ] [2019-05-29 21:09:48,085]
Left-Num =>0
2019-05-29 21:09:48,112 [5] INFO  CalMotorsShit.FlashLogger : [行号:93   ] [2019-05-29 21:09:48,098]
#【0】1394.21930080852
#【1】1387.21265443572
#【2】1402.21003990167
#【3】7723.75529090321
#【4】7724.82334297595
#【5】698.562691181899
#【6】699.05987791239
#【7】698.924355311873
#【8】699.118555363677
#【9】698.624720753225
#【10】1399.97906571271
#【11】1405.33466556875
#【12】1395.4678711387
#【13】7723.75529090321
#【14】7724.82334297595
#【15】700.734527912705
#【16】700.517855257935
#【17】699.849357073235
#【18】699.940714257971
#【19】699.416679662845
#【20】699.416679662845
#【21】698.624720753225
#【22】699.118555363677
#【23】699.940714257971

[BEGIN LOGGING AT 2019-05-29 21:20:18,025]
2019-05-29 21:20:24,415 [5] INFO  CalMotorsShit.FlashLogger : [行号:93   ] [2019-05-29 21:20:24,413]
Up-Num =>0
2019-05-29 21:20:24,437 [5] INFO  CalMotorsShit.FlashLogger : [行号:93   ] [2019-05-29 21:20:24,414]
Bottom-Num =>2778
2019-05-29 21:20:24,438 [5] INFO  CalMotorsShit.FlashLogger : [行号:93   ] [2019-05-29 21:20:24,414]
Right-Num =>0
2019-05-29 21:20:24,438 [5] INFO  CalMotorsShit.FlashLogger : [行号:93   ] [2019-05-29 21:20:24,414]
Left-Num =>0
2019-05-29 21:20:24,449 [5] INFO  CalMotorsShit.FlashLogger : [行号:93   ] [2019-05-29 21:20:24,449]
#【0】1394.21930080852
#【1】1387.21265443572
#【2】1402.21003990167
#【3】7723.75529090321
#【4】7724.82334297595
#【5】698.562691181899
#【6】699.05987791239
#【7】698.924355311873
#【8】699.118555363677
#【9】698.624720753225
#【10】1399.97906571271
#【11】1405.33466556875
#【12】1395.4678711387
#【13】7723.75529090321
#【14】7724.82334297595
#【15】700.734527912705
#【16】700.517855257935
#【17】699.849357073235
#【18】699.940714257971
#【19】699.416679662845
#【20】699.416679662845
#【21】698.624720753225
#【22】699.118555363677
#【23】699.940714257971

[BEGIN LOGGING AT 2019-05-29 21:22:30,833]
2019-05-29 21:22:35,872 [5] INFO  CalMotorsShit.FlashLogger : [行号:93   ] [2019-05-29 21:22:35,869]
Up-Num =>0
2019-05-29 21:22:35,895 [5] INFO  CalMotorsShit.FlashLogger : [行号:93   ] [2019-05-29 21:22:35,871]
Bottom-Num =>2778
2019-05-29 21:22:35,896 [5] INFO  CalMotorsShit.FlashLogger : [行号:93   ] [2019-05-29 21:22:35,871]
Right-Num =>0
2019-05-29 21:22:35,896 [5] INFO  CalMotorsShit.FlashLogger : [行号:93   ] [2019-05-29 21:22:35,871]
Left-Num =>0
2019-05-29 21:22:35,908 [5] INFO  CalMotorsShit.FlashLogger : [行号:93   ] [2019-05-29 21:22:35,908]
#【0】1394.21930080852
#【1】1387.21265443572
#【2】1402.21003990167
#【3】7723.75529090321
#【4】7724.82334297595
#【5】698.562691181899
#【6】699.05987791239
#【7】698.924355311873
#【8】699.118555363677
#【9】698.624720753225
#【10】1399.97906571271
#【11】1405.33466556875
#【12】1395.4678711387
#【13】7723.75529090321
#【14】7724.82334297595
#【15】700.734527912705
#【16】700.517855257935
#【17】699.849357073235
#【18】699.940714257971
#【19】699.416679662845
#【20】699.416679662845
#【21】698.624720753225
#【22】699.118555363677
#【23】699.940714257971

[BEGIN LOGGING AT 2019-05-29 21:27:19,344]
2019-05-29 21:27:23,843 [5] INFO  CalMotorsShit.FlashLogger : [行号:93   ] [2019-05-29 21:27:23,840]
Up-Num =>0
2019-05-29 21:27:23,866 [5] INFO  CalMotorsShit.FlashLogger : [行号:93   ] [2019-05-29 21:27:23,842]
Bottom-Num =>2778
2019-05-29 21:27:23,866 [5] INFO  CalMotorsShit.FlashLogger : [行号:93   ] [2019-05-29 21:27:23,842]
Right-Num =>0
2019-05-29 21:27:23,867 [5] INFO  CalMotorsShit.FlashLogger : [行号:93   ] [2019-05-29 21:27:23,842]
Left-Num =>0
2019-05-29 21:27:24,059 [5] INFO  CalMotorsShit.FlashLogger : [行号:93   ] [2019-05-29 21:27:24,059]
#【0】1394.21930080852
#【1】1387.21265443572
#【2】1402.21003990167
#【3】7723.75529090321
#【4】7724.82334297595
#【5】698.562691181899
#【6】699.05987791239
#【7】698.924355311873
#【8】699.118555363677
#【9】698.624720753225
#【10】1399.97906571271
#【11】1405.33466556875
#【12】1395.4678711387
#【13】7723.75529090321
#【14】7724.82334297595
#【15】700.734527912705
#【16】700.517855257935
#【17】699.849357073235
#【18】699.940714257971
#【19】699.416679662845
#【20】699.416679662845
#【21】698.624720753225
#【22】699.118555363677
#【23】699.940714257971

