[BEGIN LOGGING AT 2019-05-31 14:22:17,596]
2019-05-31 14:22:40,050 [5] INFO  CalMotorsShit.FlashLogger : [行号:93   ] [2019-05-31 14:22:40,047]
Up-Num =>0
2019-05-31 14:22:40,161 [5] INFO  CalMotorsShit.FlashLogger : [行号:93   ] [2019-05-31 14:22:40,049]
Bottom-Num =>2668
2019-05-31 14:22:40,161 [5] INFO  CalMotorsShit.FlashLogger : [行号:93   ] [2019-05-31 14:22:40,049]
Right-Num =>0
2019-05-31 14:22:40,161 [5] INFO  CalMotorsShit.FlashLogger : [行号:93   ] [2019-05-31 14:22:40,049]
Left-Num =>0
2019-05-31 14:22:40,247 [5] INFO  CalMotorsShit.FlashLogger : [行号:93   ] [2019-05-31 14:22:40,247]
{X=2563, Y=1948}
2019-05-31 14:22:40,247 [5] INFO  CalMotorsShit.FlashLogger : [行号:93   ] [2019-05-31 14:22:40,247]
{X=2559.319, Y=1951.505}
2019-05-31 14:22:40,248 [5] INFO  CalMotorsShit.FlashLogger : [行号:93   ] [2019-05-31 14:22:40,247]
1.03014021075743
2019-05-31 14:22:40,248 [5] INFO  CalMotorsShit.FlashLogger : [行号:93   ] [2019-05-31 14:22:40,247]
1.028076171875
2019-05-31 14:22:40,248 [5] INFO  CalMotorsShit.FlashLogger : [行号:93   ] [2019-05-31 14:22:40,247]
#【0】1423.18351162245
#【1】1415.19974477162
#【2】1432.04042500032
#【3】7578.52420276239
#【4】7579.54201950823
#【5】729.84642989898
#【6】730.197571454266
#【7】730.050513368053
#【8】732.104015259478
#【9】732.461526748264
#【10】1428.4743356227
#【11】1426.90599195288
#【12】1429.19920503021
#【13】7578.52420276239
#【14】7579.54201950823
#【15】737.827807677937
#【16】734.846642392045
#【17】739.902474471284
#【18】732.054475277793
#【19】740.369217832444
#【20】740.369217832444
#【21】732.461526748264
#【22】732.104015259478
#【23】732.054475277793

[BEGIN LOGGING AT 2019-05-31 15:31:43,691]
2019-05-31 15:31:54,719 [5] INFO  CalMotorsShit.FlashLogger : [行号:93   ] [2019-05-31 15:31:54,717]
Up-Num =>0
2019-05-31 15:31:54,744 [5] INFO  CalMotorsShit.FlashLogger : [行号:93   ] [2019-05-31 15:31:54,718]
Bottom-Num =>2629
2019-05-31 15:31:54,744 [5] INFO  CalMotorsShit.FlashLogger : [行号:93   ] [2019-05-31 15:31:54,718]
Right-Num =>0
2019-05-31 15:31:54,744 [5] INFO  CalMotorsShit.FlashLogger : [行号:93   ] [2019-05-31 15:31:54,718]
Left-Num =>0
2019-05-31 15:31:54,918 [5] INFO  CalMotorsShit.FlashLogger : [行号:93   ] [2019-05-31 15:31:54,918]
{X=2846.669, Y=1360.525}
2019-05-31 15:31:54,919 [5] INFO  CalMotorsShit.FlashLogger : [行号:93   ] [2019-05-31 15:31:54,918]
{X=2847.499, Y=1361.018}
2019-05-31 15:31:54,919 [5] INFO  CalMotorsShit.FlashLogger : [行号:93   ] [2019-05-31 15:31:54,918]
-3.33608435093944
2019-05-31 15:31:54,919 [5] INFO  CalMotorsShit.FlashLogger : [行号:93   ] [2019-05-31 15:31:54,918]
-3.33244681358337
2019-05-31 15:31:54,919 [5] INFO  CalMotorsShit.FlashLogger : [行号:93   ] [2019-05-31 15:31:54,918]
#【0】1413.07335416159
#【1】1413.71051291459
#【2】1413.65875857545
#【3】6637.21089537071
#【4】6638.15100797412
#【5】704.914844254055
#【6】705.43335551956
#【7】705.324051153546
#【8】706.03157813057
#【9】706.351855637861
#【10】1414.34286419379
#【11】1413.41385984825
#【12】1416.19380747586
#【13】6637.21089537071
#【14】6638.15100797412
#【15】708.242385303231
#【16】707.753678991834
#【17】707.554202143929
#【18】707.818889597167
#【19】707.190311903523
#【20】707.190311903523
#【21】706.351855637861
#【22】706.03157813057
#【23】707.818889597167

[BEGIN LOGGING AT 2019-05-31 15:36:38,815]
2019-05-31 15:36:47,473 [5] INFO  CalMotorsShit.FlashLogger : [行号:93   ] [2019-05-31 15:36:47,471]
Up-Num =>0
2019-05-31 15:36:47,497 [5] INFO  CalMotorsShit.FlashLogger : [行号:93   ] [2019-05-31 15:36:47,472]
Bottom-Num =>2715
2019-05-31 15:36:47,498 [5] INFO  CalMotorsShit.FlashLogger : [行号:93   ] [2019-05-31 15:36:47,472]
Right-Num =>0
2019-05-31 15:36:47,498 [5] INFO  CalMotorsShit.FlashLogger : [行号:93   ] [2019-05-31 15:36:47,472]
Left-Num =>0
2019-05-31 15:36:47,680 [5] INFO  CalMotorsShit.FlashLogger : [行号:93   ] [2019-05-31 15:36:47,680]
{X=2852.138, Y=1362.008}
2019-05-31 15:36:47,681 [5] INFO  CalMotorsShit.FlashLogger : [行号:93   ] [2019-05-31 15:36:47,680]
{X=2847.501, Y=1361.02}
2019-05-31 15:36:47,681 [5] INFO  CalMotorsShit.FlashLogger : [行号:93   ] [2019-05-31 15:36:47,680]
-3.33570755033981
2019-05-31 15:36:47,681 [5] INFO  CalMotorsShit.FlashLogger : [行号:93   ] [2019-05-31 15:36:47,680]
-3.33223676681519
2019-05-31 15:36:47,682 [5] INFO  CalMotorsShit.FlashLogger : [行号:93   ] [2019-05-31 15:36:47,680]
#【0】1418.07617854072
#【1】1419.50635744785
#【2】1417.94113919572
#【3】6631.3968809712
#【4】6632.33700052256
#【5】707.26057964032
#【6】707.767332260369
#【7】707.664536399698
#【8】708.385525356671
#【9】708.689380163207
#【10】1406.62848262639
#【11】1407.56865799157
#【12】1409.50010302448
#【13】6631.3968809712
#【14】6632.33700052256
#【15】705.870788766574
#【16】704.698730943929
#【17】704.404203917924
#【18】705.400720766435
#【19】704.79915462009
#【20】704.79915462009
#【21】708.689380163207
#【22】708.385525356671
#【23】705.400720766435

