[BEGIN LOGGING AT 2019-06-12 16:11:17,257]
2019-06-12 16:11:18,341 [5] INFO  CalMotorsShit.FlashLogger : [行号:93   ] [2019-06-12 16:11:18,339]
当前图像时前侧-低位相机
[BEGIN LOGGING AT 2019-06-12 16:12:07,123]
2019-06-12 16:12:08,576 [5] INFO  CalMotorsShit.FlashLogger : [行号:93   ] [2019-06-12 16:12:08,574]
当前图像时前侧-低位相机
[BEGIN LOGGING AT 2019-06-12 16:13:43,411]
2019-06-12 16:13:44,824 [5] INFO  CalMotorsShit.FlashLogger : [行号:93   ] [2019-06-12 16:13:44,822]
当前图像时前侧-低位相机
[BEGIN LOGGING AT 2019-06-12 16:14:03,628]
2019-06-12 16:14:04,661 [5] INFO  CalMotorsShit.FlashLogger : [行号:93   ] [2019-06-12 16:14:04,658]
当前图像时前侧-低位相机
[BEGIN LOGGING AT 2019-06-12 16:18:29,570]
2019-06-12 16:18:30,436 [5] INFO  CalMotorsShit.FlashLogger : [行号:93   ] [2019-06-12 16:18:30,434]
当前图像时前侧-低位相机
[BEGIN LOGGING AT 2019-06-12 16:19:56,527]
2019-06-12 16:19:57,552 [5] INFO  CalMotorsShit.FlashLogger : [行号:93   ] [2019-06-12 16:19:57,549]
当前图像时前侧-低位相机
[BEGIN LOGGING AT 2019-06-12 16:22:07,371]
2019-06-12 16:22:08,107 [5] INFO  CalMotorsShit.FlashLogger : [行号:93   ] [2019-06-12 16:22:08,104]
当前图像时前侧-低位相机
[BEGIN LOGGING AT 2019-06-12 16:22:43,289]
2019-06-12 16:22:44,855 [5] INFO  CalMotorsShit.FlashLogger : [行号:93   ] [2019-06-12 16:22:44,852]
当前图像时前侧-低位相机
2019-06-12 16:23:05,047 [5] INFO  CalMotorsShit.FlashLogger : [行号:93   ] [2019-06-12 16:23:05,047]
Up-Num =>0
2019-06-12 16:23:05,048 [5] INFO  CalMotorsShit.FlashLogger : [行号:93   ] [2019-06-12 16:23:05,047]
Bottom-Num =>2754
2019-06-12 16:23:05,048 [5] INFO  CalMotorsShit.FlashLogger : [行号:93   ] [2019-06-12 16:23:05,047]
Right-Num =>0
2019-06-12 16:23:05,048 [5] INFO  CalMotorsShit.FlashLogger : [行号:93   ] [2019-06-12 16:23:05,047]
Left-Num =>0
2019-06-12 16:23:05,427 [5] INFO  CalMotorsShit.FlashLogger : [行号:93   ] [2019-06-12 16:23:05,427]
X-Y均值计算质心：{X=2687.391, Y=1604.212}
外接矩形中心：{X=2671.3, Y=1613.653}
Hu矩计算质心：{X=2688.358, Y=1607.555}

2019-06-12 16:23:05,427 [5] INFO  CalMotorsShit.FlashLogger : [行号:93   ] [2019-06-12 16:23:05,427]
最小二乘法拟合直线斜率：1.32536643125391
外接矩形斜率：1.34357452392578

2019-06-12 16:23:05,428 [5] INFO  CalMotorsShit.FlashLogger : [行号:93   ] [2019-06-12 16:23:05,427]
24电机位移
#【0】1548.27783176087
#【1】1533.83545978867
#【2】1564.76822984802
#【3】1522.42068525895
#【4】1580.64675307967
#【5】1479.76285036285
#【6】1481.02458170734
#【7】1479.89044167593
#【8】1482.18110837383
#【9】1481.52131313544
#【10】1550.44880466882
#【11】1548.70451005161
#【12】1552.11495985557
#【13】1546.53893413271
#【14】1554.24604050213
#【15】1494.99048948124
#【16】1494.95905863356
#【17】1494.49924173811
#【18】1496.26098570688
#【19】1494.82444269131
#【20】1494.82444269131
#【21】1481.52131313544
#【22】1482.18110837383
#【23】1496.26098570688

