[BEGIN LOGGING AT 2019-06-20 10:54:42,598]
2019-06-20 10:54:44,888 [5] INFO  CalMotorsShit.FlashLogger : [行号:93   ] [2019-06-20 10:54:44,885]
当前图像时右侧-高位相机
2019-06-20 10:54:51,129 [5] INFO  CalMotorsShit.FlashLogger : [行号:93   ] [2019-06-20 10:54:51,129]
Up-Num =>0
2019-06-20 10:54:51,129 [5] INFO  CalMotorsShit.FlashLogger : [行号:93   ] [2019-06-20 10:54:51,129]
Bottom-Num =>2754
2019-06-20 10:54:51,130 [5] INFO  CalMotorsShit.FlashLogger : [行号:93   ] [2019-06-20 10:54:51,129]
Right-Num =>0
2019-06-20 10:54:51,130 [5] INFO  CalMotorsShit.FlashLogger : [行号:93   ] [2019-06-20 10:54:51,129]
Left-Num =>0
2019-06-20 10:54:51,656 [5] INFO  CalMotorsShit.FlashLogger : [行号:93   ] [2019-06-20 10:54:51,656]
X-Y均值计算质心：{X=2592.071, Y=2140.931}
外接矩形中心：{X=2588.384, Y=2146.065}
Hu矩计算质心：{X=2592.079, Y=2140.767}

2019-06-20 10:54:51,700 [5] INFO  CalMotorsShit.FlashLogger : [行号:93   ] [2019-06-20 10:54:51,656]
最小二乘法拟合直线斜率：0.589820600434049
外接矩形斜率：0.584274291992188

2019-06-20 10:54:51,700 [5] INFO  CalMotorsShit.FlashLogger : [行号:93   ] [2019-06-20 10:54:51,656]
24电机位移
#【0】1424.28764098759
#【1】1421.10384790671
#【2】1429.07884851278
#【3】1422.82603827087
#【4】1431.37092629383
#【5】1267.06795963326
#【6】1265.99757855504
#【7】1265.89504049025
#【8】1265.57611782499
#【9】1266.18032250376
#【10】1421.99993644088
#【11】1424.60818537275
#【12】1420.33205199833
#【13】1424.13720060753
#【14】1421.29428147227
#【15】1267.08441278577
#【16】1273.25352691674
#【17】1264.21199767145
#【18】1277.62325350587
#【19】1263.32299269191
#【20】1263.32299269191
#【21】1266.18032250376
#【22】1265.57611782499
#【23】1277.62325350587

[BEGIN LOGGING AT 2019-06-20 10:59:25,681]
2019-06-20 10:59:27,370 [5] INFO  CalMotorsShit.FlashLogger : [行号:93   ] [2019-06-20 10:59:27,368]
当前图像时右侧-高位相机
2019-06-20 10:59:32,434 [5] INFO  CalMotorsShit.FlashLogger : [行号:93   ] [2019-06-20 10:59:32,434]
Up-Num =>0
2019-06-20 10:59:32,435 [5] INFO  CalMotorsShit.FlashLogger : [行号:93   ] [2019-06-20 10:59:32,434]
Bottom-Num =>2754
2019-06-20 10:59:32,435 [5] INFO  CalMotorsShit.FlashLogger : [行号:93   ] [2019-06-20 10:59:32,434]
Right-Num =>0
2019-06-20 10:59:32,435 [5] INFO  CalMotorsShit.FlashLogger : [行号:93   ] [2019-06-20 10:59:32,434]
Left-Num =>0
2019-06-20 10:59:33,115 [5] INFO  CalMotorsShit.FlashLogger : [行号:93   ] [2019-06-20 10:59:33,115]
X-Y均值计算质心：{X=2592.071, Y=2140.931}
外接矩形中心：{X=2588.384, Y=2146.065}
Hu矩计算质心：{X=2592.079, Y=2140.767}

2019-06-20 10:59:33,116 [5] INFO  CalMotorsShit.FlashLogger : [行号:93   ] [2019-06-20 10:59:33,115]
最小二乘法拟合直线斜率：0.589820600434049
外接矩形斜率：0.584274291992188

2019-06-20 10:59:33,116 [5] INFO  CalMotorsShit.FlashLogger : [行号:93   ] [2019-06-20 10:59:33,115]
24电机位移
#【0】1424.28764098759
#【1】1421.10384790671
#【2】1429.07884851278
#【3】1422.82603827087
#【4】1431.37092629383
#【5】1267.06795963326
#【6】1265.99757855504
#【7】1265.89504049025
#【8】1265.57611782499
#【9】1266.18032250376
#【10】1421.99993644088
#【11】1424.60818537275
#【12】1420.33205199833
#【13】1424.13720060753
#【14】1421.29428147227
#【15】1267.08441278577
#【16】1273.25352691674
#【17】1264.21199767145
#【18】1277.62325350587
#【19】1263.32299269191
#【20】1263.32299269191
#【21】1266.18032250376
#【22】1265.57611782499
#【23】1277.62325350587

[BEGIN LOGGING AT 2019-06-20 11:00:50,316]
2019-06-20 11:00:52,982 [5] INFO  CalMotorsShit.FlashLogger : [行号:93   ] [2019-06-20 11:00:52,972]
当前图像时右侧-高位相机
2019-06-20 11:00:59,549 [5] INFO  CalMotorsShit.FlashLogger : [行号:93   ] [2019-06-20 11:00:59,549]
Up-Num =>0
2019-06-20 11:00:59,549 [5] INFO  CalMotorsShit.FlashLogger : [行号:93   ] [2019-06-20 11:00:59,549]
Bottom-Num =>2754
2019-06-20 11:00:59,549 [5] INFO  CalMotorsShit.FlashLogger : [行号:93   ] [2019-06-20 11:00:59,549]
Right-Num =>0
2019-06-20 11:00:59,550 [5] INFO  CalMotorsShit.FlashLogger : [行号:93   ] [2019-06-20 11:00:59,549]
Left-Num =>0
2019-06-20 11:01:00,530 [5] INFO  CalMotorsShit.FlashLogger : [行号:93   ] [2019-06-20 11:01:00,530]
X-Y均值计算质心：{X=2592.071, Y=2140.931}
外接矩形中心：{X=2588.384, Y=2146.065}
Hu矩计算质心：{X=2592.079, Y=2140.767}

2019-06-20 11:01:00,530 [5] INFO  CalMotorsShit.FlashLogger : [行号:93   ] [2019-06-20 11:01:00,530]
最小二乘法拟合直线斜率：0.589820600434049
外接矩形斜率：0.584274291992188

2019-06-20 11:01:00,530 [5] INFO  CalMotorsShit.FlashLogger : [行号:93   ] [2019-06-20 11:01:00,530]
24电机位移
#【0】1424.28764098759
#【1】1421.10384790671
#【2】1429.07884851278
#【3】1422.82603827087
#【4】1431.37092629383
#【5】1267.06795963326
#【6】1265.99757855504
#【7】1265.89504049025
#【8】1265.57611782499
#【9】1266.18032250376
#【10】1421.99993644088
#【11】1424.60818537275
#【12】1420.33205199833
#【13】1424.13720060753
#【14】1421.29428147227
#【15】1267.08441278577
#【16】1273.25352691674
#【17】1264.21199767145
#【18】1277.62325350587
#【19】1263.32299269191
#【20】1263.32299269191
#【21】1266.18032250376
#【22】1265.57611782499
#【23】1277.62325350587

[BEGIN LOGGING AT 2019-06-20 11:04:08,043]
2019-06-20 11:04:10,054 [5] INFO  CalMotorsShit.FlashLogger : [行号:93   ] [2019-06-20 11:04:10,051]
当前图像时右侧-高位相机
2019-06-20 11:04:14,771 [5] INFO  CalMotorsShit.FlashLogger : [行号:93   ] [2019-06-20 11:04:14,771]
Up-Num =>0
2019-06-20 11:04:14,772 [5] INFO  CalMotorsShit.FlashLogger : [行号:93   ] [2019-06-20 11:04:14,771]
Bottom-Num =>2754
2019-06-20 11:04:14,772 [5] INFO  CalMotorsShit.FlashLogger : [行号:93   ] [2019-06-20 11:04:14,771]
Right-Num =>0
2019-06-20 11:04:14,772 [5] INFO  CalMotorsShit.FlashLogger : [行号:93   ] [2019-06-20 11:04:14,771]
Left-Num =>0
2019-06-20 11:04:15,503 [5] INFO  CalMotorsShit.FlashLogger : [行号:93   ] [2019-06-20 11:04:15,503]
X-Y均值计算质心：{X=2592.071, Y=2140.931}
外接矩形中心：{X=2588.384, Y=2146.065}
Hu矩计算质心：{X=2592.079, Y=2140.767}

2019-06-20 11:04:15,504 [5] INFO  CalMotorsShit.FlashLogger : [行号:93   ] [2019-06-20 11:04:15,503]
最小二乘法拟合直线斜率：0.589820600434049
外接矩形斜率：0.584274291992188

2019-06-20 11:04:15,504 [5] INFO  CalMotorsShit.FlashLogger : [行号:93   ] [2019-06-20 11:04:15,503]
24电机位移
#【0】1424.28764098759
#【1】1421.10384790671
#【2】1429.07884851278
#【3】1422.82603827087
#【4】1431.37092629383
#【5】1267.06795963326
#【6】1265.99757855504
#【7】1265.89504049025
#【8】1265.57611782499
#【9】1266.18032250376
#【10】1421.99993644088
#【11】1424.60818537275
#【12】1420.33205199833
#【13】1424.13720060753
#【14】1421.29428147227
#【15】1267.08441278577
#【16】1273.25352691674
#【17】1264.21199767145
#【18】1277.62325350587
#【19】1263.32299269191
#【20】1263.32299269191
#【21】1266.18032250376
#【22】1265.57611782499
#【23】1277.62325350587

[BEGIN LOGGING AT 2019-06-20 11:07:07,393]
2019-06-20 11:07:09,447 [5] INFO  CalMotorsShit.FlashLogger : [行号:93   ] [2019-06-20 11:07:09,447]
当前图像时右侧-高位相机
2019-06-20 11:07:14,415 [5] INFO  CalMotorsShit.FlashLogger : [行号:93   ] [2019-06-20 11:07:14,415]
Up-Num =>0
2019-06-20 11:07:14,416 [5] INFO  CalMotorsShit.FlashLogger : [行号:93   ] [2019-06-20 11:07:14,415]
Bottom-Num =>2754
2019-06-20 11:07:14,416 [5] INFO  CalMotorsShit.FlashLogger : [行号:93   ] [2019-06-20 11:07:14,415]
Right-Num =>0
2019-06-20 11:07:14,416 [5] INFO  CalMotorsShit.FlashLogger : [行号:93   ] [2019-06-20 11:07:14,415]
Left-Num =>0
2019-06-20 11:07:15,309 [5] INFO  CalMotorsShit.FlashLogger : [行号:93   ] [2019-06-20 11:07:15,309]
X-Y均值计算质心：{X=2592.071, Y=2140.931}
外接矩形中心：{X=2588.384, Y=2146.065}
Hu矩计算质心：{X=2592.079, Y=2140.767}

2019-06-20 11:07:15,309 [5] INFO  CalMotorsShit.FlashLogger : [行号:93   ] [2019-06-20 11:07:15,309]
最小二乘法拟合直线斜率：0.589820600434049
外接矩形斜率：0.584274291992188

2019-06-20 11:07:15,309 [5] INFO  CalMotorsShit.FlashLogger : [行号:93   ] [2019-06-20 11:07:15,309]
24电机位移
#【0】1424.28764098759
#【1】1421.10384790671
#【2】1429.07884851278
#【3】1422.82603827087
#【4】1431.37092629383
#【5】1267.06795963326
#【6】1265.99757855504
#【7】1265.89504049025
#【8】1265.57611782499
#【9】1266.18032250376
#【10】1421.99993644088
#【11】1424.60818537275
#【12】1420.33205199833
#【13】1424.13720060753
#【14】1421.29428147227
#【15】1267.08441278577
#【16】1273.25352691674
#【17】1264.21199767145
#【18】1277.62325350587
#【19】1263.32299269191
#【20】1263.32299269191
#【21】1266.18032250376
#【22】1265.57611782499
#【23】1277.62325350587

[BEGIN LOGGING AT 2019-06-20 11:15:26,734]
2019-06-20 11:15:28,605 [5] INFO  CalMotorsShit.FlashLogger : [行号:93   ] [2019-06-20 11:15:28,602]
当前图像时右侧-高位相机
2019-06-20 11:15:45,689 [5] INFO  CalMotorsShit.FlashLogger : [行号:93   ] [2019-06-20 11:15:45,689]
Up-Num =>0
2019-06-20 11:15:45,689 [5] INFO  CalMotorsShit.FlashLogger : [行号:93   ] [2019-06-20 11:15:45,689]
Bottom-Num =>2754
2019-06-20 11:15:45,690 [5] INFO  CalMotorsShit.FlashLogger : [行号:93   ] [2019-06-20 11:15:45,689]
Right-Num =>0
2019-06-20 11:15:45,690 [5] INFO  CalMotorsShit.FlashLogger : [行号:93   ] [2019-06-20 11:15:45,689]
Left-Num =>0
2019-06-20 11:15:46,647 [5] INFO  CalMotorsShit.FlashLogger : [行号:93   ] [2019-06-20 11:15:46,647]
X-Y均值计算质心：{X=2722.493, Y=2055.488}
外接矩形中心：{X=2725.999, Y=2054.539}
Hu矩计算质心：{X=2722.302, Y=2055.876}

2019-06-20 11:15:46,647 [5] INFO  CalMotorsShit.FlashLogger : [行号:93   ] [2019-06-20 11:15:46,647]
最小二乘法拟合直线斜率：0.879031027393708
外接矩形斜率：0.731910705566406

2019-06-20 11:15:46,647 [5] INFO  CalMotorsShit.FlashLogger : [行号:93   ] [2019-06-20 11:15:46,647]
24电机位移
#【0】1422.44698277595
#【1】1421.67650797646
#【2】1421.57850829925
#【3】1421.28198839445
#【4】1421.87668775001
#【5】1269.56303347113
#【6】1268.56341985984
#【7】1271.76979473422
#【8】1269.32700463595
#【9】1275.90484512639
#【10】1422.64069608817
#【11】1421.64879971752
#【12】1425.42674990807
#【13】1422.82123613427
#【14】1428.56722125005
#【15】1272.31598937045
#【16】1273.43687124938
#【17】1272.85565090367
#【18】1274.94738818249
#【19】1275.71155595365
#【20】1275.71155595365
#【21】1275.90484512639
#【22】1269.32700463595
#【23】1274.94738818249

[BEGIN LOGGING AT 2019-06-20 11:17:13,120]
2019-06-20 11:17:15,210 [5] INFO  CalMotorsShit.FlashLogger : [行号:93   ] [2019-06-20 11:17:15,210]
当前图像时右侧-高位相机
2019-06-20 11:17:41,360 [5] INFO  CalMotorsShit.FlashLogger : [行号:93   ] [2019-06-20 11:17:41,360]
Up-Num =>0
2019-06-20 11:17:41,360 [5] INFO  CalMotorsShit.FlashLogger : [行号:93   ] [2019-06-20 11:17:41,360]
Bottom-Num =>2754
2019-06-20 11:17:41,360 [5] INFO  CalMotorsShit.FlashLogger : [行号:93   ] [2019-06-20 11:17:41,360]
Right-Num =>0
2019-06-20 11:17:41,360 [5] INFO  CalMotorsShit.FlashLogger : [行号:93   ] [2019-06-20 11:17:41,360]
Left-Num =>0
2019-06-20 11:17:42,379 [5] INFO  CalMotorsShit.FlashLogger : [行号:93   ] [2019-06-20 11:17:42,379]
X-Y均值计算质心：{X=2743.02, Y=2051.645}
外接矩形中心：{X=2735.163, Y=2052.06}
Hu矩计算质心：{X=2742.074, Y=2051.655}

2019-06-20 11:17:42,379 [5] INFO  CalMotorsShit.FlashLogger : [行号:93   ] [2019-06-20 11:17:42,379]
最小二乘法拟合直线斜率：-0.67099851936418
外接矩形斜率：-0.282541185617447

2019-06-20 11:17:42,379 [5] INFO  CalMotorsShit.FlashLogger : [行号:93   ] [2019-06-20 11:17:42,379]
24电机位移
#【0】1454.73958766344
#【1】1450.95414146362
#【2】1466.71754599898
#【3】0
#【4】0
#【5】1373.41417665257
#【6】1377.04396447682
#【7】1368.16937422355
#【8】1376.80051127872
#【9】1360.1741447969
#【10】1441.94544207706
#【11】1437.47616229592
#【12】1446.78664689231
#【13】1441.8346451453
#【14】1455.11523680355
#【15】1377.3803438352
#【16】1378.64849239911
#【17】1377.47010753991
#【18】1380.84418460806
#【19】1380.14749780478
#【20】1380.14749780478
#【21】1360.1741447969
#【22】1376.80051127872
#【23】1380.84418460806

[BEGIN LOGGING AT 2019-06-20 11:18:07,780]
2019-06-20 11:18:10,184 [5] INFO  CalMotorsShit.FlashLogger : [行号:93   ] [2019-06-20 11:18:10,184]
当前图像时右侧-高位相机
[BEGIN LOGGING AT 2019-06-20 11:18:23,900]
2019-06-20 11:18:25,606 [5] INFO  CalMotorsShit.FlashLogger : [行号:93   ] [2019-06-20 11:18:25,606]
当前图像时右侧-高位相机
2019-06-20 11:18:35,236 [5] INFO  CalMotorsShit.FlashLogger : [行号:93   ] [2019-06-20 11:18:35,236]
Up-Num =>0
2019-06-20 11:18:35,236 [5] INFO  CalMotorsShit.FlashLogger : [行号:93   ] [2019-06-20 11:18:35,236]
Bottom-Num =>2693
2019-06-20 11:18:35,236 [5] INFO  CalMotorsShit.FlashLogger : [行号:93   ] [2019-06-20 11:18:35,236]
Right-Num =>0
2019-06-20 11:18:35,236 [5] INFO  CalMotorsShit.FlashLogger : [行号:93   ] [2019-06-20 11:18:35,236]
Left-Num =>0
2019-06-20 11:18:35,720 [5] INFO  CalMotorsShit.FlashLogger : [行号:93   ] [2019-06-20 11:18:35,720]
X-Y均值计算质心：{X=2850.322, Y=1896.122}
外接矩形中心：{X=2850.062, Y=1896.246}
Hu矩计算质心：{X=2849.836, Y=1896.107}

2019-06-20 11:18:35,720 [5] INFO  CalMotorsShit.FlashLogger : [行号:93   ] [2019-06-20 11:18:35,720]
最小二乘法拟合直线斜率：-0.405601180879228
外接矩形斜率：-0.368062049150467

2019-06-20 11:18:35,720 [5] INFO  CalMotorsShit.FlashLogger : [行号:93   ] [2019-06-20 11:18:35,720]
24电机位移
#【0】1363.48984479102
#【1】1362.36101878244
#【2】1364.66284734264
#【3】0
#【4】0
#【5】690.634240800207
#【6】691.168531602859
#【7】690.338130663586
#【8】690.848478968737
#【9】689.137772191334
#【10】1363.4069196728
#【11】1363.95589351839
#【12】1365.2404114251
#【13】0
#【14】0
#【15】691.382847437172
#【16】691.567243149897
#【17】691.011242017117
#【18】691.544146522224
#【19】689.894922626983
#【20】689.894922626983
#【21】689.137772191334
#【22】690.848478968737
#【23】691.544146522224

[BEGIN LOGGING AT 2019-06-20 11:19:32,195]
2019-06-20 11:19:33,777 [5] INFO  CalMotorsShit.FlashLogger : [行号:93   ] [2019-06-20 11:19:33,777]
当前图像时右侧-高位相机
2019-06-20 11:19:56,263 [5] INFO  CalMotorsShit.FlashLogger : [行号:93   ] [2019-06-20 11:19:56,263]
Up-Num =>0
2019-06-20 11:19:56,264 [5] INFO  CalMotorsShit.FlashLogger : [行号:93   ] [2019-06-20 11:19:56,263]
Bottom-Num =>2754
2019-06-20 11:19:56,264 [5] INFO  CalMotorsShit.FlashLogger : [行号:93   ] [2019-06-20 11:19:56,263]
Right-Num =>0
2019-06-20 11:19:56,264 [5] INFO  CalMotorsShit.FlashLogger : [行号:93   ] [2019-06-20 11:19:56,263]
Left-Num =>0
2019-06-20 11:19:57,112 [5] INFO  CalMotorsShit.FlashLogger : [行号:93   ] [2019-06-20 11:19:57,112]
X-Y均值计算质心：{X=2743.02, Y=2051.645}
外接矩形中心：{X=2735.163, Y=2052.06}
Hu矩计算质心：{X=2742.074, Y=2051.655}

2019-06-20 11:19:57,113 [5] INFO  CalMotorsShit.FlashLogger : [行号:93   ] [2019-06-20 11:19:57,112]
最小二乘法拟合直线斜率：-0.67099851936418
外接矩形斜率：-0.282541185617447

2019-06-20 11:19:57,113 [5] INFO  CalMotorsShit.FlashLogger : [行号:93   ] [2019-06-20 11:19:57,112]
24电机位移
#【0】1454.73958766344
#【1】1450.95414146362
#【2】1466.71754599898
#【3】0
#【4】0
#【5】1373.41417665257
#【6】1377.04396447682
#【7】1368.16937422355
#【8】1376.80051127872
#【9】1360.1741447969
#【10】1441.94544207706
#【11】1437.47616229592
#【12】1446.78664689231
#【13】1441.8346451453
#【14】1455.11523680355
#【15】1377.3803438352
#【16】1378.64849239911
#【17】1377.47010753991
#【18】1380.84418460806
#【19】1380.14749780478
#【20】1380.14749780478
#【21】1360.1741447969
#【22】1376.80051127872
#【23】1380.84418460806

[BEGIN LOGGING AT 2019-06-20 11:20:24,087]
2019-06-20 11:20:26,113 [5] INFO  CalMotorsShit.FlashLogger : [行号:93   ] [2019-06-20 11:20:26,113]
当前图像时右侧-高位相机
2019-06-20 11:20:33,599 [5] INFO  CalMotorsShit.FlashLogger : [行号:93   ] [2019-06-20 11:20:33,599]
Up-Num =>0
2019-06-20 11:20:33,599 [5] INFO  CalMotorsShit.FlashLogger : [行号:93   ] [2019-06-20 11:20:33,599]
Bottom-Num =>2754
2019-06-20 11:20:33,599 [5] INFO  CalMotorsShit.FlashLogger : [行号:93   ] [2019-06-20 11:20:33,599]
Right-Num =>0
2019-06-20 11:20:33,599 [5] INFO  CalMotorsShit.FlashLogger : [行号:93   ] [2019-06-20 11:20:33,599]
Left-Num =>0
2019-06-20 11:20:34,601 [5] INFO  CalMotorsShit.FlashLogger : [行号:93   ] [2019-06-20 11:20:34,601]
X-Y均值计算质心：{X=2719.241, Y=2041.257}
外接矩形中心：{X=2720.706, Y=2045.672}
Hu矩计算质心：{X=2719.693, Y=2045.252}

2019-06-20 11:20:34,601 [5] INFO  CalMotorsShit.FlashLogger : [行号:93   ] [2019-06-20 11:20:34,601]
最小二乘法拟合直线斜率：0.265901519158973
外接矩形斜率：0.273155212402344

2019-06-20 11:20:34,601 [5] INFO  CalMotorsShit.FlashLogger : [行号:93   ] [2019-06-20 11:20:34,601]
24电机位移
#【0】1452.00874111782
#【1】1463.17097522079
#【2】1459.59296165809
#【3】1469.98392663512
#【4】1467.53598759415
#【5】1361.11358075608
#【6】1365.4855944473
#【7】1364.33399888254
#【8】1361.04558809019
#【9】1363.65894503626
#【10】1459.07062464877
#【11】1453.49226062039
#【12】1463.60938482277
#【13】1456.29160162251
#【14】1469.8577633733
#【15】1367.37314317002
#【16】1370.88620175108
#【17】1361.23261037616
#【18】1372.10428837417
#【19】1358.10971864702
#【20】1358.10971864702
#【21】1363.65894503626
#【22】1361.04558809019
#【23】1372.10428837417

[BEGIN LOGGING AT 2019-06-20 11:20:53,800]
2019-06-20 11:20:55,506 [5] INFO  CalMotorsShit.FlashLogger : [行号:93   ] [2019-06-20 11:20:55,506]
当前图像时右侧-高位相机
2019-06-20 11:21:10,484 [5] INFO  CalMotorsShit.FlashLogger : [行号:93   ] [2019-06-20 11:21:10,484]
Up-Num =>0
2019-06-20 11:21:10,485 [5] INFO  CalMotorsShit.FlashLogger : [行号:93   ] [2019-06-20 11:21:10,484]
Bottom-Num =>2754
2019-06-20 11:21:10,485 [5] INFO  CalMotorsShit.FlashLogger : [行号:93   ] [2019-06-20 11:21:10,484]
Right-Num =>0
2019-06-20 11:21:10,486 [5] INFO  CalMotorsShit.FlashLogger : [行号:93   ] [2019-06-20 11:21:10,484]
Left-Num =>0
2019-06-20 11:21:11,289 [5] INFO  CalMotorsShit.FlashLogger : [行号:93   ] [2019-06-20 11:21:11,289]
X-Y均值计算质心：{X=2592.071, Y=2140.931}
外接矩形中心：{X=2588.384, Y=2146.065}
Hu矩计算质心：{X=2592.079, Y=2140.767}

2019-06-20 11:21:11,289 [5] INFO  CalMotorsShit.FlashLogger : [行号:93   ] [2019-06-20 11:21:11,289]
最小二乘法拟合直线斜率：0.589820600434049
外接矩形斜率：0.584274291992188

2019-06-20 11:21:11,290 [5] INFO  CalMotorsShit.FlashLogger : [行号:93   ] [2019-06-20 11:21:11,289]
24电机位移
#【0】1424.28764098759
#【1】1421.10384790671
#【2】1429.07884851278
#【3】1422.82603827087
#【4】1431.37092629383
#【5】1267.06795963326
#【6】1265.99757855504
#【7】1265.89504049025
#【8】1265.57611782499
#【9】1266.18032250376
#【10】1421.99993644088
#【11】1424.60818537275
#【12】1420.33205199833
#【13】1424.13720060753
#【14】1421.29428147227
#【15】1267.08441278577
#【16】1273.25352691674
#【17】1264.21199767145
#【18】1277.62325350587
#【19】1263.32299269191
#【20】1263.32299269191
#【21】1266.18032250376
#【22】1265.57611782499
#【23】1277.62325350587

[BEGIN LOGGING AT 2019-06-20 14:13:20,853]
2019-06-20 14:13:23,204 [5] INFO  CalMotorsShit.FlashLogger : [行号:93   ] [2019-06-20 14:13:23,204]
当前图像时右侧-高位相机
2019-06-20 14:13:44,867 [5] INFO  CalMotorsShit.FlashLogger : [行号:93   ] [2019-06-20 14:13:44,867]
Up-Num =>0
2019-06-20 14:13:44,867 [5] INFO  CalMotorsShit.FlashLogger : [行号:93   ] [2019-06-20 14:13:44,867]
Bottom-Num =>2754
2019-06-20 14:13:44,867 [5] INFO  CalMotorsShit.FlashLogger : [行号:93   ] [2019-06-20 14:13:44,867]
Right-Num =>0
2019-06-20 14:13:44,867 [5] INFO  CalMotorsShit.FlashLogger : [行号:93   ] [2019-06-20 14:13:44,867]
Left-Num =>0
2019-06-20 14:13:45,414 [5] INFO  CalMotorsShit.FlashLogger : [行号:93   ] [2019-06-20 14:13:45,414]
X-Y均值计算质心：{X=2595.934, Y=2185.975}
外接矩形中心：{X=2598.401, Y=2181.949}
Hu矩计算质心：{X=2595.946, Y=2186.575}

2019-06-20 14:13:45,414 [5] INFO  CalMotorsShit.FlashLogger : [行号:93   ] [2019-06-20 14:13:45,414]
最小二乘法拟合直线斜率：-0.183335393352969
外接矩形斜率：-0.535914301872253

2019-06-20 14:13:45,414 [5] INFO  CalMotorsShit.FlashLogger : [行号:93   ] [2019-06-20 14:13:45,414]
24电机位移
#【0】1416.61733529669
#【1】1414.83852328551
#【2】1420.57414668622
#【3】1416.01280689673
#【4】1423.77004301965
#【5】1266.36392869326
#【6】1262.6796116104
#【7】1272.19497607239
#【8】1262.31458472959
#【9】1276.36040718343
#【10】1420.67207330503
#【11】1425.42927784842
#【12】1416.6984876665
#【13】1430.09265978909
#【14】1418.60332886321
#【15】1269.48775709679
#【16】1269.95031176126
#【17】1265.37278438952
#【18】1269.99248205105
#【19】1265.16502407503
#【20】1265.16502407503
#【21】1276.36040718343
#【22】1262.31458472959
#【23】1269.99248205105

[BEGIN LOGGING AT 2019-06-20 14:15:54,802]
2019-06-20 14:15:57,322 [5] INFO  CalMotorsShit.FlashLogger : [行号:93   ] [2019-06-20 14:15:57,322]
当前图像时右侧-高位相机
[BEGIN LOGGING AT 2019-06-20 14:21:33,214]
2019-06-20 14:21:35,769 [5] INFO  CalMotorsShit.FlashLogger : [行号:93   ] [2019-06-20 14:21:35,769]
当前图像时右侧-高位相机
2019-06-20 14:21:48,882 [5] INFO  CalMotorsShit.FlashLogger : [行号:93   ] [2019-06-20 14:21:48,882]
Up-Num =>0
2019-06-20 14:21:48,882 [5] INFO  CalMotorsShit.FlashLogger : [行号:93   ] [2019-06-20 14:21:48,882]
Bottom-Num =>2754
2019-06-20 14:21:48,882 [5] INFO  CalMotorsShit.FlashLogger : [行号:93   ] [2019-06-20 14:21:48,882]
Right-Num =>0
2019-06-20 14:21:48,882 [5] INFO  CalMotorsShit.FlashLogger : [行号:93   ] [2019-06-20 14:21:48,882]
Left-Num =>0
2019-06-20 14:21:49,442 [5] INFO  CalMotorsShit.FlashLogger : [行号:93   ] [2019-06-20 14:21:49,442]
X-Y均值计算质心：{X=2595.934, Y=2185.975}
外接矩形中心：{X=2598.401, Y=2181.949}
Hu矩计算质心：{X=2595.946, Y=2186.575}

2019-06-20 14:21:49,442 [5] INFO  CalMotorsShit.FlashLogger : [行号:93   ] [2019-06-20 14:21:49,442]
最小二乘法拟合直线斜率：-0.183335393352969
外接矩形斜率：-0.535914301872253

2019-06-20 14:21:49,442 [5] INFO  CalMotorsShit.FlashLogger : [行号:93   ] [2019-06-20 14:21:49,442]
24电机位移
#【0】1416.61733529669
#【1】1414.83852328551
#【2】1420.57414668622
#【3】1416.01280689673
#【4】1423.77004301965
#【5】1266.36392869326
#【6】1262.6796116104
#【7】1272.19497607239
#【8】1262.31458472959
#【9】1276.36040718343
#【10】1420.67207330503
#【11】1425.42927784842
#【12】1416.6984876665
#【13】1430.09265978909
#【14】1418.60332886321
#【15】1269.48775709679
#【16】1269.95031176126
#【17】1265.37278438952
#【18】1269.99248205105
#【19】1265.16502407503
#【20】1265.16502407503
#【21】1276.36040718343
#【22】1262.31458472959
#【23】1269.99248205105

